2003.02.26 14:35 B d:\DATA\pages\teaching\csci5931webSecurity\proJavaSecurityCode\Chapter10\com\isnetworks\crypto\rsa\RSAKeyPairGenerator.java --> sce.uhcl.edu /yang/pages/teaching/csci5931webSecurity/proJavaSecurityCode/Chapter10/com/isnetworks/crypto/rsa RSAKeyPairGenerator.java
2003.02.26 14:35 B d:\DATA\pages\teaching\csci5931webSecurity\proJavaSecurityCode\Chapter10\com\isnetworks\crypto\rsa\RSAKeyPairGenerator.class --> sce.uhcl.edu /yang/pages/teaching/csci5931webSecurity/proJavaSecurityCode/Chapter10/com/isnetworks/crypto/rsa RSAKeyPairGenerator.class
2003.02.26 14:35 B d:\DATA\pages\teaching\csci5931webSecurity\proJavaSecurityCode\Chapter10\com\isnetworks\crypto\rsa\Util.class --> sce.uhcl.edu /yang/pages/teaching/csci5931webSecurity/proJavaSecurityCode/Chapter10/com/isnetworks/crypto/rsa Util.class
2003.02.26 14:35 B d:\DATA\pages\teaching\csci5931webSecurity\proJavaSecurityCode\Chapter10\com\isnetworks\crypto\rsa\SHA1WithRSASignature.class --> sce.uhcl.edu /yang/pages/teaching/csci5931webSecurity/proJavaSecurityCode/Chapter10/com/isnetworks/crypto/rsa SHA1WithRSASignature.class
2003.02.26 14:35 B d:\DATA\pages\teaching\csci5931webSecurity\proJavaSecurityCode\Chapter10\com\isnetworks\crypto\rsa\RSASignature.class --> sce.uhcl.edu /yang/pages/teaching/csci5931webSecurity/proJavaSecurityCode/Chapter10/com/isnetworks/crypto/rsa RSASignature.class
2003.02.26 14:35 B d:\DATA\pages\teaching\csci5931webSecurity\proJavaSecurityCode\Chapter10\com\isnetworks\crypto\rsa\RSAPublicKeyImpl.class --> sce.uhcl.edu /yang/pages/teaching/csci5931webSecurity/proJavaSecurityCode/Chapter10/com/isnetworks/crypto/rsa RSAPublicKeyImpl.class
2003.02.26 14:35 B d:\DATA\pages\teaching\csci5931webSecurity\proJavaSecurityCode\Chapter10\com\isnetworks\crypto\rsa\RSAPrivateKeyImpl.class --> sce.uhcl.edu /yang/pages/teaching/csci5931webSecurity/proJavaSecurityCode/Chapter10/com/isnetworks/crypto/rsa RSAPrivateKeyImpl.class
2003.02.26 14:35 B d:\DATA\pages\teaching\csci5931webSecurity\proJavaSecurityCode\Chapter10\com\isnetworks\crypto\rsa\RSAPrivateCrtKeyImpl.class --> sce.uhcl.edu /yang/pages/teaching/csci5931webSecurity/proJavaSecurityCode/Chapter10/com/isnetworks/crypto/rsa RSAPrivateCrtKeyImpl.class
2003.02.26 14:35 B d:\DATA\pages\teaching\csci5931webSecurity\proJavaSecurityCode\Chapter10\com\isnetworks\crypto\rsa\RSACipher.class --> sce.uhcl.edu /yang/pages/teaching/csci5931webSecurity/proJavaSecurityCode/Chapter10/com/isnetworks/crypto/rsa RSACipher.class
2003.02.26 14:35 B d:\DATA\pages\teaching\csci5931webSecurity\proJavaSecurityCode\Chapter10\com\isnetworks\crypto\rsa\RSA.class --> sce.uhcl.edu /yang/pages/teaching/csci5931webSecurity/proJavaSecurityCode/Chapter10/com/isnetworks/crypto/rsa RSA.class
2003.02.26 14:35 B d:\DATA\pages\teaching\csci5931webSecurity\proJavaSecurityCode\Chapter10\com\isnetworks\crypto\rsa\PKCS1SignaturePadding.class --> sce.uhcl.edu /yang/pages/teaching/csci5931webSecurity/proJavaSecurityCode/Chapter10/com/isnetworks/crypto/rsa PKCS1SignaturePadding.class
2003.02.26 14:35 B d:\DATA\pages\teaching\csci5931webSecurity\proJavaSecurityCode\Chapter10\com\isnetworks\crypto\rsa\PKCS1Padding.class --> sce.uhcl.edu /yang/pages/teaching/csci5931webSecurity/proJavaSecurityCode/Chapter10/com/isnetworks/crypto/rsa PKCS1Padding.class
2003.02.26 14:35 B d:\DATA\pages\teaching\csci5931webSecurity\proJavaSecurityCode\Chapter10\com\isnetworks\crypto\rsa\OAEPPadding.class --> sce.uhcl.edu /yang/pages/teaching/csci5931webSecurity/proJavaSecurityCode/Chapter10/com/isnetworks/crypto/rsa OAEPPadding.class
2003.02.26 14:35 B d:\DATA\pages\teaching\csci5931webSecurity\proJavaSecurityCode\Chapter10\com\isnetworks\crypto\rsa\MGF.class --> sce.uhcl.edu /yang/pages/teaching/csci5931webSecurity/proJavaSecurityCode/Chapter10/com/isnetworks/crypto/rsa MGF.class
2003.02.26 14:35 B d:\DATA\pages\teaching\csci5931webSecurity\proJavaSecurityCode\Chapter10\com\isnetworks\crypto\rsa\MD5WithRSASignature.class --> sce.uhcl.edu /yang/pages/teaching/csci5931webSecurity/proJavaSecurityCode/Chapter10/com/isnetworks/crypto/rsa MD5WithRSASignature.class
2003.02.26 14:35 B d:\DATA\pages\teaching\csci5931webSecurity\proJavaSecurityCode\Chapter10\com\isnetworks\crypto\rsa\Util.java --> sce.uhcl.edu /yang/pages/teaching/csci5931webSecurity/proJavaSecurityCode/Chapter10/com/isnetworks/crypto/rsa Util.java
2003.02.26 14:35 B d:\DATA\pages\teaching\csci5931webSecurity\proJavaSecurityCode\Chapter10\com\isnetworks\crypto\rsa\SHA1WithRSASignature.java --> sce.uhcl.edu /yang/pages/teaching/csci5931webSecurity/proJavaSecurityCode/Chapter10/com/isnetworks/crypto/rsa SHA1WithRSASignature.java
2003.02.26 14:35 B d:\DATA\pages\teaching\csci5931webSecurity\proJavaSecurityCode\Chapter10\com\isnetworks\crypto\rsa\RSASignature.java --> sce.uhcl.edu /yang/pages/teaching/csci5931webSecurity/proJavaSecurityCode/Chapter10/com/isnetworks/crypto/rsa RSASignature.java
2003.02.26 14:35 B d:\DATA\pages\teaching\csci5931webSecurity\proJavaSecurityCode\Chapter10\com\isnetworks\crypto\rsa\RSAPublicKeyImpl.java --> sce.uhcl.edu /yang/pages/teaching/csci5931webSecurity/proJavaSecurityCode/Chapter10/com/isnetworks/crypto/rsa RSAPublicKeyImpl.java
2003.02.26 14:35 B d:\DATA\pages\teaching\csci5931webSecurity\proJavaSecurityCode\Chapter10\com\isnetworks\crypto\rsa\RSAPrivateKeyImpl.java --> sce.uhcl.edu /yang/pages/teaching/csci5931webSecurity/proJavaSecurityCode/Chapter10/com/isnetworks/crypto/rsa RSAPrivateKeyImpl.java
2003.02.26 14:35 B d:\DATA\pages\teaching\csci5931webSecurity\proJavaSecurityCode\Chapter10\com\isnetworks\crypto\rsa\RSAPrivateCrtKeyImpl.java --> sce.uhcl.edu /yang/pages/teaching/csci5931webSecurity/proJavaSecurityCode/Chapter10/com/isnetworks/crypto/rsa RSAPrivateCrtKeyImpl.java
2003.02.26 14:35 B d:\DATA\pages\teaching\csci5931webSecurity\proJavaSecurityCode\Chapter10\com\isnetworks\crypto\rsa\RSACipher.java --> sce.uhcl.edu /yang/pages/teaching/csci5931webSecurity/proJavaSecurityCode/Chapter10/com/isnetworks/crypto/rsa RSACipher.java
2003.02.26 14:35 B d:\DATA\pages\teaching\csci5931webSecurity\proJavaSecurityCode\Chapter10\com\isnetworks\crypto\rsa\RSA.java --> sce.uhcl.edu /yang/pages/teaching/csci5931webSecurity/proJavaSecurityCode/Chapter10/com/isnetworks/crypto/rsa RSA.java
2003.02.26 14:35 B d:\DATA\pages\teaching\csci5931webSecurity\proJavaSecurityCode\Chapter10\com\isnetworks\crypto\rsa\PKCS1SignaturePadding.java --> sce.uhcl.edu /yang/pages/teaching/csci5931webSecurity/proJavaSecurityCode/Chapter10/com/isnetworks/crypto/rsa PKCS1SignaturePadding.java
2003.02.26 14:35 B d:\DATA\pages\teaching\csci5931webSecurity\proJavaSecurityCode\Chapter10\com\isnetworks\crypto\rsa\PKCS1Padding.java --> sce.uhcl.edu /yang/pages/teaching/csci5931webSecurity/proJavaSecurityCode/Chapter10/com/isnetworks/crypto/rsa PKCS1Padding.java
2003.02.26 14:35 B d:\DATA\pages\teaching\csci5931webSecurity\proJavaSecurityCode\Chapter10\com\isnetworks\crypto\rsa\OAEPPadding.java --> sce.uhcl.edu /yang/pages/teaching/csci5931webSecurity/proJavaSecurityCode/Chapter10/com/isnetworks/crypto/rsa OAEPPadding.java
2003.02.26 14:35 B d:\DATA\pages\teaching\csci5931webSecurity\proJavaSecurityCode\Chapter10\com\isnetworks\crypto\rsa\MGF.java --> sce.uhcl.edu /yang/pages/teaching/csci5931webSecurity/proJavaSecurityCode/Chapter10/com/isnetworks/crypto/rsa MGF.java
2003.02.26 14:35 B d:\DATA\pages\teaching\csci5931webSecurity\proJavaSecurityCode\Chapter10\com\isnetworks\crypto\rsa\MD5WithRSASignature.java --> sce.uhcl.edu /yang/pages/teaching/csci5931webSecurity/proJavaSecurityCode/Chapter10/com/isnetworks/crypto/rsa MD5WithRSASignature.java
2003.09.08 12:25 B D:\Data\pages\teaching\proJavaSecurityCode\Chapter10\com\isnetworks\crypto\rsa\MD5WithRSASignature.class --> dcm.uhcl.edu /yang/proJavaSecurityCode/Chapter10/com/isnetworks/crypto/rsa MD5WithRSASignature.class
2003.09.08 12:25 B D:\Data\pages\teaching\proJavaSecurityCode\Chapter10\com\isnetworks\crypto\rsa\MD5WithRSASignature.java --> dcm.uhcl.edu /yang/proJavaSecurityCode/Chapter10/com/isnetworks/crypto/rsa MD5WithRSASignature.java
2003.09.08 12:25 B D:\Data\pages\teaching\proJavaSecurityCode\Chapter10\com\isnetworks\crypto\rsa\MGF.class --> dcm.uhcl.edu /yang/proJavaSecurityCode/Chapter10/com/isnetworks/crypto/rsa MGF.class
2003.09.08 12:25 B D:\Data\pages\teaching\proJavaSecurityCode\Chapter10\com\isnetworks\crypto\rsa\MGF.java --> dcm.uhcl.edu /yang/proJavaSecurityCode/Chapter10/com/isnetworks/crypto/rsa MGF.java
2003.09.08 12:25 B D:\Data\pages\teaching\proJavaSecurityCode\Chapter10\com\isnetworks\crypto\rsa\OAEPPadding.class --> dcm.uhcl.edu /yang/proJavaSecurityCode/Chapter10/com/isnetworks/crypto/rsa OAEPPadding.class
2003.09.08 12:25 B D:\Data\pages\teaching\proJavaSecurityCode\Chapter10\com\isnetworks\crypto\rsa\OAEPPadding.java --> dcm.uhcl.edu /yang/proJavaSecurityCode/Chapter10/com/isnetworks/crypto/rsa OAEPPadding.java
2003.09.08 12:25 B D:\Data\pages\teaching\proJavaSecurityCode\Chapter10\com\isnetworks\crypto\rsa\PKCS1Padding.class --> dcm.uhcl.edu /yang/proJavaSecurityCode/Chapter10/com/isnetworks/crypto/rsa PKCS1Padding.class
2003.09.08 12:25 B D:\Data\pages\teaching\proJavaSecurityCode\Chapter10\com\isnetworks\crypto\rsa\PKCS1Padding.java --> dcm.uhcl.edu /yang/proJavaSecurityCode/Chapter10/com/isnetworks/crypto/rsa PKCS1Padding.java
2003.09.08 12:25 B D:\Data\pages\teaching\proJavaSecurityCode\Chapter10\com\isnetworks\crypto\rsa\PKCS1SignaturePadding.class --> dcm.uhcl.edu /yang/proJavaSecurityCode/Chapter10/com/isnetworks/crypto/rsa PKCS1SignaturePadding.class
2003.09.08 12:25 B D:\Data\pages\teaching\proJavaSecurityCode\Chapter10\com\isnetworks\crypto\rsa\PKCS1SignaturePadding.java --> dcm.uhcl.edu /yang/proJavaSecurityCode/Chapter10/com/isnetworks/crypto/rsa PKCS1SignaturePadding.java
2003.09.08 12:25 B D:\Data\pages\teaching\proJavaSecurityCode\Chapter10\com\isnetworks\crypto\rsa\RSA.class --> dcm.uhcl.edu /yang/proJavaSecurityCode/Chapter10/com/isnetworks/crypto/rsa RSA.class
2003.09.08 12:25 B D:\Data\pages\teaching\proJavaSecurityCode\Chapter10\com\isnetworks\crypto\rsa\RSA.java --> dcm.uhcl.edu /yang/proJavaSecurityCode/Chapter10/com/isnetworks/crypto/rsa RSA.java
2003.09.08 12:25 B D:\Data\pages\teaching\proJavaSecurityCode\Chapter10\com\isnetworks\crypto\rsa\RSACipher.class --> dcm.uhcl.edu /yang/proJavaSecurityCode/Chapter10/com/isnetworks/crypto/rsa RSACipher.class
2003.09.08 12:25 B D:\Data\pages\teaching\proJavaSecurityCode\Chapter10\com\isnetworks\crypto\rsa\RSACipher.java --> dcm.uhcl.edu /yang/proJavaSecurityCode/Chapter10/com/isnetworks/crypto/rsa RSACipher.java
2003.09.08 12:25 B D:\Data\pages\teaching\proJavaSecurityCode\Chapter10\com\isnetworks\crypto\rsa\RSAKeyPairGenerator.class --> dcm.uhcl.edu /yang/proJavaSecurityCode/Chapter10/com/isnetworks/crypto/rsa RSAKeyPairGenerator.class
2003.09.08 12:25 B D:\Data\pages\teaching\proJavaSecurityCode\Chapter10\com\isnetworks\crypto\rsa\RSAKeyPairGenerator.java --> dcm.uhcl.edu /yang/proJavaSecurityCode/Chapter10/com/isnetworks/crypto/rsa RSAKeyPairGenerator.java
2003.09.08 12:25 B D:\Data\pages\teaching\proJavaSecurityCode\Chapter10\com\isnetworks\crypto\rsa\RSAPrivateCrtKeyImpl.class --> dcm.uhcl.edu /yang/proJavaSecurityCode/Chapter10/com/isnetworks/crypto/rsa RSAPrivateCrtKeyImpl.class
2003.09.08 12:25 B D:\Data\pages\teaching\proJavaSecurityCode\Chapter10\com\isnetworks\crypto\rsa\RSAPrivateCrtKeyImpl.java --> dcm.uhcl.edu /yang/proJavaSecurityCode/Chapter10/com/isnetworks/crypto/rsa RSAPrivateCrtKeyImpl.java
2003.09.08 12:25 B D:\Data\pages\teaching\proJavaSecurityCode\Chapter10\com\isnetworks\crypto\rsa\RSAPrivateKeyImpl.class --> dcm.uhcl.edu /yang/proJavaSecurityCode/Chapter10/com/isnetworks/crypto/rsa RSAPrivateKeyImpl.class
2003.09.08 12:25 B D:\Data\pages\teaching\proJavaSecurityCode\Chapter10\com\isnetworks\crypto\rsa\RSAPrivateKeyImpl.java --> dcm.uhcl.edu /yang/proJavaSecurityCode/Chapter10/com/isnetworks/crypto/rsa RSAPrivateKeyImpl.java
2003.09.08 12:25 B D:\Data\pages\teaching\proJavaSecurityCode\Chapter10\com\isnetworks\crypto\rsa\RSAPublicKeyImpl.class --> dcm.uhcl.edu /yang/proJavaSecurityCode/Chapter10/com/isnetworks/crypto/rsa RSAPublicKeyImpl.class
2003.09.08 12:25 B D:\Data\pages\teaching\proJavaSecurityCode\Chapter10\com\isnetworks\crypto\rsa\RSAPublicKeyImpl.java --> dcm.uhcl.edu /yang/proJavaSecurityCode/Chapter10/com/isnetworks/crypto/rsa RSAPublicKeyImpl.java
2003.09.08 12:25 B D:\Data\pages\teaching\proJavaSecurityCode\Chapter10\com\isnetworks\crypto\rsa\RSASignature.class --> dcm.uhcl.edu /yang/proJavaSecurityCode/Chapter10/com/isnetworks/crypto/rsa RSASignature.class
2003.09.08 12:25 B D:\Data\pages\teaching\proJavaSecurityCode\Chapter10\com\isnetworks\crypto\rsa\RSASignature.java --> dcm.uhcl.edu /yang/proJavaSecurityCode/Chapter10/com/isnetworks/crypto/rsa RSASignature.java
2003.09.08 12:25 B D:\Data\pages\teaching\proJavaSecurityCode\Chapter10\com\isnetworks\crypto\rsa\SHA1WithRSASignature.class --> dcm.uhcl.edu /yang/proJavaSecurityCode/Chapter10/com/isnetworks/crypto/rsa SHA1WithRSASignature.class
2003.09.08 12:25 B D:\Data\pages\teaching\proJavaSecurityCode\Chapter10\com\isnetworks\crypto\rsa\SHA1WithRSASignature.java --> dcm.uhcl.edu /yang/proJavaSecurityCode/Chapter10/com/isnetworks/crypto/rsa SHA1WithRSASignature.java
2003.09.08 12:25 B D:\Data\pages\teaching\proJavaSecurityCode\Chapter10\com\isnetworks\crypto\rsa\Util.class --> dcm.uhcl.edu /yang/proJavaSecurityCode/Chapter10/com/isnetworks/crypto/rsa Util.class
2003.09.08 12:25 B D:\Data\pages\teaching\proJavaSecurityCode\Chapter10\com\isnetworks\crypto\rsa\Util.java --> dcm.uhcl.edu /yang/proJavaSecurityCode/Chapter10/com/isnetworks/crypto/rsa Util.java
2003.09.08 12:25 B D:\Data\pages\teaching\proJavaSecurityCode\Chapter10\com\isnetworks\crypto\rsa\WS_FTP.LOG --> dcm.uhcl.edu /yang/proJavaSecurityCode/Chapter10/com/isnetworks/crypto/rsa WS_FTP.LOG
2003.09.08 12:43 B D:\Data\pages\teaching\proJavaSecurityCode\Chapter10\com\isnetworks\crypto\rsa\MD5WithRSASignature.class --> nas.uhcl.edu /yang/pages/teaching/proJavaSecurityCode/Chapter10/com/isnetworks/crypto/rsa MD5WithRSASignature.class
2003.09.08 12:43 B D:\Data\pages\teaching\proJavaSecurityCode\Chapter10\com\isnetworks\crypto\rsa\MD5WithRSASignature.java --> nas.uhcl.edu /yang/pages/teaching/proJavaSecurityCode/Chapter10/com/isnetworks/crypto/rsa MD5WithRSASignature.java
2003.09.08 12:43 B D:\Data\pages\teaching\proJavaSecurityCode\Chapter10\com\isnetworks\crypto\rsa\MGF.class --> nas.uhcl.edu /yang/pages/teaching/proJavaSecurityCode/Chapter10/com/isnetworks/crypto/rsa MGF.class
2003.09.08 12:43 B D:\Data\pages\teaching\proJavaSecurityCode\Chapter10\com\isnetworks\crypto\rsa\MGF.java --> nas.uhcl.edu /yang/pages/teaching/proJavaSecurityCode/Chapter10/com/isnetworks/crypto/rsa MGF.java
2003.09.08 12:43 B D:\Data\pages\teaching\proJavaSecurityCode\Chapter10\com\isnetworks\crypto\rsa\OAEPPadding.class --> nas.uhcl.edu /yang/pages/teaching/proJavaSecurityCode/Chapter10/com/isnetworks/crypto/rsa OAEPPadding.class
2003.09.08 12:43 B D:\Data\pages\teaching\proJavaSecurityCode\Chapter10\com\isnetworks\crypto\rsa\OAEPPadding.java --> nas.uhcl.edu /yang/pages/teaching/proJavaSecurityCode/Chapter10/com/isnetworks/crypto/rsa OAEPPadding.java
2003.09.08 12:43 B D:\Data\pages\teaching\proJavaSecurityCode\Chapter10\com\isnetworks\crypto\rsa\PKCS1Padding.class --> nas.uhcl.edu /yang/pages/teaching/proJavaSecurityCode/Chapter10/com/isnetworks/crypto/rsa PKCS1Padding.class
2003.09.08 12:43 B D:\Data\pages\teaching\proJavaSecurityCode\Chapter10\com\isnetworks\crypto\rsa\PKCS1Padding.java --> nas.uhcl.edu /yang/pages/teaching/proJavaSecurityCode/Chapter10/com/isnetworks/crypto/rsa PKCS1Padding.java
2003.09.08 12:43 B D:\Data\pages\teaching\proJavaSecurityCode\Chapter10\com\isnetworks\crypto\rsa\PKCS1SignaturePadding.class --> nas.uhcl.edu /yang/pages/teaching/proJavaSecurityCode/Chapter10/com/isnetworks/crypto/rsa PKCS1SignaturePadding.class
2003.09.08 12:43 B D:\Data\pages\teaching\proJavaSecurityCode\Chapter10\com\isnetworks\crypto\rsa\PKCS1SignaturePadding.java --> nas.uhcl.edu /yang/pages/teaching/proJavaSecurityCode/Chapter10/com/isnetworks/crypto/rsa PKCS1SignaturePadding.java
2003.09.08 12:43 B D:\Data\pages\teaching\proJavaSecurityCode\Chapter10\com\isnetworks\crypto\rsa\RSA.class --> nas.uhcl.edu /yang/pages/teaching/proJavaSecurityCode/Chapter10/com/isnetworks/crypto/rsa RSA.class
2003.09.08 12:43 B D:\Data\pages\teaching\proJavaSecurityCode\Chapter10\com\isnetworks\crypto\rsa\RSA.java --> nas.uhcl.edu /yang/pages/teaching/proJavaSecurityCode/Chapter10/com/isnetworks/crypto/rsa RSA.java
2003.09.08 12:43 B D:\Data\pages\teaching\proJavaSecurityCode\Chapter10\com\isnetworks\crypto\rsa\RSACipher.class --> nas.uhcl.edu /yang/pages/teaching/proJavaSecurityCode/Chapter10/com/isnetworks/crypto/rsa RSACipher.class
2003.09.08 12:43 B D:\Data\pages\teaching\proJavaSecurityCode\Chapter10\com\isnetworks\crypto\rsa\RSACipher.java --> nas.uhcl.edu /yang/pages/teaching/proJavaSecurityCode/Chapter10/com/isnetworks/crypto/rsa RSACipher.java
2003.09.08 12:43 B D:\Data\pages\teaching\proJavaSecurityCode\Chapter10\com\isnetworks\crypto\rsa\RSAKeyPairGenerator.class --> nas.uhcl.edu /yang/pages/teaching/proJavaSecurityCode/Chapter10/com/isnetworks/crypto/rsa RSAKeyPairGenerator.class
2003.09.08 12:43 B D:\Data\pages\teaching\proJavaSecurityCode\Chapter10\com\isnetworks\crypto\rsa\RSAKeyPairGenerator.java --> nas.uhcl.edu /yang/pages/teaching/proJavaSecurityCode/Chapter10/com/isnetworks/crypto/rsa RSAKeyPairGenerator.java
2003.09.08 12:43 B D:\Data\pages\teaching\proJavaSecurityCode\Chapter10\com\isnetworks\crypto\rsa\RSAPrivateCrtKeyImpl.class --> nas.uhcl.edu /yang/pages/teaching/proJavaSecurityCode/Chapter10/com/isnetworks/crypto/rsa RSAPrivateCrtKeyImpl.class
2003.09.08 12:43 B D:\Data\pages\teaching\proJavaSecurityCode\Chapter10\com\isnetworks\crypto\rsa\RSAPrivateCrtKeyImpl.java --> nas.uhcl.edu /yang/pages/teaching/proJavaSecurityCode/Chapter10/com/isnetworks/crypto/rsa RSAPrivateCrtKeyImpl.java
2003.09.08 12:43 B D:\Data\pages\teaching\proJavaSecurityCode\Chapter10\com\isnetworks\crypto\rsa\RSAPrivateKeyImpl.class --> nas.uhcl.edu /yang/pages/teaching/proJavaSecurityCode/Chapter10/com/isnetworks/crypto/rsa RSAPrivateKeyImpl.class
2003.09.08 12:43 B D:\Data\pages\teaching\proJavaSecurityCode\Chapter10\com\isnetworks\crypto\rsa\RSAPrivateKeyImpl.java --> nas.uhcl.edu /yang/pages/teaching/proJavaSecurityCode/Chapter10/com/isnetworks/crypto/rsa RSAPrivateKeyImpl.java
2003.09.08 12:43 B D:\Data\pages\teaching\proJavaSecurityCode\Chapter10\com\isnetworks\crypto\rsa\RSAPublicKeyImpl.class --> nas.uhcl.edu /yang/pages/teaching/proJavaSecurityCode/Chapter10/com/isnetworks/crypto/rsa RSAPublicKeyImpl.class
2003.09.08 12:43 B D:\Data\pages\teaching\proJavaSecurityCode\Chapter10\com\isnetworks\crypto\rsa\RSAPublicKeyImpl.java --> nas.uhcl.edu /yang/pages/teaching/proJavaSecurityCode/Chapter10/com/isnetworks/crypto/rsa RSAPublicKeyImpl.java
2003.09.08 12:43 B D:\Data\pages\teaching\proJavaSecurityCode\Chapter10\com\isnetworks\crypto\rsa\RSASignature.class --> nas.uhcl.edu /yang/pages/teaching/proJavaSecurityCode/Chapter10/com/isnetworks/crypto/rsa RSASignature.class
2003.09.08 12:43 B D:\Data\pages\teaching\proJavaSecurityCode\Chapter10\com\isnetworks\crypto\rsa\RSASignature.java --> nas.uhcl.edu /yang/pages/teaching/proJavaSecurityCode/Chapter10/com/isnetworks/crypto/rsa RSASignature.java
2003.09.08 12:43 B D:\Data\pages\teaching\proJavaSecurityCode\Chapter10\com\isnetworks\crypto\rsa\SHA1WithRSASignature.class --> nas.uhcl.edu /yang/pages/teaching/proJavaSecurityCode/Chapter10/com/isnetworks/crypto/rsa SHA1WithRSASignature.class
2003.09.08 12:43 B D:\Data\pages\teaching\proJavaSecurityCode\Chapter10\com\isnetworks\crypto\rsa\SHA1WithRSASignature.java --> nas.uhcl.edu /yang/pages/teaching/proJavaSecurityCode/Chapter10/com/isnetworks/crypto/rsa SHA1WithRSASignature.java
2003.09.08 12:43 B D:\Data\pages\teaching\proJavaSecurityCode\Chapter10\com\isnetworks\crypto\rsa\Util.class --> nas.uhcl.edu /yang/pages/teaching/proJavaSecurityCode/Chapter10/com/isnetworks/crypto/rsa Util.class
2003.09.08 12:43 B D:\Data\pages\teaching\proJavaSecurityCode\Chapter10\com\isnetworks\crypto\rsa\Util.java --> nas.uhcl.edu /yang/pages/teaching/proJavaSecurityCode/Chapter10/com/isnetworks/crypto/rsa Util.java
2003.09.08 12:43 B D:\Data\pages\teaching\proJavaSecurityCode\Chapter10\com\isnetworks\crypto\rsa\WS_FTP.LOG --> nas.uhcl.edu /yang/pages/teaching/proJavaSecurityCode/Chapter10/com/isnetworks/crypto/rsa WS_FTP.LOG
