2003.02.26 14:36 B d:\DATA\pages\teaching\csci5931webSecurity\proJavaSecurityCode\Chapter10\com\isnetworks\crypto\database\ConnectionProxy.java --> sce.uhcl.edu /yang/pages/teaching/csci5931webSecurity/proJavaSecurityCode/Chapter10/com/isnetworks/crypto/database ConnectionProxy.java
2003.02.26 14:36 B d:\DATA\pages\teaching\csci5931webSecurity\proJavaSecurityCode\Chapter10\com\isnetworks\crypto\database\SecureDriver.java --> sce.uhcl.edu /yang/pages/teaching/csci5931webSecurity/proJavaSecurityCode/Chapter10/com/isnetworks/crypto/database SecureDriver.java
2003.02.26 14:36 B d:\DATA\pages\teaching\csci5931webSecurity\proJavaSecurityCode\Chapter10\com\isnetworks\crypto\database\StructProxy.class --> sce.uhcl.edu /yang/pages/teaching/csci5931webSecurity/proJavaSecurityCode/Chapter10/com/isnetworks/crypto/database StructProxy.class
2003.02.26 14:36 B d:\DATA\pages\teaching\csci5931webSecurity\proJavaSecurityCode\Chapter10\com\isnetworks\crypto\database\StatementProxy.class --> sce.uhcl.edu /yang/pages/teaching/csci5931webSecurity/proJavaSecurityCode/Chapter10/com/isnetworks/crypto/database StatementProxy.class
2003.02.26 14:36 B d:\DATA\pages\teaching\csci5931webSecurity\proJavaSecurityCode\Chapter10\com\isnetworks\crypto\database\SQLOutputProxy.class --> sce.uhcl.edu /yang/pages/teaching/csci5931webSecurity/proJavaSecurityCode/Chapter10/com/isnetworks/crypto/database SQLOutputProxy.class
2003.02.26 14:36 B d:\DATA\pages\teaching\csci5931webSecurity\proJavaSecurityCode\Chapter10\com\isnetworks\crypto\database\SQLInputProxy.class --> sce.uhcl.edu /yang/pages/teaching/csci5931webSecurity/proJavaSecurityCode/Chapter10/com/isnetworks/crypto/database SQLInputProxy.class
2003.02.26 14:36 B d:\DATA\pages\teaching\csci5931webSecurity\proJavaSecurityCode\Chapter10\com\isnetworks\crypto\database\SQLDataProxy.class --> sce.uhcl.edu /yang/pages/teaching/csci5931webSecurity/proJavaSecurityCode/Chapter10/com/isnetworks/crypto/database SQLDataProxy.class
2003.02.26 14:36 B d:\DATA\pages\teaching\csci5931webSecurity\proJavaSecurityCode\Chapter10\com\isnetworks\crypto\database\SecureDriver.class --> sce.uhcl.edu /yang/pages/teaching/csci5931webSecurity/proJavaSecurityCode/Chapter10/com/isnetworks/crypto/database SecureDriver.class
2003.02.26 14:36 B d:\DATA\pages\teaching\csci5931webSecurity\proJavaSecurityCode\Chapter10\com\isnetworks\crypto\database\SecureConnectionServer.class --> sce.uhcl.edu /yang/pages/teaching/csci5931webSecurity/proJavaSecurityCode/Chapter10/com/isnetworks/crypto/database SecureConnectionServer.class
2003.02.26 14:36 B d:\DATA\pages\teaching\csci5931webSecurity\proJavaSecurityCode\Chapter10\com\isnetworks\crypto\database\ResultSetProxy.class --> sce.uhcl.edu /yang/pages/teaching/csci5931webSecurity/proJavaSecurityCode/Chapter10/com/isnetworks/crypto/database ResultSetProxy.class
2003.02.26 14:36 B d:\DATA\pages\teaching\csci5931webSecurity\proJavaSecurityCode\Chapter10\com\isnetworks\crypto\database\ResultSetMetaDataProxy.class --> sce.uhcl.edu /yang/pages/teaching/csci5931webSecurity/proJavaSecurityCode/Chapter10/com/isnetworks/crypto/database ResultSetMetaDataProxy.class
2003.02.26 14:36 B d:\DATA\pages\teaching\csci5931webSecurity\proJavaSecurityCode\Chapter10\com\isnetworks\crypto\database\RemoteSQLException.class --> sce.uhcl.edu /yang/pages/teaching/csci5931webSecurity/proJavaSecurityCode/Chapter10/com/isnetworks/crypto/database RemoteSQLException.class
2003.02.26 14:36 B d:\DATA\pages\teaching\csci5931webSecurity\proJavaSecurityCode\Chapter10\com\isnetworks\crypto\database\RefProxy.class --> sce.uhcl.edu /yang/pages/teaching/csci5931webSecurity/proJavaSecurityCode/Chapter10/com/isnetworks/crypto/database RefProxy.class
2003.02.26 14:36 B d:\DATA\pages\teaching\csci5931webSecurity\proJavaSecurityCode\Chapter10\com\isnetworks\crypto\database\PreparedStatementProxy.class --> sce.uhcl.edu /yang/pages/teaching/csci5931webSecurity/proJavaSecurityCode/Chapter10/com/isnetworks/crypto/database PreparedStatementProxy.class
2003.02.26 14:36 B d:\DATA\pages\teaching\csci5931webSecurity\proJavaSecurityCode\Chapter10\com\isnetworks\crypto\database\DatabaseMetaDataProxy.class --> sce.uhcl.edu /yang/pages/teaching/csci5931webSecurity/proJavaSecurityCode/Chapter10/com/isnetworks/crypto/database DatabaseMetaDataProxy.class
2003.02.26 14:36 B d:\DATA\pages\teaching\csci5931webSecurity\proJavaSecurityCode\Chapter10\com\isnetworks\crypto\database\ConnectionProxy.class --> sce.uhcl.edu /yang/pages/teaching/csci5931webSecurity/proJavaSecurityCode/Chapter10/com/isnetworks/crypto/database ConnectionProxy.class
2003.02.26 14:36 B d:\DATA\pages\teaching\csci5931webSecurity\proJavaSecurityCode\Chapter10\com\isnetworks\crypto\database\ClobProxy.class --> sce.uhcl.edu /yang/pages/teaching/csci5931webSecurity/proJavaSecurityCode/Chapter10/com/isnetworks/crypto/database ClobProxy.class
2003.02.26 14:36 B d:\DATA\pages\teaching\csci5931webSecurity\proJavaSecurityCode\Chapter10\com\isnetworks\crypto\database\ClassProcessor.class --> sce.uhcl.edu /yang/pages/teaching/csci5931webSecurity/proJavaSecurityCode/Chapter10/com/isnetworks/crypto/database ClassProcessor.class
2003.02.26 14:36 B d:\DATA\pages\teaching\csci5931webSecurity\proJavaSecurityCode\Chapter10\com\isnetworks\crypto\database\CallableStatementProxy.class --> sce.uhcl.edu /yang/pages/teaching/csci5931webSecurity/proJavaSecurityCode/Chapter10/com/isnetworks/crypto/database CallableStatementProxy.class
2003.02.26 14:36 B d:\DATA\pages\teaching\csci5931webSecurity\proJavaSecurityCode\Chapter10\com\isnetworks\crypto\database\BlobProxy.class --> sce.uhcl.edu /yang/pages/teaching/csci5931webSecurity/proJavaSecurityCode/Chapter10/com/isnetworks/crypto/database BlobProxy.class
2003.02.26 14:36 B d:\DATA\pages\teaching\csci5931webSecurity\proJavaSecurityCode\Chapter10\com\isnetworks\crypto\database\ArrayProxy.class --> sce.uhcl.edu /yang/pages/teaching/csci5931webSecurity/proJavaSecurityCode/Chapter10/com/isnetworks/crypto/database ArrayProxy.class
2003.02.26 14:36 B d:\DATA\pages\teaching\csci5931webSecurity\proJavaSecurityCode\Chapter10\com\isnetworks\crypto\database\SQLOutputProxy.java --> sce.uhcl.edu /yang/pages/teaching/csci5931webSecurity/proJavaSecurityCode/Chapter10/com/isnetworks/crypto/database SQLOutputProxy.java
2003.02.26 14:36 B d:\DATA\pages\teaching\csci5931webSecurity\proJavaSecurityCode\Chapter10\com\isnetworks\crypto\database\SQLInputProxy.java --> sce.uhcl.edu /yang/pages/teaching/csci5931webSecurity/proJavaSecurityCode/Chapter10/com/isnetworks/crypto/database SQLInputProxy.java
2003.02.26 14:36 B d:\DATA\pages\teaching\csci5931webSecurity\proJavaSecurityCode\Chapter10\com\isnetworks\crypto\database\ResultSetProxy.java --> sce.uhcl.edu /yang/pages/teaching/csci5931webSecurity/proJavaSecurityCode/Chapter10/com/isnetworks/crypto/database ResultSetProxy.java
2003.02.26 14:36 B d:\DATA\pages\teaching\csci5931webSecurity\proJavaSecurityCode\Chapter10\com\isnetworks\crypto\database\PreparedStatementProxy.java --> sce.uhcl.edu /yang/pages/teaching/csci5931webSecurity/proJavaSecurityCode/Chapter10/com/isnetworks/crypto/database PreparedStatementProxy.java
2003.02.26 14:36 B d:\DATA\pages\teaching\csci5931webSecurity\proJavaSecurityCode\Chapter10\com\isnetworks\crypto\database\ClobProxy.java --> sce.uhcl.edu /yang/pages/teaching/csci5931webSecurity/proJavaSecurityCode/Chapter10/com/isnetworks/crypto/database ClobProxy.java
2003.02.26 14:36 B d:\DATA\pages\teaching\csci5931webSecurity\proJavaSecurityCode\Chapter10\com\isnetworks\crypto\database\CallableStatementProxy.java --> sce.uhcl.edu /yang/pages/teaching/csci5931webSecurity/proJavaSecurityCode/Chapter10/com/isnetworks/crypto/database CallableStatementProxy.java
2003.02.26 14:36 B d:\DATA\pages\teaching\csci5931webSecurity\proJavaSecurityCode\Chapter10\com\isnetworks\crypto\database\BlobProxy.java --> sce.uhcl.edu /yang/pages/teaching/csci5931webSecurity/proJavaSecurityCode/Chapter10/com/isnetworks/crypto/database BlobProxy.java
2003.02.26 14:36 B d:\DATA\pages\teaching\csci5931webSecurity\proJavaSecurityCode\Chapter10\com\isnetworks\crypto\database\DatabaseMetaDataProxy.java --> sce.uhcl.edu /yang/pages/teaching/csci5931webSecurity/proJavaSecurityCode/Chapter10/com/isnetworks/crypto/database DatabaseMetaDataProxy.java
2003.02.26 14:36 B d:\DATA\pages\teaching\csci5931webSecurity\proJavaSecurityCode\Chapter10\com\isnetworks\crypto\database\StructProxy.java --> sce.uhcl.edu /yang/pages/teaching/csci5931webSecurity/proJavaSecurityCode/Chapter10/com/isnetworks/crypto/database StructProxy.java
2003.02.26 14:36 B d:\DATA\pages\teaching\csci5931webSecurity\proJavaSecurityCode\Chapter10\com\isnetworks\crypto\database\ArrayProxy.java --> sce.uhcl.edu /yang/pages/teaching/csci5931webSecurity/proJavaSecurityCode/Chapter10/com/isnetworks/crypto/database ArrayProxy.java
2003.02.26 14:36 B d:\DATA\pages\teaching\csci5931webSecurity\proJavaSecurityCode\Chapter10\com\isnetworks\crypto\database\StatementProxy.java --> sce.uhcl.edu /yang/pages/teaching/csci5931webSecurity/proJavaSecurityCode/Chapter10/com/isnetworks/crypto/database StatementProxy.java
2003.02.26 14:36 B d:\DATA\pages\teaching\csci5931webSecurity\proJavaSecurityCode\Chapter10\com\isnetworks\crypto\database\SQLDataProxy.java --> sce.uhcl.edu /yang/pages/teaching/csci5931webSecurity/proJavaSecurityCode/Chapter10/com/isnetworks/crypto/database SQLDataProxy.java
2003.02.26 14:36 B d:\DATA\pages\teaching\csci5931webSecurity\proJavaSecurityCode\Chapter10\com\isnetworks\crypto\database\ResultSetMetaDataProxy.java --> sce.uhcl.edu /yang/pages/teaching/csci5931webSecurity/proJavaSecurityCode/Chapter10/com/isnetworks/crypto/database ResultSetMetaDataProxy.java
2003.02.26 14:36 B d:\DATA\pages\teaching\csci5931webSecurity\proJavaSecurityCode\Chapter10\com\isnetworks\crypto\database\RefProxy.java --> sce.uhcl.edu /yang/pages/teaching/csci5931webSecurity/proJavaSecurityCode/Chapter10/com/isnetworks/crypto/database RefProxy.java
2003.02.26 14:36 B d:\DATA\pages\teaching\csci5931webSecurity\proJavaSecurityCode\Chapter10\com\isnetworks\crypto\database\ClassProcessor.java --> sce.uhcl.edu /yang/pages/teaching/csci5931webSecurity/proJavaSecurityCode/Chapter10/com/isnetworks/crypto/database ClassProcessor.java
2003.02.26 14:36 B d:\DATA\pages\teaching\csci5931webSecurity\proJavaSecurityCode\Chapter10\com\isnetworks\crypto\database\SecureDriver_config.dtd --> sce.uhcl.edu /yang/pages/teaching/csci5931webSecurity/proJavaSecurityCode/Chapter10/com/isnetworks/crypto/database SecureDriver_config.dtd
2003.02.26 14:36 B d:\DATA\pages\teaching\csci5931webSecurity\proJavaSecurityCode\Chapter10\com\isnetworks\crypto\database\Makefile --> sce.uhcl.edu /yang/pages/teaching/csci5931webSecurity/proJavaSecurityCode/Chapter10/com/isnetworks/crypto/database Makefile
2003.02.26 14:36 B d:\DATA\pages\teaching\csci5931webSecurity\proJavaSecurityCode\Chapter10\com\isnetworks\crypto\database\SecureConnectionServer.java --> sce.uhcl.edu /yang/pages/teaching/csci5931webSecurity/proJavaSecurityCode/Chapter10/com/isnetworks/crypto/database SecureConnectionServer.java
2003.02.26 14:36 B d:\DATA\pages\teaching\csci5931webSecurity\proJavaSecurityCode\Chapter10\com\isnetworks\crypto\database\RemoteSQLException.java --> sce.uhcl.edu /yang/pages/teaching/csci5931webSecurity/proJavaSecurityCode/Chapter10/com/isnetworks/crypto/database RemoteSQLException.java
2003.09.08 12:25 B D:\Data\pages\teaching\proJavaSecurityCode\Chapter10\com\isnetworks\crypto\database\ArrayProxy.class --> dcm.uhcl.edu /yang/proJavaSecurityCode/Chapter10/com/isnetworks/crypto/database ArrayProxy.class
2003.09.08 12:25 B D:\Data\pages\teaching\proJavaSecurityCode\Chapter10\com\isnetworks\crypto\database\ArrayProxy.java --> dcm.uhcl.edu /yang/proJavaSecurityCode/Chapter10/com/isnetworks/crypto/database ArrayProxy.java
2003.09.08 12:25 B D:\Data\pages\teaching\proJavaSecurityCode\Chapter10\com\isnetworks\crypto\database\BlobProxy.class --> dcm.uhcl.edu /yang/proJavaSecurityCode/Chapter10/com/isnetworks/crypto/database BlobProxy.class
2003.09.08 12:25 B D:\Data\pages\teaching\proJavaSecurityCode\Chapter10\com\isnetworks\crypto\database\BlobProxy.java --> dcm.uhcl.edu /yang/proJavaSecurityCode/Chapter10/com/isnetworks/crypto/database BlobProxy.java
2003.09.08 12:25 B D:\Data\pages\teaching\proJavaSecurityCode\Chapter10\com\isnetworks\crypto\database\CallableStatementProxy.class --> dcm.uhcl.edu /yang/proJavaSecurityCode/Chapter10/com/isnetworks/crypto/database CallableStatementProxy.class
2003.09.08 12:25 B D:\Data\pages\teaching\proJavaSecurityCode\Chapter10\com\isnetworks\crypto\database\CallableStatementProxy.java --> dcm.uhcl.edu /yang/proJavaSecurityCode/Chapter10/com/isnetworks/crypto/database CallableStatementProxy.java
2003.09.08 12:25 B D:\Data\pages\teaching\proJavaSecurityCode\Chapter10\com\isnetworks\crypto\database\ClassProcessor.class --> dcm.uhcl.edu /yang/proJavaSecurityCode/Chapter10/com/isnetworks/crypto/database ClassProcessor.class
2003.09.08 12:25 B D:\Data\pages\teaching\proJavaSecurityCode\Chapter10\com\isnetworks\crypto\database\ClassProcessor.java --> dcm.uhcl.edu /yang/proJavaSecurityCode/Chapter10/com/isnetworks/crypto/database ClassProcessor.java
2003.09.08 12:25 B D:\Data\pages\teaching\proJavaSecurityCode\Chapter10\com\isnetworks\crypto\database\ClobProxy.class --> dcm.uhcl.edu /yang/proJavaSecurityCode/Chapter10/com/isnetworks/crypto/database ClobProxy.class
2003.09.08 12:25 B D:\Data\pages\teaching\proJavaSecurityCode\Chapter10\com\isnetworks\crypto\database\ClobProxy.java --> dcm.uhcl.edu /yang/proJavaSecurityCode/Chapter10/com/isnetworks/crypto/database ClobProxy.java
2003.09.08 12:25 B D:\Data\pages\teaching\proJavaSecurityCode\Chapter10\com\isnetworks\crypto\database\ConnectionProxy.class --> dcm.uhcl.edu /yang/proJavaSecurityCode/Chapter10/com/isnetworks/crypto/database ConnectionProxy.class
2003.09.08 12:25 B D:\Data\pages\teaching\proJavaSecurityCode\Chapter10\com\isnetworks\crypto\database\ConnectionProxy.java --> dcm.uhcl.edu /yang/proJavaSecurityCode/Chapter10/com/isnetworks/crypto/database ConnectionProxy.java
2003.09.08 12:25 B D:\Data\pages\teaching\proJavaSecurityCode\Chapter10\com\isnetworks\crypto\database\DatabaseMetaDataProxy.class --> dcm.uhcl.edu /yang/proJavaSecurityCode/Chapter10/com/isnetworks/crypto/database DatabaseMetaDataProxy.class
2003.09.08 12:25 B D:\Data\pages\teaching\proJavaSecurityCode\Chapter10\com\isnetworks\crypto\database\DatabaseMetaDataProxy.java --> dcm.uhcl.edu /yang/proJavaSecurityCode/Chapter10/com/isnetworks/crypto/database DatabaseMetaDataProxy.java
2003.09.08 12:25 B D:\Data\pages\teaching\proJavaSecurityCode\Chapter10\com\isnetworks\crypto\database\Makefile --> dcm.uhcl.edu /yang/proJavaSecurityCode/Chapter10/com/isnetworks/crypto/database Makefile
2003.09.08 12:25 B D:\Data\pages\teaching\proJavaSecurityCode\Chapter10\com\isnetworks\crypto\database\PreparedStatementProxy.class --> dcm.uhcl.edu /yang/proJavaSecurityCode/Chapter10/com/isnetworks/crypto/database PreparedStatementProxy.class
2003.09.08 12:25 B D:\Data\pages\teaching\proJavaSecurityCode\Chapter10\com\isnetworks\crypto\database\PreparedStatementProxy.java --> dcm.uhcl.edu /yang/proJavaSecurityCode/Chapter10/com/isnetworks/crypto/database PreparedStatementProxy.java
2003.09.08 12:25 B D:\Data\pages\teaching\proJavaSecurityCode\Chapter10\com\isnetworks\crypto\database\RefProxy.class --> dcm.uhcl.edu /yang/proJavaSecurityCode/Chapter10/com/isnetworks/crypto/database RefProxy.class
2003.09.08 12:25 B D:\Data\pages\teaching\proJavaSecurityCode\Chapter10\com\isnetworks\crypto\database\RefProxy.java --> dcm.uhcl.edu /yang/proJavaSecurityCode/Chapter10/com/isnetworks/crypto/database RefProxy.java
2003.09.08 12:25 B D:\Data\pages\teaching\proJavaSecurityCode\Chapter10\com\isnetworks\crypto\database\RemoteSQLException.class --> dcm.uhcl.edu /yang/proJavaSecurityCode/Chapter10/com/isnetworks/crypto/database RemoteSQLException.class
2003.09.08 12:25 B D:\Data\pages\teaching\proJavaSecurityCode\Chapter10\com\isnetworks\crypto\database\RemoteSQLException.java --> dcm.uhcl.edu /yang/proJavaSecurityCode/Chapter10/com/isnetworks/crypto/database RemoteSQLException.java
2003.09.08 12:25 B D:\Data\pages\teaching\proJavaSecurityCode\Chapter10\com\isnetworks\crypto\database\ResultSetMetaDataProxy.class --> dcm.uhcl.edu /yang/proJavaSecurityCode/Chapter10/com/isnetworks/crypto/database ResultSetMetaDataProxy.class
2003.09.08 12:25 B D:\Data\pages\teaching\proJavaSecurityCode\Chapter10\com\isnetworks\crypto\database\ResultSetMetaDataProxy.java --> dcm.uhcl.edu /yang/proJavaSecurityCode/Chapter10/com/isnetworks/crypto/database ResultSetMetaDataProxy.java
2003.09.08 12:25 B D:\Data\pages\teaching\proJavaSecurityCode\Chapter10\com\isnetworks\crypto\database\ResultSetProxy.class --> dcm.uhcl.edu /yang/proJavaSecurityCode/Chapter10/com/isnetworks/crypto/database ResultSetProxy.class
2003.09.08 12:25 B D:\Data\pages\teaching\proJavaSecurityCode\Chapter10\com\isnetworks\crypto\database\ResultSetProxy.java --> dcm.uhcl.edu /yang/proJavaSecurityCode/Chapter10/com/isnetworks/crypto/database ResultSetProxy.java
2003.09.08 12:25 B D:\Data\pages\teaching\proJavaSecurityCode\Chapter10\com\isnetworks\crypto\database\SecureConnectionServer.class --> dcm.uhcl.edu /yang/proJavaSecurityCode/Chapter10/com/isnetworks/crypto/database SecureConnectionServer.class
2003.09.08 12:25 B D:\Data\pages\teaching\proJavaSecurityCode\Chapter10\com\isnetworks\crypto\database\SecureConnectionServer.java --> dcm.uhcl.edu /yang/proJavaSecurityCode/Chapter10/com/isnetworks/crypto/database SecureConnectionServer.java
2003.09.08 12:25 B D:\Data\pages\teaching\proJavaSecurityCode\Chapter10\com\isnetworks\crypto\database\SecureDriver.class --> dcm.uhcl.edu /yang/proJavaSecurityCode/Chapter10/com/isnetworks/crypto/database SecureDriver.class
2003.09.08 12:25 B D:\Data\pages\teaching\proJavaSecurityCode\Chapter10\com\isnetworks\crypto\database\SecureDriver.java --> dcm.uhcl.edu /yang/proJavaSecurityCode/Chapter10/com/isnetworks/crypto/database SecureDriver.java
2003.09.08 12:25 B D:\Data\pages\teaching\proJavaSecurityCode\Chapter10\com\isnetworks\crypto\database\SecureDriver_config.dtd --> dcm.uhcl.edu /yang/proJavaSecurityCode/Chapter10/com/isnetworks/crypto/database SecureDriver_config.dtd
2003.09.08 12:25 B D:\Data\pages\teaching\proJavaSecurityCode\Chapter10\com\isnetworks\crypto\database\SQLDataProxy.class --> dcm.uhcl.edu /yang/proJavaSecurityCode/Chapter10/com/isnetworks/crypto/database SQLDataProxy.class
2003.09.08 12:25 B D:\Data\pages\teaching\proJavaSecurityCode\Chapter10\com\isnetworks\crypto\database\SQLDataProxy.java --> dcm.uhcl.edu /yang/proJavaSecurityCode/Chapter10/com/isnetworks/crypto/database SQLDataProxy.java
2003.09.08 12:25 B D:\Data\pages\teaching\proJavaSecurityCode\Chapter10\com\isnetworks\crypto\database\SQLInputProxy.class --> dcm.uhcl.edu /yang/proJavaSecurityCode/Chapter10/com/isnetworks/crypto/database SQLInputProxy.class
2003.09.08 12:25 B D:\Data\pages\teaching\proJavaSecurityCode\Chapter10\com\isnetworks\crypto\database\SQLInputProxy.java --> dcm.uhcl.edu /yang/proJavaSecurityCode/Chapter10/com/isnetworks/crypto/database SQLInputProxy.java
2003.09.08 12:25 B D:\Data\pages\teaching\proJavaSecurityCode\Chapter10\com\isnetworks\crypto\database\SQLOutputProxy.class --> dcm.uhcl.edu /yang/proJavaSecurityCode/Chapter10/com/isnetworks/crypto/database SQLOutputProxy.class
2003.09.08 12:25 B D:\Data\pages\teaching\proJavaSecurityCode\Chapter10\com\isnetworks\crypto\database\SQLOutputProxy.java --> dcm.uhcl.edu /yang/proJavaSecurityCode/Chapter10/com/isnetworks/crypto/database SQLOutputProxy.java
2003.09.08 12:25 B D:\Data\pages\teaching\proJavaSecurityCode\Chapter10\com\isnetworks\crypto\database\StatementProxy.class --> dcm.uhcl.edu /yang/proJavaSecurityCode/Chapter10/com/isnetworks/crypto/database StatementProxy.class
2003.09.08 12:25 B D:\Data\pages\teaching\proJavaSecurityCode\Chapter10\com\isnetworks\crypto\database\StatementProxy.java --> dcm.uhcl.edu /yang/proJavaSecurityCode/Chapter10/com/isnetworks/crypto/database StatementProxy.java
2003.09.08 12:25 B D:\Data\pages\teaching\proJavaSecurityCode\Chapter10\com\isnetworks\crypto\database\StructProxy.class --> dcm.uhcl.edu /yang/proJavaSecurityCode/Chapter10/com/isnetworks/crypto/database StructProxy.class
2003.09.08 12:25 B D:\Data\pages\teaching\proJavaSecurityCode\Chapter10\com\isnetworks\crypto\database\StructProxy.java --> dcm.uhcl.edu /yang/proJavaSecurityCode/Chapter10/com/isnetworks/crypto/database StructProxy.java
2003.09.08 12:25 B D:\Data\pages\teaching\proJavaSecurityCode\Chapter10\com\isnetworks\crypto\database\WS_FTP.LOG --> dcm.uhcl.edu /yang/proJavaSecurityCode/Chapter10/com/isnetworks/crypto/database WS_FTP.LOG
2003.09.08 12:43 B D:\Data\pages\teaching\proJavaSecurityCode\Chapter10\com\isnetworks\crypto\database\ArrayProxy.class --> sce.uhcl.edu /yang/pages/teaching/proJavaSecurityCode/Chapter10/com/isnetworks/crypto/database ArrayProxy.class
2003.09.08 12:43 B D:\Data\pages\teaching\proJavaSecurityCode\Chapter10\com\isnetworks\crypto\database\ArrayProxy.java --> sce.uhcl.edu /yang/pages/teaching/proJavaSecurityCode/Chapter10/com/isnetworks/crypto/database ArrayProxy.java
2003.09.08 12:43 B D:\Data\pages\teaching\proJavaSecurityCode\Chapter10\com\isnetworks\crypto\database\BlobProxy.class --> sce.uhcl.edu /yang/pages/teaching/proJavaSecurityCode/Chapter10/com/isnetworks/crypto/database BlobProxy.class
2003.09.08 12:43 B D:\Data\pages\teaching\proJavaSecurityCode\Chapter10\com\isnetworks\crypto\database\BlobProxy.java --> sce.uhcl.edu /yang/pages/teaching/proJavaSecurityCode/Chapter10/com/isnetworks/crypto/database BlobProxy.java
2003.09.08 12:43 B D:\Data\pages\teaching\proJavaSecurityCode\Chapter10\com\isnetworks\crypto\database\CallableStatementProxy.class --> sce.uhcl.edu /yang/pages/teaching/proJavaSecurityCode/Chapter10/com/isnetworks/crypto/database CallableStatementProxy.class
2003.09.08 12:43 B D:\Data\pages\teaching\proJavaSecurityCode\Chapter10\com\isnetworks\crypto\database\CallableStatementProxy.java --> sce.uhcl.edu /yang/pages/teaching/proJavaSecurityCode/Chapter10/com/isnetworks/crypto/database CallableStatementProxy.java
2003.09.08 12:43 B D:\Data\pages\teaching\proJavaSecurityCode\Chapter10\com\isnetworks\crypto\database\ClassProcessor.class --> sce.uhcl.edu /yang/pages/teaching/proJavaSecurityCode/Chapter10/com/isnetworks/crypto/database ClassProcessor.class
2003.09.08 12:43 B D:\Data\pages\teaching\proJavaSecurityCode\Chapter10\com\isnetworks\crypto\database\ClassProcessor.java --> sce.uhcl.edu /yang/pages/teaching/proJavaSecurityCode/Chapter10/com/isnetworks/crypto/database ClassProcessor.java
2003.09.08 12:43 B D:\Data\pages\teaching\proJavaSecurityCode\Chapter10\com\isnetworks\crypto\database\ClobProxy.class --> sce.uhcl.edu /yang/pages/teaching/proJavaSecurityCode/Chapter10/com/isnetworks/crypto/database ClobProxy.class
2003.09.08 12:43 B D:\Data\pages\teaching\proJavaSecurityCode\Chapter10\com\isnetworks\crypto\database\ClobProxy.java --> sce.uhcl.edu /yang/pages/teaching/proJavaSecurityCode/Chapter10/com/isnetworks/crypto/database ClobProxy.java
2003.09.08 12:43 B D:\Data\pages\teaching\proJavaSecurityCode\Chapter10\com\isnetworks\crypto\database\ConnectionProxy.class --> sce.uhcl.edu /yang/pages/teaching/proJavaSecurityCode/Chapter10/com/isnetworks/crypto/database ConnectionProxy.class
2003.09.08 12:43 B D:\Data\pages\teaching\proJavaSecurityCode\Chapter10\com\isnetworks\crypto\database\ConnectionProxy.java --> sce.uhcl.edu /yang/pages/teaching/proJavaSecurityCode/Chapter10/com/isnetworks/crypto/database ConnectionProxy.java
2003.09.08 12:43 B D:\Data\pages\teaching\proJavaSecurityCode\Chapter10\com\isnetworks\crypto\database\DatabaseMetaDataProxy.class --> sce.uhcl.edu /yang/pages/teaching/proJavaSecurityCode/Chapter10/com/isnetworks/crypto/database DatabaseMetaDataProxy.class
2003.09.08 12:43 B D:\Data\pages\teaching\proJavaSecurityCode\Chapter10\com\isnetworks\crypto\database\DatabaseMetaDataProxy.java --> sce.uhcl.edu /yang/pages/teaching/proJavaSecurityCode/Chapter10/com/isnetworks/crypto/database DatabaseMetaDataProxy.java
2003.09.08 12:43 B D:\Data\pages\teaching\proJavaSecurityCode\Chapter10\com\isnetworks\crypto\database\Makefile --> sce.uhcl.edu /yang/pages/teaching/proJavaSecurityCode/Chapter10/com/isnetworks/crypto/database Makefile
2003.09.08 12:43 B D:\Data\pages\teaching\proJavaSecurityCode\Chapter10\com\isnetworks\crypto\database\PreparedStatementProxy.class --> sce.uhcl.edu /yang/pages/teaching/proJavaSecurityCode/Chapter10/com/isnetworks/crypto/database PreparedStatementProxy.class
2003.09.08 12:43 B D:\Data\pages\teaching\proJavaSecurityCode\Chapter10\com\isnetworks\crypto\database\PreparedStatementProxy.java --> sce.uhcl.edu /yang/pages/teaching/proJavaSecurityCode/Chapter10/com/isnetworks/crypto/database PreparedStatementProxy.java
2003.09.08 12:43 B D:\Data\pages\teaching\proJavaSecurityCode\Chapter10\com\isnetworks\crypto\database\RefProxy.class --> sce.uhcl.edu /yang/pages/teaching/proJavaSecurityCode/Chapter10/com/isnetworks/crypto/database RefProxy.class
2003.09.08 12:43 B D:\Data\pages\teaching\proJavaSecurityCode\Chapter10\com\isnetworks\crypto\database\RefProxy.java --> sce.uhcl.edu /yang/pages/teaching/proJavaSecurityCode/Chapter10/com/isnetworks/crypto/database RefProxy.java
2003.09.08 12:43 B D:\Data\pages\teaching\proJavaSecurityCode\Chapter10\com\isnetworks\crypto\database\RemoteSQLException.class --> sce.uhcl.edu /yang/pages/teaching/proJavaSecurityCode/Chapter10/com/isnetworks/crypto/database RemoteSQLException.class
2003.09.08 12:43 B D:\Data\pages\teaching\proJavaSecurityCode\Chapter10\com\isnetworks\crypto\database\RemoteSQLException.java --> sce.uhcl.edu /yang/pages/teaching/proJavaSecurityCode/Chapter10/com/isnetworks/crypto/database RemoteSQLException.java
2003.09.08 12:43 B D:\Data\pages\teaching\proJavaSecurityCode\Chapter10\com\isnetworks\crypto\database\ResultSetMetaDataProxy.class --> sce.uhcl.edu /yang/pages/teaching/proJavaSecurityCode/Chapter10/com/isnetworks/crypto/database ResultSetMetaDataProxy.class
2003.09.08 12:43 B D:\Data\pages\teaching\proJavaSecurityCode\Chapter10\com\isnetworks\crypto\database\ResultSetMetaDataProxy.java --> sce.uhcl.edu /yang/pages/teaching/proJavaSecurityCode/Chapter10/com/isnetworks/crypto/database ResultSetMetaDataProxy.java
2003.09.08 12:43 B D:\Data\pages\teaching\proJavaSecurityCode\Chapter10\com\isnetworks\crypto\database\ResultSetProxy.class --> sce.uhcl.edu /yang/pages/teaching/proJavaSecurityCode/Chapter10/com/isnetworks/crypto/database ResultSetProxy.class
2003.09.08 12:43 B D:\Data\pages\teaching\proJavaSecurityCode\Chapter10\com\isnetworks\crypto\database\ResultSetProxy.java --> sce.uhcl.edu /yang/pages/teaching/proJavaSecurityCode/Chapter10/com/isnetworks/crypto/database ResultSetProxy.java
2003.09.08 12:43 B D:\Data\pages\teaching\proJavaSecurityCode\Chapter10\com\isnetworks\crypto\database\SecureConnectionServer.class --> sce.uhcl.edu /yang/pages/teaching/proJavaSecurityCode/Chapter10/com/isnetworks/crypto/database SecureConnectionServer.class
2003.09.08 12:43 B D:\Data\pages\teaching\proJavaSecurityCode\Chapter10\com\isnetworks\crypto\database\SecureConnectionServer.java --> sce.uhcl.edu /yang/pages/teaching/proJavaSecurityCode/Chapter10/com/isnetworks/crypto/database SecureConnectionServer.java
2003.09.08 12:43 B D:\Data\pages\teaching\proJavaSecurityCode\Chapter10\com\isnetworks\crypto\database\SecureDriver.class --> sce.uhcl.edu /yang/pages/teaching/proJavaSecurityCode/Chapter10/com/isnetworks/crypto/database SecureDriver.class
2003.09.08 12:43 B D:\Data\pages\teaching\proJavaSecurityCode\Chapter10\com\isnetworks\crypto\database\SecureDriver.java --> sce.uhcl.edu /yang/pages/teaching/proJavaSecurityCode/Chapter10/com/isnetworks/crypto/database SecureDriver.java
2003.09.08 12:43 B D:\Data\pages\teaching\proJavaSecurityCode\Chapter10\com\isnetworks\crypto\database\SecureDriver_config.dtd --> sce.uhcl.edu /yang/pages/teaching/proJavaSecurityCode/Chapter10/com/isnetworks/crypto/database SecureDriver_config.dtd
2003.09.08 12:43 B D:\Data\pages\teaching\proJavaSecurityCode\Chapter10\com\isnetworks\crypto\database\SQLDataProxy.class --> sce.uhcl.edu /yang/pages/teaching/proJavaSecurityCode/Chapter10/com/isnetworks/crypto/database SQLDataProxy.class
2003.09.08 12:43 B D:\Data\pages\teaching\proJavaSecurityCode\Chapter10\com\isnetworks\crypto\database\SQLDataProxy.java --> sce.uhcl.edu /yang/pages/teaching/proJavaSecurityCode/Chapter10/com/isnetworks/crypto/database SQLDataProxy.java
2003.09.08 12:43 B D:\Data\pages\teaching\proJavaSecurityCode\Chapter10\com\isnetworks\crypto\database\SQLInputProxy.class --> sce.uhcl.edu /yang/pages/teaching/proJavaSecurityCode/Chapter10/com/isnetworks/crypto/database SQLInputProxy.class
2003.09.08 12:43 B D:\Data\pages\teaching\proJavaSecurityCode\Chapter10\com\isnetworks\crypto\database\SQLInputProxy.java --> sce.uhcl.edu /yang/pages/teaching/proJavaSecurityCode/Chapter10/com/isnetworks/crypto/database SQLInputProxy.java
2003.09.08 12:43 B D:\Data\pages\teaching\proJavaSecurityCode\Chapter10\com\isnetworks\crypto\database\SQLOutputProxy.class --> sce.uhcl.edu /yang/pages/teaching/proJavaSecurityCode/Chapter10/com/isnetworks/crypto/database SQLOutputProxy.class
2003.09.08 12:43 B D:\Data\pages\teaching\proJavaSecurityCode\Chapter10\com\isnetworks\crypto\database\SQLOutputProxy.java --> sce.uhcl.edu /yang/pages/teaching/proJavaSecurityCode/Chapter10/com/isnetworks/crypto/database SQLOutputProxy.java
2003.09.08 12:43 B D:\Data\pages\teaching\proJavaSecurityCode\Chapter10\com\isnetworks\crypto\database\StatementProxy.class --> sce.uhcl.edu /yang/pages/teaching/proJavaSecurityCode/Chapter10/com/isnetworks/crypto/database StatementProxy.class
2003.09.08 12:43 B D:\Data\pages\teaching\proJavaSecurityCode\Chapter10\com\isnetworks\crypto\database\StatementProxy.java --> sce.uhcl.edu /yang/pages/teaching/proJavaSecurityCode/Chapter10/com/isnetworks/crypto/database StatementProxy.java
2003.09.08 12:43 B D:\Data\pages\teaching\proJavaSecurityCode\Chapter10\com\isnetworks\crypto\database\StructProxy.class --> sce.uhcl.edu /yang/pages/teaching/proJavaSecurityCode/Chapter10/com/isnetworks/crypto/database StructProxy.class
2003.09.08 12:43 B D:\Data\pages\teaching\proJavaSecurityCode\Chapter10\com\isnetworks\crypto\database\StructProxy.java --> sce.uhcl.edu /yang/pages/teaching/proJavaSecurityCode/Chapter10/com/isnetworks/crypto/database StructProxy.java
2003.09.08 12:43 B D:\Data\pages\teaching\proJavaSecurityCode\Chapter10\com\isnetworks\crypto\database\WS_FTP.LOG --> sce.uhcl.edu /yang/pages/teaching/proJavaSecurityCode/Chapter10/com/isnetworks/crypto/database WS_FTP.LOG
