2003.02.26 14:33 B d:\DATA\pages\teaching\csci5931webSecurity\proJavaSecurityCode\Chapter7\Log.policy --> sce.uhcl.edu /yang/pages/teaching/csci5931webSecurity/proJavaSecurityCode/Chapter7 Log.policy
2003.02.26 14:33 B d:\DATA\pages\teaching\csci5931webSecurity\proJavaSecurityCode\Chapter7\SecretWord.policy --> sce.uhcl.edu /yang/pages/teaching/csci5931webSecurity/proJavaSecurityCode/Chapter7 SecretWord.policy
2003.02.26 14:33 B d:\DATA\pages\teaching\csci5931webSecurity\proJavaSecurityCode\Chapter7\UsernameApplet.class --> sce.uhcl.edu /yang/pages/teaching/csci5931webSecurity/proJavaSecurityCode/Chapter7 UsernameApplet.class
2003.02.26 14:33 B d:\DATA\pages\teaching\csci5931webSecurity\proJavaSecurityCode\Chapter7\TestLog.class --> sce.uhcl.edu /yang/pages/teaching/csci5931webSecurity/proJavaSecurityCode/Chapter7 TestLog.class
2003.02.26 14:33 B d:\DATA\pages\teaching\csci5931webSecurity\proJavaSecurityCode\Chapter7\SecretWordTest.class --> sce.uhcl.edu /yang/pages/teaching/csci5931webSecurity/proJavaSecurityCode/Chapter7 SecretWordTest.class
2003.02.26 14:33 B d:\DATA\pages\teaching\csci5931webSecurity\proJavaSecurityCode\Chapter7\SecretWordPermission.class --> sce.uhcl.edu /yang/pages/teaching/csci5931webSecurity/proJavaSecurityCode/Chapter7 SecretWordPermission.class
2003.02.26 14:33 B d:\DATA\pages\teaching\csci5931webSecurity\proJavaSecurityCode\Chapter7\SecretWord.class --> sce.uhcl.edu /yang/pages/teaching/csci5931webSecurity/proJavaSecurityCode/Chapter7 SecretWord.class
2003.02.26 14:33 B d:\DATA\pages\teaching\csci5931webSecurity\proJavaSecurityCode\Chapter7\Log.class --> sce.uhcl.edu /yang/pages/teaching/csci5931webSecurity/proJavaSecurityCode/Chapter7 Log.class
2003.02.26 14:33 B d:\DATA\pages\teaching\csci5931webSecurity\proJavaSecurityCode\Chapter7\Log$1$LogPrivilegedAction.class --> sce.uhcl.edu /yang/pages/teaching/csci5931webSecurity/proJavaSecurityCode/Chapter7 Log$1$LogPrivilegedAction.class
2003.02.26 14:33 B d:\DATA\pages\teaching\csci5931webSecurity\proJavaSecurityCode\Chapter7\HelloWorld.class --> sce.uhcl.edu /yang/pages/teaching/csci5931webSecurity/proJavaSecurityCode/Chapter7 HelloWorld.class
2003.02.26 14:33 B d:\DATA\pages\teaching\csci5931webSecurity\proJavaSecurityCode\Chapter7\FileWriteTest.class --> sce.uhcl.edu /yang/pages/teaching/csci5931webSecurity/proJavaSecurityCode/Chapter7 FileWriteTest.class
2003.02.26 14:33 B d:\DATA\pages\teaching\csci5931webSecurity\proJavaSecurityCode\Chapter7\test.txt --> sce.uhcl.edu /yang/pages/teaching/csci5931webSecurity/proJavaSecurityCode/Chapter7 test.txt
2003.02.26 14:33 B d:\DATA\pages\teaching\csci5931webSecurity\proJavaSecurityCode\Chapter7\.java.policy.txt --> sce.uhcl.edu /yang/pages/teaching/csci5931webSecurity/proJavaSecurityCode/Chapter7 .java.policy.txt
2003.02.26 14:33 B d:\DATA\pages\teaching\csci5931webSecurity\proJavaSecurityCode\Chapter7\TestLog.java --> sce.uhcl.edu /yang/pages/teaching/csci5931webSecurity/proJavaSecurityCode/Chapter7 TestLog.java
2003.02.26 14:33 B d:\DATA\pages\teaching\csci5931webSecurity\proJavaSecurityCode\Chapter7\FileWriteTest.java --> sce.uhcl.edu /yang/pages/teaching/csci5931webSecurity/proJavaSecurityCode/Chapter7 FileWriteTest.java
2003.02.26 14:33 B d:\DATA\pages\teaching\csci5931webSecurity\proJavaSecurityCode\Chapter7\Log.java --> sce.uhcl.edu /yang/pages/teaching/csci5931webSecurity/proJavaSecurityCode/Chapter7 Log.java
2003.02.26 14:33 B d:\DATA\pages\teaching\csci5931webSecurity\proJavaSecurityCode\Chapter7\Log - working inner class.java --> sce.uhcl.edu /yang/pages/teaching/csci5931webSecurity/proJavaSecurityCode/Chapter7 Log - working inner class.java
2003.02.26 14:33 B d:\DATA\pages\teaching\csci5931webSecurity\proJavaSecurityCode\Chapter7\Log - unprivileged.java --> sce.uhcl.edu /yang/pages/teaching/csci5931webSecurity/proJavaSecurityCode/Chapter7 Log - unprivileged.java
2003.02.26 14:33 B d:\DATA\pages\teaching\csci5931webSecurity\proJavaSecurityCode\Chapter7\UsernameExplorerApplet.ini --> sce.uhcl.edu /yang/pages/teaching/csci5931webSecurity/proJavaSecurityCode/Chapter7 UsernameExplorerApplet.ini
2003.02.26 14:33 B d:\DATA\pages\teaching\csci5931webSecurity\proJavaSecurityCode\Chapter7\UsernameExplorerApplet.html --> sce.uhcl.edu /yang/pages/teaching/csci5931webSecurity/proJavaSecurityCode/Chapter7 UsernameExplorerApplet.html
2003.02.26 14:33 B d:\DATA\pages\teaching\csci5931webSecurity\proJavaSecurityCode\Chapter7\UsernameApplet.java --> sce.uhcl.edu /yang/pages/teaching/csci5931webSecurity/proJavaSecurityCode/Chapter7 UsernameApplet.java
2003.02.26 14:33 B d:\DATA\pages\teaching\csci5931webSecurity\proJavaSecurityCode\Chapter7\UsernameNetscapeApplet.java --> sce.uhcl.edu /yang/pages/teaching/csci5931webSecurity/proJavaSecurityCode/Chapter7 UsernameNetscapeApplet.java
2003.02.26 14:33 B d:\DATA\pages\teaching\csci5931webSecurity\proJavaSecurityCode\Chapter7\UsernameNetscapeAppletSigned.html --> sce.uhcl.edu /yang/pages/teaching/csci5931webSecurity/proJavaSecurityCode/Chapter7 UsernameNetscapeAppletSigned.html
2003.02.26 14:33 B d:\DATA\pages\teaching\csci5931webSecurity\proJavaSecurityCode\Chapter7\UsernameNetscapeApplet.html --> sce.uhcl.edu /yang/pages/teaching/csci5931webSecurity/proJavaSecurityCode/Chapter7 UsernameNetscapeApplet.html
2003.02.26 14:33 B d:\DATA\pages\teaching\csci5931webSecurity\proJavaSecurityCode\Chapter7\UsernameAppletRSA.html --> sce.uhcl.edu /yang/pages/teaching/csci5931webSecurity/proJavaSecurityCode/Chapter7 UsernameAppletRSA.html
2003.02.26 14:33 B d:\DATA\pages\teaching\csci5931webSecurity\proJavaSecurityCode\Chapter7\UsernameApplet.policy --> sce.uhcl.edu /yang/pages/teaching/csci5931webSecurity/proJavaSecurityCode/Chapter7 UsernameApplet.policy
2003.02.26 14:33 B d:\DATA\pages\teaching\csci5931webSecurity\proJavaSecurityCode\Chapter7\UsernameApplet.html --> sce.uhcl.edu /yang/pages/teaching/csci5931webSecurity/proJavaSecurityCode/Chapter7 UsernameApplet.html
2003.02.26 14:33 B d:\DATA\pages\teaching\csci5931webSecurity\proJavaSecurityCode\Chapter7\SecretWordTest.java --> sce.uhcl.edu /yang/pages/teaching/csci5931webSecurity/proJavaSecurityCode/Chapter7 SecretWordTest.java
2003.02.26 14:33 B d:\DATA\pages\teaching\csci5931webSecurity\proJavaSecurityCode\Chapter7\SecretWordPermission.java --> sce.uhcl.edu /yang/pages/teaching/csci5931webSecurity/proJavaSecurityCode/Chapter7 SecretWordPermission.java
2003.02.26 14:33 B d:\DATA\pages\teaching\csci5931webSecurity\proJavaSecurityCode\Chapter7\SecretWord.java --> sce.uhcl.edu /yang/pages/teaching/csci5931webSecurity/proJavaSecurityCode/Chapter7 SecretWord.java
2003.02.26 14:33 B d:\DATA\pages\teaching\csci5931webSecurity\proJavaSecurityCode\Chapter7\HelloWorld.java --> sce.uhcl.edu /yang/pages/teaching/csci5931webSecurity/proJavaSecurityCode/Chapter7 HelloWorld.java
2003.09.08 12:27 B D:\Data\pages\teaching\proJavaSecurityCode\Chapter7\.java.policy.txt --> dcm.uhcl.edu /yang/proJavaSecurityCode/Chapter7 .java.policy.txt
2003.09.08 12:27 B D:\Data\pages\teaching\proJavaSecurityCode\Chapter7\FileWriteTest.class --> dcm.uhcl.edu /yang/proJavaSecurityCode/Chapter7 FileWriteTest.class
2003.09.08 12:27 B D:\Data\pages\teaching\proJavaSecurityCode\Chapter7\FileWriteTest.java --> dcm.uhcl.edu /yang/proJavaSecurityCode/Chapter7 FileWriteTest.java
2003.09.08 12:27 B D:\Data\pages\teaching\proJavaSecurityCode\Chapter7\HelloWorld.class --> dcm.uhcl.edu /yang/proJavaSecurityCode/Chapter7 HelloWorld.class
2003.09.08 12:27 B D:\Data\pages\teaching\proJavaSecurityCode\Chapter7\HelloWorld.java --> dcm.uhcl.edu /yang/proJavaSecurityCode/Chapter7 HelloWorld.java
2003.09.08 12:27 B D:\Data\pages\teaching\proJavaSecurityCode\Chapter7\Log - unprivileged.java --> dcm.uhcl.edu /yang/proJavaSecurityCode/Chapter7 Log - unprivileged.java
2003.09.08 12:27 B D:\Data\pages\teaching\proJavaSecurityCode\Chapter7\Log - working inner class.java --> dcm.uhcl.edu /yang/proJavaSecurityCode/Chapter7 Log - working inner class.java
2003.09.08 12:27 B D:\Data\pages\teaching\proJavaSecurityCode\Chapter7\Log$1$LogPrivilegedAction.class --> dcm.uhcl.edu /yang/proJavaSecurityCode/Chapter7 Log$1$LogPrivilegedAction.class
2003.09.08 12:27 B D:\Data\pages\teaching\proJavaSecurityCode\Chapter7\Log.class --> dcm.uhcl.edu /yang/proJavaSecurityCode/Chapter7 Log.class
2003.09.08 12:27 B D:\Data\pages\teaching\proJavaSecurityCode\Chapter7\Log.java --> dcm.uhcl.edu /yang/proJavaSecurityCode/Chapter7 Log.java
2003.09.08 12:27 B D:\Data\pages\teaching\proJavaSecurityCode\Chapter7\Log.policy --> dcm.uhcl.edu /yang/proJavaSecurityCode/Chapter7 Log.policy
2003.09.08 12:27 B D:\Data\pages\teaching\proJavaSecurityCode\Chapter7\SecretWord.class --> dcm.uhcl.edu /yang/proJavaSecurityCode/Chapter7 SecretWord.class
2003.09.08 12:27 B D:\Data\pages\teaching\proJavaSecurityCode\Chapter7\SecretWord.java --> dcm.uhcl.edu /yang/proJavaSecurityCode/Chapter7 SecretWord.java
2003.09.08 12:27 B D:\Data\pages\teaching\proJavaSecurityCode\Chapter7\SecretWord.policy --> dcm.uhcl.edu /yang/proJavaSecurityCode/Chapter7 SecretWord.policy
2003.09.08 12:27 B D:\Data\pages\teaching\proJavaSecurityCode\Chapter7\SecretWordPermission.class --> dcm.uhcl.edu /yang/proJavaSecurityCode/Chapter7 SecretWordPermission.class
2003.09.08 12:27 B D:\Data\pages\teaching\proJavaSecurityCode\Chapter7\SecretWordPermission.java --> dcm.uhcl.edu /yang/proJavaSecurityCode/Chapter7 SecretWordPermission.java
2003.09.08 12:27 B D:\Data\pages\teaching\proJavaSecurityCode\Chapter7\SecretWordTest.class --> dcm.uhcl.edu /yang/proJavaSecurityCode/Chapter7 SecretWordTest.class
2003.09.08 12:27 B D:\Data\pages\teaching\proJavaSecurityCode\Chapter7\SecretWordTest.java --> dcm.uhcl.edu /yang/proJavaSecurityCode/Chapter7 SecretWordTest.java
2003.09.08 12:27 B D:\Data\pages\teaching\proJavaSecurityCode\Chapter7\test.txt --> dcm.uhcl.edu /yang/proJavaSecurityCode/Chapter7 test.txt
2003.09.08 12:27 B D:\Data\pages\teaching\proJavaSecurityCode\Chapter7\TestLog.class --> dcm.uhcl.edu /yang/proJavaSecurityCode/Chapter7 TestLog.class
2003.09.08 12:27 B D:\Data\pages\teaching\proJavaSecurityCode\Chapter7\TestLog.java --> dcm.uhcl.edu /yang/proJavaSecurityCode/Chapter7 TestLog.java
2003.09.08 12:27 B D:\Data\pages\teaching\proJavaSecurityCode\Chapter7\UsernameApplet.class --> dcm.uhcl.edu /yang/proJavaSecurityCode/Chapter7 UsernameApplet.class
2003.09.08 12:27 B D:\Data\pages\teaching\proJavaSecurityCode\Chapter7\UsernameApplet.html --> dcm.uhcl.edu /yang/proJavaSecurityCode/Chapter7 UsernameApplet.html
2003.09.08 12:27 B D:\Data\pages\teaching\proJavaSecurityCode\Chapter7\UsernameApplet.java --> dcm.uhcl.edu /yang/proJavaSecurityCode/Chapter7 UsernameApplet.java
2003.09.08 12:27 B D:\Data\pages\teaching\proJavaSecurityCode\Chapter7\UsernameApplet.policy --> dcm.uhcl.edu /yang/proJavaSecurityCode/Chapter7 UsernameApplet.policy
2003.09.08 12:27 B D:\Data\pages\teaching\proJavaSecurityCode\Chapter7\UsernameAppletRSA.html --> dcm.uhcl.edu /yang/proJavaSecurityCode/Chapter7 UsernameAppletRSA.html
2003.09.08 12:27 B D:\Data\pages\teaching\proJavaSecurityCode\Chapter7\UsernameExplorerApplet.html --> dcm.uhcl.edu /yang/proJavaSecurityCode/Chapter7 UsernameExplorerApplet.html
2003.09.08 12:27 B D:\Data\pages\teaching\proJavaSecurityCode\Chapter7\UsernameExplorerApplet.ini --> dcm.uhcl.edu /yang/proJavaSecurityCode/Chapter7 UsernameExplorerApplet.ini
2003.09.08 12:27 B D:\Data\pages\teaching\proJavaSecurityCode\Chapter7\UsernameNetscapeApplet.html --> dcm.uhcl.edu /yang/proJavaSecurityCode/Chapter7 UsernameNetscapeApplet.html
2003.09.08 12:27 B D:\Data\pages\teaching\proJavaSecurityCode\Chapter7\UsernameNetscapeApplet.java --> dcm.uhcl.edu /yang/proJavaSecurityCode/Chapter7 UsernameNetscapeApplet.java
2003.09.08 12:27 B D:\Data\pages\teaching\proJavaSecurityCode\Chapter7\UsernameNetscapeAppletSigned.html --> dcm.uhcl.edu /yang/proJavaSecurityCode/Chapter7 UsernameNetscapeAppletSigned.html
2003.09.08 12:27 B D:\Data\pages\teaching\proJavaSecurityCode\Chapter7\WS_FTP.LOG --> dcm.uhcl.edu /yang/proJavaSecurityCode/Chapter7 WS_FTP.LOG
2003.09.08 12:45 B D:\Data\pages\teaching\proJavaSecurityCode\Chapter7\.java.policy.txt --> sce.uhcl.edu /yang/pages/teaching/proJavaSecurityCode/Chapter7 .java.policy.txt
2003.09.08 12:45 B D:\Data\pages\teaching\proJavaSecurityCode\Chapter7\FileWriteTest.class --> sce.uhcl.edu /yang/pages/teaching/proJavaSecurityCode/Chapter7 FileWriteTest.class
2003.09.08 12:45 B D:\Data\pages\teaching\proJavaSecurityCode\Chapter7\FileWriteTest.java --> sce.uhcl.edu /yang/pages/teaching/proJavaSecurityCode/Chapter7 FileWriteTest.java
2003.09.08 12:45 B D:\Data\pages\teaching\proJavaSecurityCode\Chapter7\HelloWorld.class --> sce.uhcl.edu /yang/pages/teaching/proJavaSecurityCode/Chapter7 HelloWorld.class
2003.09.08 12:45 B D:\Data\pages\teaching\proJavaSecurityCode\Chapter7\HelloWorld.java --> sce.uhcl.edu /yang/pages/teaching/proJavaSecurityCode/Chapter7 HelloWorld.java
2003.09.08 12:45 B D:\Data\pages\teaching\proJavaSecurityCode\Chapter7\Log - unprivileged.java --> sce.uhcl.edu /yang/pages/teaching/proJavaSecurityCode/Chapter7 Log - unprivileged.java
2003.09.08 12:45 B D:\Data\pages\teaching\proJavaSecurityCode\Chapter7\Log - working inner class.java --> sce.uhcl.edu /yang/pages/teaching/proJavaSecurityCode/Chapter7 Log - working inner class.java
2003.09.08 12:45 B D:\Data\pages\teaching\proJavaSecurityCode\Chapter7\Log$1$LogPrivilegedAction.class --> sce.uhcl.edu /yang/pages/teaching/proJavaSecurityCode/Chapter7 Log$1$LogPrivilegedAction.class
2003.09.08 12:45 B D:\Data\pages\teaching\proJavaSecurityCode\Chapter7\Log.class --> sce.uhcl.edu /yang/pages/teaching/proJavaSecurityCode/Chapter7 Log.class
2003.09.08 12:45 B D:\Data\pages\teaching\proJavaSecurityCode\Chapter7\Log.java --> sce.uhcl.edu /yang/pages/teaching/proJavaSecurityCode/Chapter7 Log.java
2003.09.08 12:45 B D:\Data\pages\teaching\proJavaSecurityCode\Chapter7\Log.policy --> sce.uhcl.edu /yang/pages/teaching/proJavaSecurityCode/Chapter7 Log.policy
2003.09.08 12:45 B D:\Data\pages\teaching\proJavaSecurityCode\Chapter7\SecretWord.class --> sce.uhcl.edu /yang/pages/teaching/proJavaSecurityCode/Chapter7 SecretWord.class
2003.09.08 12:45 B D:\Data\pages\teaching\proJavaSecurityCode\Chapter7\SecretWord.java --> sce.uhcl.edu /yang/pages/teaching/proJavaSecurityCode/Chapter7 SecretWord.java
2003.09.08 12:45 B D:\Data\pages\teaching\proJavaSecurityCode\Chapter7\SecretWord.policy --> sce.uhcl.edu /yang/pages/teaching/proJavaSecurityCode/Chapter7 SecretWord.policy
2003.09.08 12:45 B D:\Data\pages\teaching\proJavaSecurityCode\Chapter7\SecretWordPermission.class --> sce.uhcl.edu /yang/pages/teaching/proJavaSecurityCode/Chapter7 SecretWordPermission.class
2003.09.08 12:45 B D:\Data\pages\teaching\proJavaSecurityCode\Chapter7\SecretWordPermission.java --> sce.uhcl.edu /yang/pages/teaching/proJavaSecurityCode/Chapter7 SecretWordPermission.java
2003.09.08 12:45 B D:\Data\pages\teaching\proJavaSecurityCode\Chapter7\SecretWordTest.class --> sce.uhcl.edu /yang/pages/teaching/proJavaSecurityCode/Chapter7 SecretWordTest.class
2003.09.08 12:45 B D:\Data\pages\teaching\proJavaSecurityCode\Chapter7\SecretWordTest.java --> sce.uhcl.edu /yang/pages/teaching/proJavaSecurityCode/Chapter7 SecretWordTest.java
2003.09.08 12:45 B D:\Data\pages\teaching\proJavaSecurityCode\Chapter7\test.txt --> sce.uhcl.edu /yang/pages/teaching/proJavaSecurityCode/Chapter7 test.txt
2003.09.08 12:45 B D:\Data\pages\teaching\proJavaSecurityCode\Chapter7\TestLog.class --> sce.uhcl.edu /yang/pages/teaching/proJavaSecurityCode/Chapter7 TestLog.class
2003.09.08 12:45 B D:\Data\pages\teaching\proJavaSecurityCode\Chapter7\TestLog.java --> sce.uhcl.edu /yang/pages/teaching/proJavaSecurityCode/Chapter7 TestLog.java
2003.09.08 12:45 B D:\Data\pages\teaching\proJavaSecurityCode\Chapter7\UsernameApplet.class --> sce.uhcl.edu /yang/pages/teaching/proJavaSecurityCode/Chapter7 UsernameApplet.class
2003.09.08 12:45 B D:\Data\pages\teaching\proJavaSecurityCode\Chapter7\UsernameApplet.html --> sce.uhcl.edu /yang/pages/teaching/proJavaSecurityCode/Chapter7 UsernameApplet.html
2003.09.08 12:45 B D:\Data\pages\teaching\proJavaSecurityCode\Chapter7\UsernameApplet.java --> sce.uhcl.edu /yang/pages/teaching/proJavaSecurityCode/Chapter7 UsernameApplet.java
2003.09.08 12:45 B D:\Data\pages\teaching\proJavaSecurityCode\Chapter7\UsernameApplet.policy --> sce.uhcl.edu /yang/pages/teaching/proJavaSecurityCode/Chapter7 UsernameApplet.policy
2003.09.08 12:45 B D:\Data\pages\teaching\proJavaSecurityCode\Chapter7\UsernameAppletRSA.html --> sce.uhcl.edu /yang/pages/teaching/proJavaSecurityCode/Chapter7 UsernameAppletRSA.html
2003.09.08 12:45 B D:\Data\pages\teaching\proJavaSecurityCode\Chapter7\UsernameExplorerApplet.html --> sce.uhcl.edu /yang/pages/teaching/proJavaSecurityCode/Chapter7 UsernameExplorerApplet.html
2003.09.08 12:45 B D:\Data\pages\teaching\proJavaSecurityCode\Chapter7\UsernameExplorerApplet.ini --> sce.uhcl.edu /yang/pages/teaching/proJavaSecurityCode/Chapter7 UsernameExplorerApplet.ini
2003.09.08 12:45 B D:\Data\pages\teaching\proJavaSecurityCode\Chapter7\UsernameNetscapeApplet.html --> sce.uhcl.edu /yang/pages/teaching/proJavaSecurityCode/Chapter7 UsernameNetscapeApplet.html
2003.09.08 12:45 B D:\Data\pages\teaching\proJavaSecurityCode\Chapter7\UsernameNetscapeApplet.java --> sce.uhcl.edu /yang/pages/teaching/proJavaSecurityCode/Chapter7 UsernameNetscapeApplet.java
2003.09.08 12:45 B D:\Data\pages\teaching\proJavaSecurityCode\Chapter7\UsernameNetscapeAppletSigned.html --> sce.uhcl.edu /yang/pages/teaching/proJavaSecurityCode/Chapter7 UsernameNetscapeAppletSigned.html
2003.09.08 12:45 B D:\Data\pages\teaching\proJavaSecurityCode\Chapter7\WS_FTP.LOG --> sce.uhcl.edu /yang/pages/teaching/proJavaSecurityCode/Chapter7 WS_FTP.LOG
