2003.02.26 14:35 B d:\DATA\pages\teaching\csci5931webSecurity\proJavaSecurityCode\Chapter10\com\isnetworks\util\xml\XPathSupport.class --> sce.cl.uh.edu /yang/pages/teaching/csci5931webSecurity/proJavaSecurityCode/Chapter10/com/isnetworks/util/xml XPathSupport.class
2003.02.26 14:35 B d:\DATA\pages\teaching\csci5931webSecurity\proJavaSecurityCode\Chapter10\com\isnetworks\util\xml\XMLPropertyNode.class --> sce.cl.uh.edu /yang/pages/teaching/csci5931webSecurity/proJavaSecurityCode/Chapter10/com/isnetworks/util/xml XMLPropertyNode.class
2003.02.26 14:35 B d:\DATA\pages\teaching\csci5931webSecurity\proJavaSecurityCode\Chapter10\com\isnetworks\util\xml\XMLParsingException.class --> sce.cl.uh.edu /yang/pages/teaching/csci5931webSecurity/proJavaSecurityCode/Chapter10/com/isnetworks/util/xml XMLParsingException.class
2003.02.26 14:35 B d:\DATA\pages\teaching\csci5931webSecurity\proJavaSecurityCode\Chapter10\com\isnetworks\util\xml\InvalidPathException.class --> sce.cl.uh.edu /yang/pages/teaching/csci5931webSecurity/proJavaSecurityCode/Chapter10/com/isnetworks/util/xml InvalidPathException.class
2003.02.26 14:35 B d:\DATA\pages\teaching\csci5931webSecurity\proJavaSecurityCode\Chapter10\com\isnetworks\util\xml\DocumentHandlerAdapter.class --> sce.cl.uh.edu /yang/pages/teaching/csci5931webSecurity/proJavaSecurityCode/Chapter10/com/isnetworks/util/xml DocumentHandlerAdapter.class
2003.02.26 14:35 B d:\DATA\pages\teaching\csci5931webSecurity\proJavaSecurityCode\Chapter10\com\isnetworks\util\xml\InvalidPathException.java --> sce.cl.uh.edu /yang/pages/teaching/csci5931webSecurity/proJavaSecurityCode/Chapter10/com/isnetworks/util/xml InvalidPathException.java
2003.02.26 14:35 B d:\DATA\pages\teaching\csci5931webSecurity\proJavaSecurityCode\Chapter10\com\isnetworks\util\xml\XPathSupport.java --> sce.cl.uh.edu /yang/pages/teaching/csci5931webSecurity/proJavaSecurityCode/Chapter10/com/isnetworks/util/xml XPathSupport.java
2003.02.26 14:35 B d:\DATA\pages\teaching\csci5931webSecurity\proJavaSecurityCode\Chapter10\com\isnetworks\util\xml\XMLPropertyNode.java --> sce.cl.uh.edu /yang/pages/teaching/csci5931webSecurity/proJavaSecurityCode/Chapter10/com/isnetworks/util/xml XMLPropertyNode.java
2003.02.26 14:35 B d:\DATA\pages\teaching\csci5931webSecurity\proJavaSecurityCode\Chapter10\com\isnetworks\util\xml\Makefile --> sce.cl.uh.edu /yang/pages/teaching/csci5931webSecurity/proJavaSecurityCode/Chapter10/com/isnetworks/util/xml Makefile
2003.02.26 14:35 B d:\DATA\pages\teaching\csci5931webSecurity\proJavaSecurityCode\Chapter10\com\isnetworks\util\xml\XMLParsingException.java --> sce.cl.uh.edu /yang/pages/teaching/csci5931webSecurity/proJavaSecurityCode/Chapter10/com/isnetworks/util/xml XMLParsingException.java
2003.02.26 14:35 B d:\DATA\pages\teaching\csci5931webSecurity\proJavaSecurityCode\Chapter10\com\isnetworks\util\xml\DocumentHandlerAdapter.java --> sce.cl.uh.edu /yang/pages/teaching/csci5931webSecurity/proJavaSecurityCode/Chapter10/com/isnetworks/util/xml DocumentHandlerAdapter.java
2003.09.08 12:26 B D:\Data\pages\teaching\proJavaSecurityCode\Chapter10\com\isnetworks\util\xml\DocumentHandlerAdapter.class --> dcm.cl.uh.edu /yang/proJavaSecurityCode/Chapter10/com/isnetworks/util/xml DocumentHandlerAdapter.class
2003.09.08 12:26 B D:\Data\pages\teaching\proJavaSecurityCode\Chapter10\com\isnetworks\util\xml\DocumentHandlerAdapter.java --> dcm.cl.uh.edu /yang/proJavaSecurityCode/Chapter10/com/isnetworks/util/xml DocumentHandlerAdapter.java
2003.09.08 12:26 B D:\Data\pages\teaching\proJavaSecurityCode\Chapter10\com\isnetworks\util\xml\InvalidPathException.class --> dcm.cl.uh.edu /yang/proJavaSecurityCode/Chapter10/com/isnetworks/util/xml InvalidPathException.class
2003.09.08 12:26 B D:\Data\pages\teaching\proJavaSecurityCode\Chapter10\com\isnetworks\util\xml\InvalidPathException.java --> dcm.cl.uh.edu /yang/proJavaSecurityCode/Chapter10/com/isnetworks/util/xml InvalidPathException.java
2003.09.08 12:26 B D:\Data\pages\teaching\proJavaSecurityCode\Chapter10\com\isnetworks\util\xml\Makefile --> dcm.cl.uh.edu /yang/proJavaSecurityCode/Chapter10/com/isnetworks/util/xml Makefile
2003.09.08 12:26 B D:\Data\pages\teaching\proJavaSecurityCode\Chapter10\com\isnetworks\util\xml\WS_FTP.LOG --> dcm.cl.uh.edu /yang/proJavaSecurityCode/Chapter10/com/isnetworks/util/xml WS_FTP.LOG
2003.09.08 12:26 B D:\Data\pages\teaching\proJavaSecurityCode\Chapter10\com\isnetworks\util\xml\XMLParsingException.class --> dcm.cl.uh.edu /yang/proJavaSecurityCode/Chapter10/com/isnetworks/util/xml XMLParsingException.class
2003.09.08 12:26 B D:\Data\pages\teaching\proJavaSecurityCode\Chapter10\com\isnetworks\util\xml\XMLParsingException.java --> dcm.cl.uh.edu /yang/proJavaSecurityCode/Chapter10/com/isnetworks/util/xml XMLParsingException.java
2003.09.08 12:26 B D:\Data\pages\teaching\proJavaSecurityCode\Chapter10\com\isnetworks\util\xml\XMLPropertyNode.class --> dcm.cl.uh.edu /yang/proJavaSecurityCode/Chapter10/com/isnetworks/util/xml XMLPropertyNode.class
2003.09.08 12:26 B D:\Data\pages\teaching\proJavaSecurityCode\Chapter10\com\isnetworks\util\xml\XMLPropertyNode.java --> dcm.cl.uh.edu /yang/proJavaSecurityCode/Chapter10/com/isnetworks/util/xml XMLPropertyNode.java
2003.09.08 12:26 B D:\Data\pages\teaching\proJavaSecurityCode\Chapter10\com\isnetworks\util\xml\XPathSupport.class --> dcm.cl.uh.edu /yang/proJavaSecurityCode/Chapter10/com/isnetworks/util/xml XPathSupport.class
2003.09.08 12:26 B D:\Data\pages\teaching\proJavaSecurityCode\Chapter10\com\isnetworks\util\xml\XPathSupport.java --> dcm.cl.uh.edu /yang/proJavaSecurityCode/Chapter10/com/isnetworks/util/xml XPathSupport.java
2003.09.08 12:43 B D:\Data\pages\teaching\proJavaSecurityCode\Chapter10\com\isnetworks\util\xml\DocumentHandlerAdapter.class --> nas.cl.uh.edu /yang/pages/teaching/proJavaSecurityCode/Chapter10/com/isnetworks/util/xml DocumentHandlerAdapter.class
2003.09.08 12:43 B D:\Data\pages\teaching\proJavaSecurityCode\Chapter10\com\isnetworks\util\xml\DocumentHandlerAdapter.java --> nas.cl.uh.edu /yang/pages/teaching/proJavaSecurityCode/Chapter10/com/isnetworks/util/xml DocumentHandlerAdapter.java
2003.09.08 12:43 B D:\Data\pages\teaching\proJavaSecurityCode\Chapter10\com\isnetworks\util\xml\InvalidPathException.class --> nas.cl.uh.edu /yang/pages/teaching/proJavaSecurityCode/Chapter10/com/isnetworks/util/xml InvalidPathException.class
2003.09.08 12:43 B D:\Data\pages\teaching\proJavaSecurityCode\Chapter10\com\isnetworks\util\xml\InvalidPathException.java --> nas.cl.uh.edu /yang/pages/teaching/proJavaSecurityCode/Chapter10/com/isnetworks/util/xml InvalidPathException.java
2003.09.08 12:43 B D:\Data\pages\teaching\proJavaSecurityCode\Chapter10\com\isnetworks\util\xml\Makefile --> nas.cl.uh.edu /yang/pages/teaching/proJavaSecurityCode/Chapter10/com/isnetworks/util/xml Makefile
2003.09.08 12:43 B D:\Data\pages\teaching\proJavaSecurityCode\Chapter10\com\isnetworks\util\xml\WS_FTP.LOG --> nas.cl.uh.edu /yang/pages/teaching/proJavaSecurityCode/Chapter10/com/isnetworks/util/xml WS_FTP.LOG
2003.09.08 12:43 B D:\Data\pages\teaching\proJavaSecurityCode\Chapter10\com\isnetworks\util\xml\XMLParsingException.class --> nas.cl.uh.edu /yang/pages/teaching/proJavaSecurityCode/Chapter10/com/isnetworks/util/xml XMLParsingException.class
2003.09.08 12:43 B D:\Data\pages\teaching\proJavaSecurityCode\Chapter10\com\isnetworks\util\xml\XMLParsingException.java --> nas.cl.uh.edu /yang/pages/teaching/proJavaSecurityCode/Chapter10/com/isnetworks/util/xml XMLParsingException.java
2003.09.08 12:43 B D:\Data\pages\teaching\proJavaSecurityCode\Chapter10\com\isnetworks\util\xml\XMLPropertyNode.class --> nas.cl.uh.edu /yang/pages/teaching/proJavaSecurityCode/Chapter10/com/isnetworks/util/xml XMLPropertyNode.class
2003.09.08 12:43 B D:\Data\pages\teaching\proJavaSecurityCode\Chapter10\com\isnetworks\util\xml\XMLPropertyNode.java --> nas.cl.uh.edu /yang/pages/teaching/proJavaSecurityCode/Chapter10/com/isnetworks/util/xml XMLPropertyNode.java
2003.09.08 12:43 B D:\Data\pages\teaching\proJavaSecurityCode\Chapter10\com\isnetworks\util\xml\XPathSupport.class --> nas.cl.uh.edu /yang/pages/teaching/proJavaSecurityCode/Chapter10/com/isnetworks/util/xml XPathSupport.class
2003.09.08 12:43 B D:\Data\pages\teaching\proJavaSecurityCode\Chapter10\com\isnetworks\util\xml\XPathSupport.java --> nas.cl.uh.edu /yang/pages/teaching/proJavaSecurityCode/Chapter10/com/isnetworks/util/xml XPathSupport.java
