2003.02.26 14:35 B d:\DATA\pages\teaching\csci5931webSecurity\proJavaSecurityCode\Chapter10\com\projavasecurity\ecommerce\ViewTest.class --> sce.cl.uh.edu /yang/pages/teaching/csci5931webSecurity/proJavaSecurityCode/Chapter10/com/projavasecurity/ecommerce ViewTest.class
2003.02.26 14:35 B d:\DATA\pages\teaching\csci5931webSecurity\proJavaSecurityCode\Chapter10\com\projavasecurity\ecommerce\DatabaseOperations.class --> sce.cl.uh.edu /yang/pages/teaching/csci5931webSecurity/proJavaSecurityCode/Chapter10/com/projavasecurity/ecommerce DatabaseOperations.class
2003.02.26 14:35 B d:\DATA\pages\teaching\csci5931webSecurity\proJavaSecurityCode\Chapter10\com\projavasecurity\ecommerce\CreateTest.class --> sce.cl.uh.edu /yang/pages/teaching/csci5931webSecurity/proJavaSecurityCode/Chapter10/com/projavasecurity/ecommerce CreateTest.class
2003.02.26 14:35 B d:\DATA\pages\teaching\csci5931webSecurity\proJavaSecurityCode\Chapter10\com\projavasecurity\ecommerce\ViewTest.java --> sce.cl.uh.edu /yang/pages/teaching/csci5931webSecurity/proJavaSecurityCode/Chapter10/com/projavasecurity/ecommerce ViewTest.java
2003.02.26 14:35 B d:\DATA\pages\teaching\csci5931webSecurity\proJavaSecurityCode\Chapter10\com\projavasecurity\ecommerce\DatabaseOperations.java --> sce.cl.uh.edu /yang/pages/teaching/csci5931webSecurity/proJavaSecurityCode/Chapter10/com/projavasecurity/ecommerce DatabaseOperations.java
2003.02.26 14:35 B d:\DATA\pages\teaching\csci5931webSecurity\proJavaSecurityCode\Chapter10\com\projavasecurity\ecommerce\CreateTest.java --> sce.cl.uh.edu /yang/pages/teaching/csci5931webSecurity/proJavaSecurityCode/Chapter10/com/projavasecurity/ecommerce CreateTest.java
2003.09.08 12:26 B D:\Data\pages\teaching\proJavaSecurityCode\Chapter10\com\projavasecurity\ecommerce\CreateTest.class --> dcm.cl.uh.edu /yang/proJavaSecurityCode/Chapter10/com/projavasecurity/ecommerce CreateTest.class
2003.09.08 12:26 B D:\Data\pages\teaching\proJavaSecurityCode\Chapter10\com\projavasecurity\ecommerce\CreateTest.java --> dcm.cl.uh.edu /yang/proJavaSecurityCode/Chapter10/com/projavasecurity/ecommerce CreateTest.java
2003.09.08 12:26 B D:\Data\pages\teaching\proJavaSecurityCode\Chapter10\com\projavasecurity\ecommerce\DatabaseOperations.class --> dcm.cl.uh.edu /yang/proJavaSecurityCode/Chapter10/com/projavasecurity/ecommerce DatabaseOperations.class
2003.09.08 12:26 B D:\Data\pages\teaching\proJavaSecurityCode\Chapter10\com\projavasecurity\ecommerce\DatabaseOperations.java --> dcm.cl.uh.edu /yang/proJavaSecurityCode/Chapter10/com/projavasecurity/ecommerce DatabaseOperations.java
2003.09.08 12:26 B D:\Data\pages\teaching\proJavaSecurityCode\Chapter10\com\projavasecurity\ecommerce\ViewTest.class --> dcm.cl.uh.edu /yang/proJavaSecurityCode/Chapter10/com/projavasecurity/ecommerce ViewTest.class
2003.09.08 12:26 B D:\Data\pages\teaching\proJavaSecurityCode\Chapter10\com\projavasecurity\ecommerce\ViewTest.java --> dcm.cl.uh.edu /yang/proJavaSecurityCode/Chapter10/com/projavasecurity/ecommerce ViewTest.java
2003.09.08 12:26 B D:\Data\pages\teaching\proJavaSecurityCode\Chapter10\com\projavasecurity\ecommerce\WS_FTP.LOG --> dcm.cl.uh.edu /yang/proJavaSecurityCode/Chapter10/com/projavasecurity/ecommerce WS_FTP.LOG
2003.09.08 12:43 B D:\Data\pages\teaching\proJavaSecurityCode\Chapter10\com\projavasecurity\ecommerce\CreateTest.class --> nas.cl.uh.edu /yang/pages/teaching/proJavaSecurityCode/Chapter10/com/projavasecurity/ecommerce CreateTest.class
2003.09.08 12:43 B D:\Data\pages\teaching\proJavaSecurityCode\Chapter10\com\projavasecurity\ecommerce\CreateTest.java --> nas.cl.uh.edu /yang/pages/teaching/proJavaSecurityCode/Chapter10/com/projavasecurity/ecommerce CreateTest.java
2003.09.08 12:43 B D:\Data\pages\teaching\proJavaSecurityCode\Chapter10\com\projavasecurity\ecommerce\DatabaseOperations.class --> nas.cl.uh.edu /yang/pages/teaching/proJavaSecurityCode/Chapter10/com/projavasecurity/ecommerce DatabaseOperations.class
2003.09.08 12:43 B D:\Data\pages\teaching\proJavaSecurityCode\Chapter10\com\projavasecurity\ecommerce\DatabaseOperations.java --> nas.cl.uh.edu /yang/pages/teaching/proJavaSecurityCode/Chapter10/com/projavasecurity/ecommerce DatabaseOperations.java
2003.09.08 12:43 B D:\Data\pages\teaching\proJavaSecurityCode\Chapter10\com\projavasecurity\ecommerce\ViewTest.class --> nas.cl.uh.edu /yang/pages/teaching/proJavaSecurityCode/Chapter10/com/projavasecurity/ecommerce ViewTest.class
2003.09.08 12:43 B D:\Data\pages\teaching\proJavaSecurityCode\Chapter10\com\projavasecurity\ecommerce\ViewTest.java --> nas.cl.uh.edu /yang/pages/teaching/proJavaSecurityCode/Chapter10/com/projavasecurity/ecommerce ViewTest.java
2003.09.08 12:43 B D:\Data\pages\teaching\proJavaSecurityCode\Chapter10\com\projavasecurity\ecommerce\WS_FTP.LOG --> nas.cl.uh.edu /yang/pages/teaching/proJavaSecurityCode/Chapter10/com/projavasecurity/ecommerce WS_FTP.LOG
