2003.02.26 14:34 B d:\DATA\pages\teaching\csci5931webSecurity\proJavaSecurityCode\Chapter11\ecommerce_example\data\RegistrationInformation.class --> sce.cl.uh.edu /yang/pages/teaching/csci5931webSecurity/proJavaSecurityCode/Chapter11/ecommerce_example/data RegistrationInformation.class
2003.02.26 14:34 B d:\DATA\pages\teaching\csci5931webSecurity\proJavaSecurityCode\Chapter11\ecommerce_example\data\CreditCardDBO.class --> sce.cl.uh.edu /yang/pages/teaching/csci5931webSecurity/proJavaSecurityCode/Chapter11/ecommerce_example/data CreditCardDBO.class
2003.02.26 14:34 B d:\DATA\pages\teaching\csci5931webSecurity\proJavaSecurityCode\Chapter11\ecommerce_example\data\CreditCard.class --> sce.cl.uh.edu /yang/pages/teaching/csci5931webSecurity/proJavaSecurityCode/Chapter11/ecommerce_example/data CreditCard.class
2003.02.26 14:34 B d:\DATA\pages\teaching\csci5931webSecurity\proJavaSecurityCode\Chapter11\ecommerce_example\data\Account.class --> sce.cl.uh.edu /yang/pages/teaching/csci5931webSecurity/proJavaSecurityCode/Chapter11/ecommerce_example/data Account.class
2003.02.26 14:34 B d:\DATA\pages\teaching\csci5931webSecurity\proJavaSecurityCode\Chapter11\ecommerce_example\data\CreditCardDBO.java --> sce.cl.uh.edu /yang/pages/teaching/csci5931webSecurity/proJavaSecurityCode/Chapter11/ecommerce_example/data CreditCardDBO.java
2003.02.26 14:34 B d:\DATA\pages\teaching\csci5931webSecurity\proJavaSecurityCode\Chapter11\ecommerce_example\data\CreditCard.java --> sce.cl.uh.edu /yang/pages/teaching/csci5931webSecurity/proJavaSecurityCode/Chapter11/ecommerce_example/data CreditCard.java
2003.02.26 14:34 B d:\DATA\pages\teaching\csci5931webSecurity\proJavaSecurityCode\Chapter11\ecommerce_example\data\Account.java --> sce.cl.uh.edu /yang/pages/teaching/csci5931webSecurity/proJavaSecurityCode/Chapter11/ecommerce_example/data Account.java
2003.02.26 14:34 B d:\DATA\pages\teaching\csci5931webSecurity\proJavaSecurityCode\Chapter11\ecommerce_example\data\RegistrationInformation.java --> sce.cl.uh.edu /yang/pages/teaching/csci5931webSecurity/proJavaSecurityCode/Chapter11/ecommerce_example/data RegistrationInformation.java
2003.09.08 12:26 B D:\Data\pages\teaching\proJavaSecurityCode\Chapter11\ecommerce_example\data\Account.class --> dcm.cl.uh.edu /yang/proJavaSecurityCode/Chapter11/ecommerce_example/data Account.class
2003.09.08 12:26 B D:\Data\pages\teaching\proJavaSecurityCode\Chapter11\ecommerce_example\data\Account.java --> dcm.cl.uh.edu /yang/proJavaSecurityCode/Chapter11/ecommerce_example/data Account.java
2003.09.08 12:26 B D:\Data\pages\teaching\proJavaSecurityCode\Chapter11\ecommerce_example\data\CreditCard.class --> dcm.cl.uh.edu /yang/proJavaSecurityCode/Chapter11/ecommerce_example/data CreditCard.class
2003.09.08 12:26 B D:\Data\pages\teaching\proJavaSecurityCode\Chapter11\ecommerce_example\data\CreditCard.java --> dcm.cl.uh.edu /yang/proJavaSecurityCode/Chapter11/ecommerce_example/data CreditCard.java
2003.09.08 12:26 B D:\Data\pages\teaching\proJavaSecurityCode\Chapter11\ecommerce_example\data\CreditCardDBO.class --> dcm.cl.uh.edu /yang/proJavaSecurityCode/Chapter11/ecommerce_example/data CreditCardDBO.class
2003.09.08 12:26 B D:\Data\pages\teaching\proJavaSecurityCode\Chapter11\ecommerce_example\data\CreditCardDBO.java --> dcm.cl.uh.edu /yang/proJavaSecurityCode/Chapter11/ecommerce_example/data CreditCardDBO.java
2003.09.08 12:26 B D:\Data\pages\teaching\proJavaSecurityCode\Chapter11\ecommerce_example\data\RegistrationInformation.class --> dcm.cl.uh.edu /yang/proJavaSecurityCode/Chapter11/ecommerce_example/data RegistrationInformation.class
2003.09.08 12:26 B D:\Data\pages\teaching\proJavaSecurityCode\Chapter11\ecommerce_example\data\RegistrationInformation.java --> dcm.cl.uh.edu /yang/proJavaSecurityCode/Chapter11/ecommerce_example/data RegistrationInformation.java
2003.09.08 12:26 B D:\Data\pages\teaching\proJavaSecurityCode\Chapter11\ecommerce_example\data\WS_FTP.LOG --> dcm.cl.uh.edu /yang/proJavaSecurityCode/Chapter11/ecommerce_example/data WS_FTP.LOG
2003.09.08 12:44 B D:\Data\pages\teaching\proJavaSecurityCode\Chapter11\ecommerce_example\data\Account.class --> nas.cl.uh.edu /yang/pages/teaching/proJavaSecurityCode/Chapter11/ecommerce_example/data Account.class
2003.09.08 12:44 B D:\Data\pages\teaching\proJavaSecurityCode\Chapter11\ecommerce_example\data\Account.java --> nas.cl.uh.edu /yang/pages/teaching/proJavaSecurityCode/Chapter11/ecommerce_example/data Account.java
2003.09.08 12:44 B D:\Data\pages\teaching\proJavaSecurityCode\Chapter11\ecommerce_example\data\CreditCard.class --> nas.cl.uh.edu /yang/pages/teaching/proJavaSecurityCode/Chapter11/ecommerce_example/data CreditCard.class
2003.09.08 12:44 B D:\Data\pages\teaching\proJavaSecurityCode\Chapter11\ecommerce_example\data\CreditCard.java --> nas.cl.uh.edu /yang/pages/teaching/proJavaSecurityCode/Chapter11/ecommerce_example/data CreditCard.java
2003.09.08 12:44 B D:\Data\pages\teaching\proJavaSecurityCode\Chapter11\ecommerce_example\data\CreditCardDBO.class --> nas.cl.uh.edu /yang/pages/teaching/proJavaSecurityCode/Chapter11/ecommerce_example/data CreditCardDBO.class
2003.09.08 12:44 B D:\Data\pages\teaching\proJavaSecurityCode\Chapter11\ecommerce_example\data\CreditCardDBO.java --> nas.cl.uh.edu /yang/pages/teaching/proJavaSecurityCode/Chapter11/ecommerce_example/data CreditCardDBO.java
2003.09.08 12:44 B D:\Data\pages\teaching\proJavaSecurityCode\Chapter11\ecommerce_example\data\RegistrationInformation.class --> nas.cl.uh.edu /yang/pages/teaching/proJavaSecurityCode/Chapter11/ecommerce_example/data RegistrationInformation.class
2003.09.08 12:44 B D:\Data\pages\teaching\proJavaSecurityCode\Chapter11\ecommerce_example\data\RegistrationInformation.java --> nas.cl.uh.edu /yang/pages/teaching/proJavaSecurityCode/Chapter11/ecommerce_example/data RegistrationInformation.java
2003.09.08 12:44 B D:\Data\pages\teaching\proJavaSecurityCode\Chapter11\ecommerce_example\data\WS_FTP.LOG --> nas.cl.uh.edu /yang/pages/teaching/proJavaSecurityCode/Chapter11/ecommerce_example/data WS_FTP.LOG
