2003.02.26 14:34 B d:\DATA\pages\teaching\csci5931webSecurity\proJavaSecurityCode\Chapter11\ecommerce_example\bank\BankImpl_Stub.class --> sce.cl.uh.edu /yang/pages/teaching/csci5931webSecurity/proJavaSecurityCode/Chapter11/ecommerce_example/bank BankImpl_Stub.class
2003.02.26 14:34 B d:\DATA\pages\teaching\csci5931webSecurity\proJavaSecurityCode\Chapter11\ecommerce_example\bank\BankImpl_Skel.class --> sce.cl.uh.edu /yang/pages/teaching/csci5931webSecurity/proJavaSecurityCode/Chapter11/ecommerce_example/bank BankImpl_Skel.class
2003.02.26 14:34 B d:\DATA\pages\teaching\csci5931webSecurity\proJavaSecurityCode\Chapter11\ecommerce_example\bank\DatabaseOperations.class --> sce.cl.uh.edu /yang/pages/teaching/csci5931webSecurity/proJavaSecurityCode/Chapter11/ecommerce_example/bank DatabaseOperations.class
2003.02.26 14:34 B d:\DATA\pages\teaching\csci5931webSecurity\proJavaSecurityCode\Chapter11\ecommerce_example\bank\BankInit.class --> sce.cl.uh.edu /yang/pages/teaching/csci5931webSecurity/proJavaSecurityCode/Chapter11/ecommerce_example/bank BankInit.class
2003.02.26 14:34 B d:\DATA\pages\teaching\csci5931webSecurity\proJavaSecurityCode\Chapter11\ecommerce_example\bank\BankImpl.class --> sce.cl.uh.edu /yang/pages/teaching/csci5931webSecurity/proJavaSecurityCode/Chapter11/ecommerce_example/bank BankImpl.class
2003.02.26 14:34 B d:\DATA\pages\teaching\csci5931webSecurity\proJavaSecurityCode\Chapter11\ecommerce_example\bank\BankImpl.java --> sce.cl.uh.edu /yang/pages/teaching/csci5931webSecurity/proJavaSecurityCode/Chapter11/ecommerce_example/bank BankImpl.java
2003.02.26 14:34 B d:\DATA\pages\teaching\csci5931webSecurity\proJavaSecurityCode\Chapter11\ecommerce_example\bank\DatabaseOperations.java --> sce.cl.uh.edu /yang/pages/teaching/csci5931webSecurity/proJavaSecurityCode/Chapter11/ecommerce_example/bank DatabaseOperations.java
2003.02.26 14:34 B d:\DATA\pages\teaching\csci5931webSecurity\proJavaSecurityCode\Chapter11\ecommerce_example\bank\BankInit.java --> sce.cl.uh.edu /yang/pages/teaching/csci5931webSecurity/proJavaSecurityCode/Chapter11/ecommerce_example/bank BankInit.java
2003.09.08 12:26 B D:\Data\pages\teaching\proJavaSecurityCode\Chapter11\ecommerce_example\bank\BankImpl.class --> dcm.cl.uh.edu /yang/proJavaSecurityCode/Chapter11/ecommerce_example/bank BankImpl.class
2003.09.08 12:26 B D:\Data\pages\teaching\proJavaSecurityCode\Chapter11\ecommerce_example\bank\BankImpl.java --> dcm.cl.uh.edu /yang/proJavaSecurityCode/Chapter11/ecommerce_example/bank BankImpl.java
2003.09.08 12:26 B D:\Data\pages\teaching\proJavaSecurityCode\Chapter11\ecommerce_example\bank\BankImpl_Skel.class --> dcm.cl.uh.edu /yang/proJavaSecurityCode/Chapter11/ecommerce_example/bank BankImpl_Skel.class
2003.09.08 12:26 B D:\Data\pages\teaching\proJavaSecurityCode\Chapter11\ecommerce_example\bank\BankImpl_Stub.class --> dcm.cl.uh.edu /yang/proJavaSecurityCode/Chapter11/ecommerce_example/bank BankImpl_Stub.class
2003.09.08 12:26 B D:\Data\pages\teaching\proJavaSecurityCode\Chapter11\ecommerce_example\bank\BankInit.class --> dcm.cl.uh.edu /yang/proJavaSecurityCode/Chapter11/ecommerce_example/bank BankInit.class
2003.09.08 12:26 B D:\Data\pages\teaching\proJavaSecurityCode\Chapter11\ecommerce_example\bank\BankInit.java --> dcm.cl.uh.edu /yang/proJavaSecurityCode/Chapter11/ecommerce_example/bank BankInit.java
2003.09.08 12:26 B D:\Data\pages\teaching\proJavaSecurityCode\Chapter11\ecommerce_example\bank\DatabaseOperations.class --> dcm.cl.uh.edu /yang/proJavaSecurityCode/Chapter11/ecommerce_example/bank DatabaseOperations.class
2003.09.08 12:26 B D:\Data\pages\teaching\proJavaSecurityCode\Chapter11\ecommerce_example\bank\DatabaseOperations.java --> dcm.cl.uh.edu /yang/proJavaSecurityCode/Chapter11/ecommerce_example/bank DatabaseOperations.java
2003.09.08 12:26 B D:\Data\pages\teaching\proJavaSecurityCode\Chapter11\ecommerce_example\bank\WS_FTP.LOG --> dcm.cl.uh.edu /yang/proJavaSecurityCode/Chapter11/ecommerce_example/bank WS_FTP.LOG
2003.09.08 12:44 B D:\Data\pages\teaching\proJavaSecurityCode\Chapter11\ecommerce_example\bank\BankImpl.class --> nas.cl.uh.edu /yang/pages/teaching/proJavaSecurityCode/Chapter11/ecommerce_example/bank BankImpl.class
2003.09.08 12:44 B D:\Data\pages\teaching\proJavaSecurityCode\Chapter11\ecommerce_example\bank\BankImpl.java --> nas.cl.uh.edu /yang/pages/teaching/proJavaSecurityCode/Chapter11/ecommerce_example/bank BankImpl.java
2003.09.08 12:44 B D:\Data\pages\teaching\proJavaSecurityCode\Chapter11\ecommerce_example\bank\BankImpl_Skel.class --> nas.cl.uh.edu /yang/pages/teaching/proJavaSecurityCode/Chapter11/ecommerce_example/bank BankImpl_Skel.class
2003.09.08 12:44 B D:\Data\pages\teaching\proJavaSecurityCode\Chapter11\ecommerce_example\bank\BankImpl_Stub.class --> nas.cl.uh.edu /yang/pages/teaching/proJavaSecurityCode/Chapter11/ecommerce_example/bank BankImpl_Stub.class
2003.09.08 12:44 B D:\Data\pages\teaching\proJavaSecurityCode\Chapter11\ecommerce_example\bank\BankInit.class --> nas.cl.uh.edu /yang/pages/teaching/proJavaSecurityCode/Chapter11/ecommerce_example/bank BankInit.class
2003.09.08 12:44 B D:\Data\pages\teaching\proJavaSecurityCode\Chapter11\ecommerce_example\bank\BankInit.java --> nas.cl.uh.edu /yang/pages/teaching/proJavaSecurityCode/Chapter11/ecommerce_example/bank BankInit.java
2003.09.08 12:44 B D:\Data\pages\teaching\proJavaSecurityCode\Chapter11\ecommerce_example\bank\DatabaseOperations.class --> nas.cl.uh.edu /yang/pages/teaching/proJavaSecurityCode/Chapter11/ecommerce_example/bank DatabaseOperations.class
2003.09.08 12:44 B D:\Data\pages\teaching\proJavaSecurityCode\Chapter11\ecommerce_example\bank\DatabaseOperations.java --> nas.cl.uh.edu /yang/pages/teaching/proJavaSecurityCode/Chapter11/ecommerce_example/bank DatabaseOperations.java
2003.09.08 12:44 B D:\Data\pages\teaching\proJavaSecurityCode\Chapter11\ecommerce_example\bank\WS_FTP.LOG --> nas.cl.uh.edu /yang/pages/teaching/proJavaSecurityCode/Chapter11/ecommerce_example/bank WS_FTP.LOG
