2003.02.26 14:36 B d:\DATA\pages\teaching\csci5931webSecurity\proJavaSecurityCode\Chapter10\SecureDriver.jar --> sce.cl.uh.edu /yang/pages/teaching/csci5931webSecurity/proJavaSecurityCode/Chapter10 SecureDriver.jar
2003.02.26 14:36 B d:\DATA\pages\teaching\csci5931webSecurity\proJavaSecurityCode\Chapter10\SniffTest.class --> sce.cl.uh.edu /yang/pages/teaching/csci5931webSecurity/proJavaSecurityCode/Chapter10 SniffTest.class
2003.02.26 14:36 B d:\DATA\pages\teaching\csci5931webSecurity\proJavaSecurityCode\Chapter10\config.properties --> sce.cl.uh.edu /yang/pages/teaching/csci5931webSecurity/proJavaSecurityCode/Chapter10 config.properties
2003.02.26 14:36 B d:\DATA\pages\teaching\csci5931webSecurity\proJavaSecurityCode\Chapter10\SniffTest.java --> sce.cl.uh.edu /yang/pages/teaching/csci5931webSecurity/proJavaSecurityCode/Chapter10 SniffTest.java
2003.02.26 14:36 B d:\DATA\pages\teaching\csci5931webSecurity\proJavaSecurityCode\Chapter10\SniffTest.bat --> sce.cl.uh.edu /yang/pages/teaching/csci5931webSecurity/proJavaSecurityCode/Chapter10 SniffTest.bat
2003.02.26 14:36 B d:\DATA\pages\teaching\csci5931webSecurity\proJavaSecurityCode\Chapter10\sniff_table.sql --> sce.cl.uh.edu /yang/pages/teaching/csci5931webSecurity/proJavaSecurityCode/Chapter10 sniff_table.sql
2003.02.26 14:36 B d:\DATA\pages\teaching\csci5931webSecurity\proJavaSecurityCode\Chapter10\Makefile --> sce.cl.uh.edu /yang/pages/teaching/csci5931webSecurity/proJavaSecurityCode/Chapter10 Makefile
2003.09.08 12:26 B D:\Data\pages\teaching\proJavaSecurityCode\Chapter10\config.properties --> dcm.cl.uh.edu /yang/proJavaSecurityCode/Chapter10 config.properties
2003.09.08 12:26 B D:\Data\pages\teaching\proJavaSecurityCode\Chapter10\Makefile --> dcm.cl.uh.edu /yang/proJavaSecurityCode/Chapter10 Makefile
2003.09.08 12:26 B D:\Data\pages\teaching\proJavaSecurityCode\Chapter10\SecureDriver.jar --> dcm.cl.uh.edu /yang/proJavaSecurityCode/Chapter10 SecureDriver.jar
2003.09.08 12:26 B D:\Data\pages\teaching\proJavaSecurityCode\Chapter10\sniff_table.sql --> dcm.cl.uh.edu /yang/proJavaSecurityCode/Chapter10 sniff_table.sql
2003.09.08 12:26 B D:\Data\pages\teaching\proJavaSecurityCode\Chapter10\SniffTest.bat --> dcm.cl.uh.edu /yang/proJavaSecurityCode/Chapter10 SniffTest.bat
2003.09.08 12:26 B D:\Data\pages\teaching\proJavaSecurityCode\Chapter10\SniffTest.class --> dcm.cl.uh.edu /yang/proJavaSecurityCode/Chapter10 SniffTest.class
2003.09.08 12:26 B D:\Data\pages\teaching\proJavaSecurityCode\Chapter10\SniffTest.java --> dcm.cl.uh.edu /yang/proJavaSecurityCode/Chapter10 SniffTest.java
2003.09.08 12:26 B D:\Data\pages\teaching\proJavaSecurityCode\Chapter10\WS_FTP.LOG --> dcm.cl.uh.edu /yang/proJavaSecurityCode/Chapter10 WS_FTP.LOG
2003.09.08 12:44 B D:\Data\pages\teaching\proJavaSecurityCode\Chapter10\config.properties --> nas.cl.uh.edu /yang/pages/teaching/proJavaSecurityCode/Chapter10 config.properties
2003.09.08 12:44 B D:\Data\pages\teaching\proJavaSecurityCode\Chapter10\Makefile --> nas.cl.uh.edu /yang/pages/teaching/proJavaSecurityCode/Chapter10 Makefile
2003.09.08 12:44 B D:\Data\pages\teaching\proJavaSecurityCode\Chapter10\SecureDriver.jar --> nas.cl.uh.edu /yang/pages/teaching/proJavaSecurityCode/Chapter10 SecureDriver.jar
2003.09.08 12:44 B D:\Data\pages\teaching\proJavaSecurityCode\Chapter10\sniff_table.sql --> nas.cl.uh.edu /yang/pages/teaching/proJavaSecurityCode/Chapter10 sniff_table.sql
2003.09.08 12:44 B D:\Data\pages\teaching\proJavaSecurityCode\Chapter10\SniffTest.bat --> nas.cl.uh.edu /yang/pages/teaching/proJavaSecurityCode/Chapter10 SniffTest.bat
2003.09.08 12:44 B D:\Data\pages\teaching\proJavaSecurityCode\Chapter10\SniffTest.class --> nas.cl.uh.edu /yang/pages/teaching/proJavaSecurityCode/Chapter10 SniffTest.class
2003.09.08 12:44 B D:\Data\pages\teaching\proJavaSecurityCode\Chapter10\SniffTest.java --> nas.cl.uh.edu /yang/pages/teaching/proJavaSecurityCode/Chapter10 SniffTest.java
2003.09.08 12:44 B D:\Data\pages\teaching\proJavaSecurityCode\Chapter10\WS_FTP.LOG --> nas.cl.uh.edu /yang/pages/teaching/proJavaSecurityCode/Chapter10 WS_FTP.LOG
