2003.02.26 14:33 B d:\DATA\pages\teaching\csci5931webSecurity\proJavaSecurityCode\Chapter9\UsernamePasswordCallbackHandler.class --> sce.uhcl.edu /yang/pages/teaching/csci5931webSecurity/proJavaSecurityCode/Chapter9 UsernamePasswordCallbackHandler.class
2003.02.26 14:33 B d:\DATA\pages\teaching\csci5931webSecurity\proJavaSecurityCode\Chapter9\TimeServerSSLImpl_Stub.class --> sce.uhcl.edu /yang/pages/teaching/csci5931webSecurity/proJavaSecurityCode/Chapter9 TimeServerSSLImpl_Stub.class
2003.02.26 14:33 B d:\DATA\pages\teaching\csci5931webSecurity\proJavaSecurityCode\Chapter9\TimeServerSSLImpl.class --> sce.uhcl.edu /yang/pages/teaching/csci5931webSecurity/proJavaSecurityCode/Chapter9 TimeServerSSLImpl.class
2003.02.26 14:33 B d:\DATA\pages\teaching\csci5931webSecurity\proJavaSecurityCode\Chapter9\TimeServerImpl_Stub.class --> sce.uhcl.edu /yang/pages/teaching/csci5931webSecurity/proJavaSecurityCode/Chapter9 TimeServerImpl_Stub.class
2003.02.26 14:33 B d:\DATA\pages\teaching\csci5931webSecurity\proJavaSecurityCode\Chapter9\TimeServerImpl.class --> sce.uhcl.edu /yang/pages/teaching/csci5931webSecurity/proJavaSecurityCode/Chapter9 TimeServerImpl.class
2003.02.26 14:33 B d:\DATA\pages\teaching\csci5931webSecurity\proJavaSecurityCode\Chapter9\TimeServer.class --> sce.uhcl.edu /yang/pages/teaching/csci5931webSecurity/proJavaSecurityCode/Chapter9 TimeServer.class
2003.02.26 14:33 B d:\DATA\pages\teaching\csci5931webSecurity\proJavaSecurityCode\Chapter9\TimeClient.class --> sce.uhcl.edu /yang/pages/teaching/csci5931webSecurity/proJavaSecurityCode/Chapter9 TimeClient.class
2003.02.26 14:33 B d:\DATA\pages\teaching\csci5931webSecurity\proJavaSecurityCode\Chapter9\SunSSLSocketServer.class --> sce.uhcl.edu /yang/pages/teaching/csci5931webSecurity/proJavaSecurityCode/Chapter9 SunSSLSocketServer.class
2003.02.26 14:33 B d:\DATA\pages\teaching\csci5931webSecurity\proJavaSecurityCode\Chapter9\SunSSLSocketClient.class --> sce.uhcl.edu /yang/pages/teaching/csci5931webSecurity/proJavaSecurityCode/Chapter9 SunSSLSocketClient.class
2003.02.26 14:33 B d:\DATA\pages\teaching\csci5931webSecurity\proJavaSecurityCode\Chapter9\SSLSocketServer.class --> sce.uhcl.edu /yang/pages/teaching/csci5931webSecurity/proJavaSecurityCode/Chapter9 SSLSocketServer.class
2003.02.26 14:33 B d:\DATA\pages\teaching\csci5931webSecurity\proJavaSecurityCode\Chapter9\SSLSocketClient.class --> sce.uhcl.edu /yang/pages/teaching/csci5931webSecurity/proJavaSecurityCode/Chapter9 SSLSocketClient.class
2003.02.26 14:33 B d:\DATA\pages\teaching\csci5931webSecurity\proJavaSecurityCode\Chapter9\SSLAuthenticator.class --> sce.uhcl.edu /yang/pages/teaching/csci5931webSecurity/proJavaSecurityCode/Chapter9 SSLAuthenticator.class
2003.02.26 14:33 B d:\DATA\pages\teaching\csci5931webSecurity\proJavaSecurityCode\Chapter9\RMISSLServerSocketFactory.class --> sce.uhcl.edu /yang/pages/teaching/csci5931webSecurity/proJavaSecurityCode/Chapter9 RMISSLServerSocketFactory.class
2003.02.26 14:33 B d:\DATA\pages\teaching\csci5931webSecurity\proJavaSecurityCode\Chapter9\RMISSLClientSocketFactory.class --> sce.uhcl.edu /yang/pages/teaching/csci5931webSecurity/proJavaSecurityCode/Chapter9 RMISSLClientSocketFactory.class
2003.02.26 14:33 B d:\DATA\pages\teaching\csci5931webSecurity\proJavaSecurityCode\Chapter9\PrincipalImpl.class --> sce.uhcl.edu /yang/pages/teaching/csci5931webSecurity/proJavaSecurityCode/Chapter9 PrincipalImpl.class
2003.02.26 14:33 B d:\DATA\pages\teaching\csci5931webSecurity\proJavaSecurityCode\Chapter9\PasswordLoginModule.class --> sce.uhcl.edu /yang/pages/teaching/csci5931webSecurity/proJavaSecurityCode/Chapter9 PasswordLoginModule.class
2003.02.26 14:33 B d:\DATA\pages\teaching\csci5931webSecurity\proJavaSecurityCode\Chapter9\JAASSampleApp.class --> sce.uhcl.edu /yang/pages/teaching/csci5931webSecurity/proJavaSecurityCode/Chapter9 JAASSampleApp.class
2003.02.26 14:33 B d:\DATA\pages\teaching\csci5931webSecurity\proJavaSecurityCode\Chapter9\JAASAuthorizationExample.class --> sce.uhcl.edu /yang/pages/teaching/csci5931webSecurity/proJavaSecurityCode/Chapter9 JAASAuthorizationExample.class
2003.02.26 14:33 B d:\DATA\pages\teaching\csci5931webSecurity\proJavaSecurityCode\Chapter9\HTTPSServerWithAuth.class --> sce.uhcl.edu /yang/pages/teaching/csci5931webSecurity/proJavaSecurityCode/Chapter9 HTTPSServerWithAuth.class
2003.02.26 14:33 B d:\DATA\pages\teaching\csci5931webSecurity\proJavaSecurityCode\Chapter9\HTTPSServer.class --> sce.uhcl.edu /yang/pages/teaching/csci5931webSecurity/proJavaSecurityCode/Chapter9 HTTPSServer.class
2003.02.26 14:33 B d:\DATA\pages\teaching\csci5931webSecurity\proJavaSecurityCode\Chapter9\HTTPSClient.class --> sce.uhcl.edu /yang/pages/teaching/csci5931webSecurity/proJavaSecurityCode/Chapter9 HTTPSClient.class
2003.02.26 14:33 B d:\DATA\pages\teaching\csci5931webSecurity\proJavaSecurityCode\Chapter9\HTTPSAuthServer.class --> sce.uhcl.edu /yang/pages/teaching/csci5931webSecurity/proJavaSecurityCode/Chapter9 HTTPSAuthServer.class
2003.02.26 14:33 B d:\DATA\pages\teaching\csci5931webSecurity\proJavaSecurityCode\Chapter9\HamletAuthenticator.class --> sce.uhcl.edu /yang/pages/teaching/csci5931webSecurity/proJavaSecurityCode/Chapter9 HamletAuthenticator.class
2003.02.26 14:33 B d:\DATA\pages\teaching\csci5931webSecurity\proJavaSecurityCode\Chapter9\ExampleAction.class --> sce.uhcl.edu /yang/pages/teaching/csci5931webSecurity/proJavaSecurityCode/Chapter9 ExampleAction.class
2003.02.26 14:33 B d:\DATA\pages\teaching\csci5931webSecurity\proJavaSecurityCode\Chapter9\AuthenticationException.class --> sce.uhcl.edu /yang/pages/teaching/csci5931webSecurity/proJavaSecurityCode/Chapter9 AuthenticationException.class
2003.02.26 14:33 B d:\DATA\pages\teaching\csci5931webSecurity\proJavaSecurityCode\Chapter9\HTTPSServer.java --> sce.uhcl.edu /yang/pages/teaching/csci5931webSecurity/proJavaSecurityCode/Chapter9 HTTPSServer.java
2003.02.26 14:33 B d:\DATA\pages\teaching\csci5931webSecurity\proJavaSecurityCode\Chapter9\TimeClient.java --> sce.uhcl.edu /yang/pages/teaching/csci5931webSecurity/proJavaSecurityCode/Chapter9 TimeClient.java
2003.02.26 14:33 B d:\DATA\pages\teaching\csci5931webSecurity\proJavaSecurityCode\Chapter9\HTTPSServerWithAuth.java --> sce.uhcl.edu /yang/pages/teaching/csci5931webSecurity/proJavaSecurityCode/Chapter9 HTTPSServerWithAuth.java
2003.02.26 14:33 B d:\DATA\pages\teaching\csci5931webSecurity\proJavaSecurityCode\Chapter9\JAASAuthorizationExample.java --> sce.uhcl.edu /yang/pages/teaching/csci5931webSecurity/proJavaSecurityCode/Chapter9 JAASAuthorizationExample.java
2003.02.26 14:33 B d:\DATA\pages\teaching\csci5931webSecurity\proJavaSecurityCode\Chapter9\runFail.bat --> sce.uhcl.edu /yang/pages/teaching/csci5931webSecurity/proJavaSecurityCode/Chapter9 runFail.bat
2003.02.26 14:33 B d:\DATA\pages\teaching\csci5931webSecurity\proJavaSecurityCode\Chapter9\run.bat --> sce.uhcl.edu /yang/pages/teaching/csci5931webSecurity/proJavaSecurityCode/Chapter9 run.bat
2003.02.26 14:33 B d:\DATA\pages\teaching\csci5931webSecurity\proJavaSecurityCode\Chapter9\example.policy --> sce.uhcl.edu /yang/pages/teaching/csci5931webSecurity/proJavaSecurityCode/Chapter9 example.policy
2003.02.26 14:33 B d:\DATA\pages\teaching\csci5931webSecurity\proJavaSecurityCode\Chapter9\PrincipalImpl.java --> sce.uhcl.edu /yang/pages/teaching/csci5931webSecurity/proJavaSecurityCode/Chapter9 PrincipalImpl.java
2003.02.26 14:33 B d:\DATA\pages\teaching\csci5931webSecurity\proJavaSecurityCode\Chapter9\JAASSampleApp.java --> sce.uhcl.edu /yang/pages/teaching/csci5931webSecurity/proJavaSecurityCode/Chapter9 JAASSampleApp.java
2003.02.26 14:33 B d:\DATA\pages\teaching\csci5931webSecurity\proJavaSecurityCode\Chapter9\UsernamePasswordCallbackHandler.java --> sce.uhcl.edu /yang/pages/teaching/csci5931webSecurity/proJavaSecurityCode/Chapter9 UsernamePasswordCallbackHandler.java
2003.02.26 14:33 B d:\DATA\pages\teaching\csci5931webSecurity\proJavaSecurityCode\Chapter9\jaas.config --> sce.uhcl.edu /yang/pages/teaching/csci5931webSecurity/proJavaSecurityCode/Chapter9 jaas.config
2003.02.26 14:33 B d:\DATA\pages\teaching\csci5931webSecurity\proJavaSecurityCode\Chapter9\PasswordLoginModule.java --> sce.uhcl.edu /yang/pages/teaching/csci5931webSecurity/proJavaSecurityCode/Chapter9 PasswordLoginModule.java
2003.02.26 14:33 B d:\DATA\pages\teaching\csci5931webSecurity\proJavaSecurityCode\Chapter9\TimeServerSSLImpl.java --> sce.uhcl.edu /yang/pages/teaching/csci5931webSecurity/proJavaSecurityCode/Chapter9 TimeServerSSLImpl.java
2003.02.26 14:33 B d:\DATA\pages\teaching\csci5931webSecurity\proJavaSecurityCode\Chapter9\TimeServerImpl.java --> sce.uhcl.edu /yang/pages/teaching/csci5931webSecurity/proJavaSecurityCode/Chapter9 TimeServerImpl.java
2003.02.26 14:33 B d:\DATA\pages\teaching\csci5931webSecurity\proJavaSecurityCode\Chapter9\TimeServer.java --> sce.uhcl.edu /yang/pages/teaching/csci5931webSecurity/proJavaSecurityCode/Chapter9 TimeServer.java
2003.02.26 14:33 B d:\DATA\pages\teaching\csci5931webSecurity\proJavaSecurityCode\Chapter9\RMISSLServerSocketFactory.java --> sce.uhcl.edu /yang/pages/teaching/csci5931webSecurity/proJavaSecurityCode/Chapter9 RMISSLServerSocketFactory.java
2003.02.26 14:33 B d:\DATA\pages\teaching\csci5931webSecurity\proJavaSecurityCode\Chapter9\RMISSLClientSocketFactory.java --> sce.uhcl.edu /yang/pages/teaching/csci5931webSecurity/proJavaSecurityCode/Chapter9 RMISSLClientSocketFactory.java
2003.02.26 14:33 B d:\DATA\pages\teaching\csci5931webSecurity\proJavaSecurityCode\Chapter9\rmi.policy --> sce.uhcl.edu /yang/pages/teaching/csci5931webSecurity/proJavaSecurityCode/Chapter9 rmi.policy
2003.02.26 14:33 B d:\DATA\pages\teaching\csci5931webSecurity\proJavaSecurityCode\Chapter9\HTTPSAuthServer.java --> sce.uhcl.edu /yang/pages/teaching/csci5931webSecurity/proJavaSecurityCode/Chapter9 HTTPSAuthServer.java
2003.02.26 14:33 B d:\DATA\pages\teaching\csci5931webSecurity\proJavaSecurityCode\Chapter9\HamletAuthenticator.java --> sce.uhcl.edu /yang/pages/teaching/csci5931webSecurity/proJavaSecurityCode/Chapter9 HamletAuthenticator.java
2003.02.26 14:33 B d:\DATA\pages\teaching\csci5931webSecurity\proJavaSecurityCode\Chapter9\SSLAuthenticator.java --> sce.uhcl.edu /yang/pages/teaching/csci5931webSecurity/proJavaSecurityCode/Chapter9 SSLAuthenticator.java
2003.02.26 14:33 B d:\DATA\pages\teaching\csci5931webSecurity\proJavaSecurityCode\Chapter9\AuthenticationException.java --> sce.uhcl.edu /yang/pages/teaching/csci5931webSecurity/proJavaSecurityCode/Chapter9 AuthenticationException.java
2003.02.26 14:33 B d:\DATA\pages\teaching\csci5931webSecurity\proJavaSecurityCode\Chapter9\SunSSLSocketServer.java --> sce.uhcl.edu /yang/pages/teaching/csci5931webSecurity/proJavaSecurityCode/Chapter9 SunSSLSocketServer.java
2003.02.26 14:33 B d:\DATA\pages\teaching\csci5931webSecurity\proJavaSecurityCode\Chapter9\SunSSLSocketClient.java --> sce.uhcl.edu /yang/pages/teaching/csci5931webSecurity/proJavaSecurityCode/Chapter9 SunSSLSocketClient.java
2003.02.26 14:33 B d:\DATA\pages\teaching\csci5931webSecurity\proJavaSecurityCode\Chapter9\SSLSocketServer.java --> sce.uhcl.edu /yang/pages/teaching/csci5931webSecurity/proJavaSecurityCode/Chapter9 SSLSocketServer.java
2003.02.26 14:33 B d:\DATA\pages\teaching\csci5931webSecurity\proJavaSecurityCode\Chapter9\SSLSocketClient.java --> sce.uhcl.edu /yang/pages/teaching/csci5931webSecurity/proJavaSecurityCode/Chapter9 SSLSocketClient.java
2003.02.26 14:33 B d:\DATA\pages\teaching\csci5931webSecurity\proJavaSecurityCode\Chapter9\HTTPSClient.java --> sce.uhcl.edu /yang/pages/teaching/csci5931webSecurity/proJavaSecurityCode/Chapter9 HTTPSClient.java
2003.09.08 12:27 B D:\Data\pages\teaching\proJavaSecurityCode\Chapter9\AuthenticationException.class --> dcm.uhcl.edu /yang/proJavaSecurityCode/Chapter9 AuthenticationException.class
2003.09.08 12:27 B D:\Data\pages\teaching\proJavaSecurityCode\Chapter9\AuthenticationException.java --> dcm.uhcl.edu /yang/proJavaSecurityCode/Chapter9 AuthenticationException.java
2003.09.08 12:27 B D:\Data\pages\teaching\proJavaSecurityCode\Chapter9\example.policy --> dcm.uhcl.edu /yang/proJavaSecurityCode/Chapter9 example.policy
2003.09.08 12:27 B D:\Data\pages\teaching\proJavaSecurityCode\Chapter9\ExampleAction.class --> dcm.uhcl.edu /yang/proJavaSecurityCode/Chapter9 ExampleAction.class
2003.09.08 12:27 B D:\Data\pages\teaching\proJavaSecurityCode\Chapter9\HamletAuthenticator.class --> dcm.uhcl.edu /yang/proJavaSecurityCode/Chapter9 HamletAuthenticator.class
2003.09.08 12:27 B D:\Data\pages\teaching\proJavaSecurityCode\Chapter9\HamletAuthenticator.java --> dcm.uhcl.edu /yang/proJavaSecurityCode/Chapter9 HamletAuthenticator.java
2003.09.08 12:27 B D:\Data\pages\teaching\proJavaSecurityCode\Chapter9\HTTPSAuthServer.class --> dcm.uhcl.edu /yang/proJavaSecurityCode/Chapter9 HTTPSAuthServer.class
2003.09.08 12:27 B D:\Data\pages\teaching\proJavaSecurityCode\Chapter9\HTTPSAuthServer.java --> dcm.uhcl.edu /yang/proJavaSecurityCode/Chapter9 HTTPSAuthServer.java
2003.09.08 12:27 B D:\Data\pages\teaching\proJavaSecurityCode\Chapter9\HTTPSClient.class --> dcm.uhcl.edu /yang/proJavaSecurityCode/Chapter9 HTTPSClient.class
2003.09.08 12:27 B D:\Data\pages\teaching\proJavaSecurityCode\Chapter9\HTTPSClient.java --> dcm.uhcl.edu /yang/proJavaSecurityCode/Chapter9 HTTPSClient.java
2003.09.08 12:27 B D:\Data\pages\teaching\proJavaSecurityCode\Chapter9\HTTPSServer.class --> dcm.uhcl.edu /yang/proJavaSecurityCode/Chapter9 HTTPSServer.class
2003.09.08 12:27 B D:\Data\pages\teaching\proJavaSecurityCode\Chapter9\HTTPSServer.java --> dcm.uhcl.edu /yang/proJavaSecurityCode/Chapter9 HTTPSServer.java
2003.09.08 12:27 B D:\Data\pages\teaching\proJavaSecurityCode\Chapter9\HTTPSServerWithAuth.class --> dcm.uhcl.edu /yang/proJavaSecurityCode/Chapter9 HTTPSServerWithAuth.class
2003.09.08 12:27 B D:\Data\pages\teaching\proJavaSecurityCode\Chapter9\HTTPSServerWithAuth.java --> dcm.uhcl.edu /yang/proJavaSecurityCode/Chapter9 HTTPSServerWithAuth.java
2003.09.08 12:27 B D:\Data\pages\teaching\proJavaSecurityCode\Chapter9\jaas.config --> dcm.uhcl.edu /yang/proJavaSecurityCode/Chapter9 jaas.config
2003.09.08 12:27 B D:\Data\pages\teaching\proJavaSecurityCode\Chapter9\JAASAuthorizationExample.class --> dcm.uhcl.edu /yang/proJavaSecurityCode/Chapter9 JAASAuthorizationExample.class
2003.09.08 12:27 B D:\Data\pages\teaching\proJavaSecurityCode\Chapter9\JAASAuthorizationExample.java --> dcm.uhcl.edu /yang/proJavaSecurityCode/Chapter9 JAASAuthorizationExample.java
2003.09.08 12:27 B D:\Data\pages\teaching\proJavaSecurityCode\Chapter9\JAASSampleApp.class --> dcm.uhcl.edu /yang/proJavaSecurityCode/Chapter9 JAASSampleApp.class
2003.09.08 12:27 B D:\Data\pages\teaching\proJavaSecurityCode\Chapter9\JAASSampleApp.java --> dcm.uhcl.edu /yang/proJavaSecurityCode/Chapter9 JAASSampleApp.java
2003.09.08 12:27 B D:\Data\pages\teaching\proJavaSecurityCode\Chapter9\PasswordLoginModule.class --> dcm.uhcl.edu /yang/proJavaSecurityCode/Chapter9 PasswordLoginModule.class
2003.09.08 12:27 B D:\Data\pages\teaching\proJavaSecurityCode\Chapter9\PasswordLoginModule.java --> dcm.uhcl.edu /yang/proJavaSecurityCode/Chapter9 PasswordLoginModule.java
2003.09.08 12:27 B D:\Data\pages\teaching\proJavaSecurityCode\Chapter9\PrincipalImpl.class --> dcm.uhcl.edu /yang/proJavaSecurityCode/Chapter9 PrincipalImpl.class
2003.09.08 12:27 B D:\Data\pages\teaching\proJavaSecurityCode\Chapter9\PrincipalImpl.java --> dcm.uhcl.edu /yang/proJavaSecurityCode/Chapter9 PrincipalImpl.java
2003.09.08 12:27 B D:\Data\pages\teaching\proJavaSecurityCode\Chapter9\rmi.policy --> dcm.uhcl.edu /yang/proJavaSecurityCode/Chapter9 rmi.policy
2003.09.08 12:27 B D:\Data\pages\teaching\proJavaSecurityCode\Chapter9\RMISSLClientSocketFactory.class --> dcm.uhcl.edu /yang/proJavaSecurityCode/Chapter9 RMISSLClientSocketFactory.class
2003.09.08 12:27 B D:\Data\pages\teaching\proJavaSecurityCode\Chapter9\RMISSLClientSocketFactory.java --> dcm.uhcl.edu /yang/proJavaSecurityCode/Chapter9 RMISSLClientSocketFactory.java
2003.09.08 12:27 B D:\Data\pages\teaching\proJavaSecurityCode\Chapter9\RMISSLServerSocketFactory.class --> dcm.uhcl.edu /yang/proJavaSecurityCode/Chapter9 RMISSLServerSocketFactory.class
2003.09.08 12:27 B D:\Data\pages\teaching\proJavaSecurityCode\Chapter9\RMISSLServerSocketFactory.java --> dcm.uhcl.edu /yang/proJavaSecurityCode/Chapter9 RMISSLServerSocketFactory.java
2003.09.08 12:27 B D:\Data\pages\teaching\proJavaSecurityCode\Chapter9\run.bat --> dcm.uhcl.edu /yang/proJavaSecurityCode/Chapter9 run.bat
2003.09.08 12:27 B D:\Data\pages\teaching\proJavaSecurityCode\Chapter9\runFail.bat --> dcm.uhcl.edu /yang/proJavaSecurityCode/Chapter9 runFail.bat
2003.09.08 12:27 B D:\Data\pages\teaching\proJavaSecurityCode\Chapter9\SSLAuthenticator.class --> dcm.uhcl.edu /yang/proJavaSecurityCode/Chapter9 SSLAuthenticator.class
2003.09.08 12:27 B D:\Data\pages\teaching\proJavaSecurityCode\Chapter9\SSLAuthenticator.java --> dcm.uhcl.edu /yang/proJavaSecurityCode/Chapter9 SSLAuthenticator.java
2003.09.08 12:27 B D:\Data\pages\teaching\proJavaSecurityCode\Chapter9\SSLSocketClient.class --> dcm.uhcl.edu /yang/proJavaSecurityCode/Chapter9 SSLSocketClient.class
2003.09.08 12:27 B D:\Data\pages\teaching\proJavaSecurityCode\Chapter9\SSLSocketClient.java --> dcm.uhcl.edu /yang/proJavaSecurityCode/Chapter9 SSLSocketClient.java
2003.09.08 12:27 B D:\Data\pages\teaching\proJavaSecurityCode\Chapter9\SSLSocketServer.class --> dcm.uhcl.edu /yang/proJavaSecurityCode/Chapter9 SSLSocketServer.class
2003.09.08 12:27 B D:\Data\pages\teaching\proJavaSecurityCode\Chapter9\SSLSocketServer.java --> dcm.uhcl.edu /yang/proJavaSecurityCode/Chapter9 SSLSocketServer.java
2003.09.08 12:27 B D:\Data\pages\teaching\proJavaSecurityCode\Chapter9\SunSSLSocketClient.class --> dcm.uhcl.edu /yang/proJavaSecurityCode/Chapter9 SunSSLSocketClient.class
2003.09.08 12:27 B D:\Data\pages\teaching\proJavaSecurityCode\Chapter9\SunSSLSocketClient.java --> dcm.uhcl.edu /yang/proJavaSecurityCode/Chapter9 SunSSLSocketClient.java
2003.09.08 12:27 B D:\Data\pages\teaching\proJavaSecurityCode\Chapter9\SunSSLSocketServer.class --> dcm.uhcl.edu /yang/proJavaSecurityCode/Chapter9 SunSSLSocketServer.class
2003.09.08 12:27 B D:\Data\pages\teaching\proJavaSecurityCode\Chapter9\SunSSLSocketServer.java --> dcm.uhcl.edu /yang/proJavaSecurityCode/Chapter9 SunSSLSocketServer.java
2003.09.08 12:27 B D:\Data\pages\teaching\proJavaSecurityCode\Chapter9\TimeClient.class --> dcm.uhcl.edu /yang/proJavaSecurityCode/Chapter9 TimeClient.class
2003.09.08 12:27 B D:\Data\pages\teaching\proJavaSecurityCode\Chapter9\TimeClient.java --> dcm.uhcl.edu /yang/proJavaSecurityCode/Chapter9 TimeClient.java
2003.09.08 12:27 B D:\Data\pages\teaching\proJavaSecurityCode\Chapter9\TimeServer.class --> dcm.uhcl.edu /yang/proJavaSecurityCode/Chapter9 TimeServer.class
2003.09.08 12:27 B D:\Data\pages\teaching\proJavaSecurityCode\Chapter9\TimeServer.java --> dcm.uhcl.edu /yang/proJavaSecurityCode/Chapter9 TimeServer.java
2003.09.08 12:27 B D:\Data\pages\teaching\proJavaSecurityCode\Chapter9\TimeServerImpl.class --> dcm.uhcl.edu /yang/proJavaSecurityCode/Chapter9 TimeServerImpl.class
2003.09.08 12:27 B D:\Data\pages\teaching\proJavaSecurityCode\Chapter9\TimeServerImpl.java --> dcm.uhcl.edu /yang/proJavaSecurityCode/Chapter9 TimeServerImpl.java
2003.09.08 12:27 B D:\Data\pages\teaching\proJavaSecurityCode\Chapter9\TimeServerImpl_Stub.class --> dcm.uhcl.edu /yang/proJavaSecurityCode/Chapter9 TimeServerImpl_Stub.class
2003.09.08 12:27 B D:\Data\pages\teaching\proJavaSecurityCode\Chapter9\TimeServerSSLImpl.class --> dcm.uhcl.edu /yang/proJavaSecurityCode/Chapter9 TimeServerSSLImpl.class
2003.09.08 12:27 B D:\Data\pages\teaching\proJavaSecurityCode\Chapter9\TimeServerSSLImpl.java --> dcm.uhcl.edu /yang/proJavaSecurityCode/Chapter9 TimeServerSSLImpl.java
2003.09.08 12:27 B D:\Data\pages\teaching\proJavaSecurityCode\Chapter9\TimeServerSSLImpl_Stub.class --> dcm.uhcl.edu /yang/proJavaSecurityCode/Chapter9 TimeServerSSLImpl_Stub.class
2003.09.08 12:27 B D:\Data\pages\teaching\proJavaSecurityCode\Chapter9\UsernamePasswordCallbackHandler.class --> dcm.uhcl.edu /yang/proJavaSecurityCode/Chapter9 UsernamePasswordCallbackHandler.class
2003.09.08 12:27 B D:\Data\pages\teaching\proJavaSecurityCode\Chapter9\UsernamePasswordCallbackHandler.java --> dcm.uhcl.edu /yang/proJavaSecurityCode/Chapter9 UsernamePasswordCallbackHandler.java
2003.09.08 12:27 B D:\Data\pages\teaching\proJavaSecurityCode\Chapter9\WS_FTP.LOG --> dcm.uhcl.edu /yang/proJavaSecurityCode/Chapter9 WS_FTP.LOG
2003.09.08 12:45 B D:\Data\pages\teaching\proJavaSecurityCode\Chapter9\AuthenticationException.class --> nas.uhcl.edu /yang/pages/teaching/proJavaSecurityCode/Chapter9 AuthenticationException.class
2003.09.08 12:45 B D:\Data\pages\teaching\proJavaSecurityCode\Chapter9\AuthenticationException.java --> nas.uhcl.edu /yang/pages/teaching/proJavaSecurityCode/Chapter9 AuthenticationException.java
2003.09.08 12:45 B D:\Data\pages\teaching\proJavaSecurityCode\Chapter9\example.policy --> nas.uhcl.edu /yang/pages/teaching/proJavaSecurityCode/Chapter9 example.policy
2003.09.08 12:45 B D:\Data\pages\teaching\proJavaSecurityCode\Chapter9\ExampleAction.class --> nas.uhcl.edu /yang/pages/teaching/proJavaSecurityCode/Chapter9 ExampleAction.class
2003.09.08 12:45 B D:\Data\pages\teaching\proJavaSecurityCode\Chapter9\HamletAuthenticator.class --> nas.uhcl.edu /yang/pages/teaching/proJavaSecurityCode/Chapter9 HamletAuthenticator.class
2003.09.08 12:45 B D:\Data\pages\teaching\proJavaSecurityCode\Chapter9\HamletAuthenticator.java --> nas.uhcl.edu /yang/pages/teaching/proJavaSecurityCode/Chapter9 HamletAuthenticator.java
2003.09.08 12:45 B D:\Data\pages\teaching\proJavaSecurityCode\Chapter9\HTTPSAuthServer.class --> nas.uhcl.edu /yang/pages/teaching/proJavaSecurityCode/Chapter9 HTTPSAuthServer.class
2003.09.08 12:45 B D:\Data\pages\teaching\proJavaSecurityCode\Chapter9\HTTPSAuthServer.java --> nas.uhcl.edu /yang/pages/teaching/proJavaSecurityCode/Chapter9 HTTPSAuthServer.java
2003.09.08 12:45 B D:\Data\pages\teaching\proJavaSecurityCode\Chapter9\HTTPSClient.class --> nas.uhcl.edu /yang/pages/teaching/proJavaSecurityCode/Chapter9 HTTPSClient.class
2003.09.08 12:45 B D:\Data\pages\teaching\proJavaSecurityCode\Chapter9\HTTPSClient.java --> nas.uhcl.edu /yang/pages/teaching/proJavaSecurityCode/Chapter9 HTTPSClient.java
2003.09.08 12:45 B D:\Data\pages\teaching\proJavaSecurityCode\Chapter9\HTTPSServer.class --> nas.uhcl.edu /yang/pages/teaching/proJavaSecurityCode/Chapter9 HTTPSServer.class
2003.09.08 12:45 B D:\Data\pages\teaching\proJavaSecurityCode\Chapter9\HTTPSServer.java --> nas.uhcl.edu /yang/pages/teaching/proJavaSecurityCode/Chapter9 HTTPSServer.java
2003.09.08 12:45 B D:\Data\pages\teaching\proJavaSecurityCode\Chapter9\HTTPSServerWithAuth.class --> nas.uhcl.edu /yang/pages/teaching/proJavaSecurityCode/Chapter9 HTTPSServerWithAuth.class
2003.09.08 12:45 B D:\Data\pages\teaching\proJavaSecurityCode\Chapter9\HTTPSServerWithAuth.java --> nas.uhcl.edu /yang/pages/teaching/proJavaSecurityCode/Chapter9 HTTPSServerWithAuth.java
2003.09.08 12:45 B D:\Data\pages\teaching\proJavaSecurityCode\Chapter9\jaas.config --> nas.uhcl.edu /yang/pages/teaching/proJavaSecurityCode/Chapter9 jaas.config
2003.09.08 12:45 B D:\Data\pages\teaching\proJavaSecurityCode\Chapter9\JAASAuthorizationExample.class --> nas.uhcl.edu /yang/pages/teaching/proJavaSecurityCode/Chapter9 JAASAuthorizationExample.class
2003.09.08 12:45 B D:\Data\pages\teaching\proJavaSecurityCode\Chapter9\JAASAuthorizationExample.java --> nas.uhcl.edu /yang/pages/teaching/proJavaSecurityCode/Chapter9 JAASAuthorizationExample.java
2003.09.08 12:45 B D:\Data\pages\teaching\proJavaSecurityCode\Chapter9\JAASSampleApp.class --> nas.uhcl.edu /yang/pages/teaching/proJavaSecurityCode/Chapter9 JAASSampleApp.class
2003.09.08 12:45 B D:\Data\pages\teaching\proJavaSecurityCode\Chapter9\JAASSampleApp.java --> nas.uhcl.edu /yang/pages/teaching/proJavaSecurityCode/Chapter9 JAASSampleApp.java
2003.09.08 12:45 B D:\Data\pages\teaching\proJavaSecurityCode\Chapter9\PasswordLoginModule.class --> nas.uhcl.edu /yang/pages/teaching/proJavaSecurityCode/Chapter9 PasswordLoginModule.class
2003.09.08 12:45 B D:\Data\pages\teaching\proJavaSecurityCode\Chapter9\PasswordLoginModule.java --> nas.uhcl.edu /yang/pages/teaching/proJavaSecurityCode/Chapter9 PasswordLoginModule.java
2003.09.08 12:45 B D:\Data\pages\teaching\proJavaSecurityCode\Chapter9\PrincipalImpl.class --> nas.uhcl.edu /yang/pages/teaching/proJavaSecurityCode/Chapter9 PrincipalImpl.class
2003.09.08 12:45 B D:\Data\pages\teaching\proJavaSecurityCode\Chapter9\PrincipalImpl.java --> nas.uhcl.edu /yang/pages/teaching/proJavaSecurityCode/Chapter9 PrincipalImpl.java
2003.09.08 12:45 B D:\Data\pages\teaching\proJavaSecurityCode\Chapter9\rmi.policy --> nas.uhcl.edu /yang/pages/teaching/proJavaSecurityCode/Chapter9 rmi.policy
2003.09.08 12:45 B D:\Data\pages\teaching\proJavaSecurityCode\Chapter9\RMISSLClientSocketFactory.class --> nas.uhcl.edu /yang/pages/teaching/proJavaSecurityCode/Chapter9 RMISSLClientSocketFactory.class
2003.09.08 12:45 B D:\Data\pages\teaching\proJavaSecurityCode\Chapter9\RMISSLClientSocketFactory.java --> nas.uhcl.edu /yang/pages/teaching/proJavaSecurityCode/Chapter9 RMISSLClientSocketFactory.java
2003.09.08 12:45 B D:\Data\pages\teaching\proJavaSecurityCode\Chapter9\RMISSLServerSocketFactory.class --> nas.uhcl.edu /yang/pages/teaching/proJavaSecurityCode/Chapter9 RMISSLServerSocketFactory.class
2003.09.08 12:45 B D:\Data\pages\teaching\proJavaSecurityCode\Chapter9\RMISSLServerSocketFactory.java --> nas.uhcl.edu /yang/pages/teaching/proJavaSecurityCode/Chapter9 RMISSLServerSocketFactory.java
2003.09.08 12:45 B D:\Data\pages\teaching\proJavaSecurityCode\Chapter9\run.bat --> nas.uhcl.edu /yang/pages/teaching/proJavaSecurityCode/Chapter9 run.bat
2003.09.08 12:45 B D:\Data\pages\teaching\proJavaSecurityCode\Chapter9\runFail.bat --> nas.uhcl.edu /yang/pages/teaching/proJavaSecurityCode/Chapter9 runFail.bat
2003.09.08 12:45 B D:\Data\pages\teaching\proJavaSecurityCode\Chapter9\SSLAuthenticator.class --> nas.uhcl.edu /yang/pages/teaching/proJavaSecurityCode/Chapter9 SSLAuthenticator.class
2003.09.08 12:45 B D:\Data\pages\teaching\proJavaSecurityCode\Chapter9\SSLAuthenticator.java --> nas.uhcl.edu /yang/pages/teaching/proJavaSecurityCode/Chapter9 SSLAuthenticator.java
2003.09.08 12:45 B D:\Data\pages\teaching\proJavaSecurityCode\Chapter9\SSLSocketClient.class --> nas.uhcl.edu /yang/pages/teaching/proJavaSecurityCode/Chapter9 SSLSocketClient.class
2003.09.08 12:45 B D:\Data\pages\teaching\proJavaSecurityCode\Chapter9\SSLSocketClient.java --> nas.uhcl.edu /yang/pages/teaching/proJavaSecurityCode/Chapter9 SSLSocketClient.java
2003.09.08 12:45 B D:\Data\pages\teaching\proJavaSecurityCode\Chapter9\SSLSocketServer.class --> nas.uhcl.edu /yang/pages/teaching/proJavaSecurityCode/Chapter9 SSLSocketServer.class
2003.09.08 12:45 B D:\Data\pages\teaching\proJavaSecurityCode\Chapter9\SSLSocketServer.java --> nas.uhcl.edu /yang/pages/teaching/proJavaSecurityCode/Chapter9 SSLSocketServer.java
2003.09.08 12:45 B D:\Data\pages\teaching\proJavaSecurityCode\Chapter9\SunSSLSocketClient.class --> nas.uhcl.edu /yang/pages/teaching/proJavaSecurityCode/Chapter9 SunSSLSocketClient.class
2003.09.08 12:45 B D:\Data\pages\teaching\proJavaSecurityCode\Chapter9\SunSSLSocketClient.java --> nas.uhcl.edu /yang/pages/teaching/proJavaSecurityCode/Chapter9 SunSSLSocketClient.java
2003.09.08 12:45 B D:\Data\pages\teaching\proJavaSecurityCode\Chapter9\SunSSLSocketServer.class --> nas.uhcl.edu /yang/pages/teaching/proJavaSecurityCode/Chapter9 SunSSLSocketServer.class
2003.09.08 12:45 B D:\Data\pages\teaching\proJavaSecurityCode\Chapter9\SunSSLSocketServer.java --> nas.uhcl.edu /yang/pages/teaching/proJavaSecurityCode/Chapter9 SunSSLSocketServer.java
2003.09.08 12:45 B D:\Data\pages\teaching\proJavaSecurityCode\Chapter9\TimeClient.class --> nas.uhcl.edu /yang/pages/teaching/proJavaSecurityCode/Chapter9 TimeClient.class
2003.09.08 12:45 B D:\Data\pages\teaching\proJavaSecurityCode\Chapter9\TimeClient.java --> nas.uhcl.edu /yang/pages/teaching/proJavaSecurityCode/Chapter9 TimeClient.java
2003.09.08 12:45 B D:\Data\pages\teaching\proJavaSecurityCode\Chapter9\TimeServer.class --> nas.uhcl.edu /yang/pages/teaching/proJavaSecurityCode/Chapter9 TimeServer.class
2003.09.08 12:45 B D:\Data\pages\teaching\proJavaSecurityCode\Chapter9\TimeServer.java --> nas.uhcl.edu /yang/pages/teaching/proJavaSecurityCode/Chapter9 TimeServer.java
2003.09.08 12:45 B D:\Data\pages\teaching\proJavaSecurityCode\Chapter9\TimeServerImpl.class --> nas.uhcl.edu /yang/pages/teaching/proJavaSecurityCode/Chapter9 TimeServerImpl.class
2003.09.08 12:45 B D:\Data\pages\teaching\proJavaSecurityCode\Chapter9\TimeServerImpl.java --> nas.uhcl.edu /yang/pages/teaching/proJavaSecurityCode/Chapter9 TimeServerImpl.java
2003.09.08 12:45 B D:\Data\pages\teaching\proJavaSecurityCode\Chapter9\TimeServerImpl_Stub.class --> nas.uhcl.edu /yang/pages/teaching/proJavaSecurityCode/Chapter9 TimeServerImpl_Stub.class
2003.09.08 12:45 B D:\Data\pages\teaching\proJavaSecurityCode\Chapter9\TimeServerSSLImpl.class --> nas.uhcl.edu /yang/pages/teaching/proJavaSecurityCode/Chapter9 TimeServerSSLImpl.class
2003.09.08 12:45 B D:\Data\pages\teaching\proJavaSecurityCode\Chapter9\TimeServerSSLImpl.java --> nas.uhcl.edu /yang/pages/teaching/proJavaSecurityCode/Chapter9 TimeServerSSLImpl.java
2003.09.08 12:45 B D:\Data\pages\teaching\proJavaSecurityCode\Chapter9\TimeServerSSLImpl_Stub.class --> nas.uhcl.edu /yang/pages/teaching/proJavaSecurityCode/Chapter9 TimeServerSSLImpl_Stub.class
2003.09.08 12:45 B D:\Data\pages\teaching\proJavaSecurityCode\Chapter9\UsernamePasswordCallbackHandler.class --> nas.uhcl.edu /yang/pages/teaching/proJavaSecurityCode/Chapter9 UsernamePasswordCallbackHandler.class
2003.09.08 12:45 B D:\Data\pages\teaching\proJavaSecurityCode\Chapter9\UsernamePasswordCallbackHandler.java --> nas.uhcl.edu /yang/pages/teaching/proJavaSecurityCode/Chapter9 UsernamePasswordCallbackHandler.java
2003.09.08 12:45 B D:\Data\pages\teaching\proJavaSecurityCode\Chapter9\WS_FTP.LOG --> nas.uhcl.edu /yang/pages/teaching/proJavaSecurityCode/Chapter9 WS_FTP.LOG
