2003.02.26 14:33 B d:\DATA\pages\teaching\csci5931webSecurity\proJavaSecurityCode\Chapter4\FileEncryptor.class --> sce.cl.uh.edu /yang/pages/teaching/csci5931webSecurity/proJavaSecurityCode/Chapter4 FileEncryptor.class
2003.02.26 14:33 B d:\DATA\pages\teaching\csci5931webSecurity\proJavaSecurityCode\Chapter4\FileEncryptor.java --> sce.cl.uh.edu /yang/pages/teaching/csci5931webSecurity/proJavaSecurityCode/Chapter4 FileEncryptor.java
2003.02.26 14:33 B d:\DATA\pages\teaching\csci5931webSecurity\proJavaSecurityCode\Chapter4\SimpleExample.class --> sce.cl.uh.edu /yang/pages/teaching/csci5931webSecurity/proJavaSecurityCode/Chapter4 SimpleExample.class
2003.02.26 14:33 B d:\DATA\pages\teaching\csci5931webSecurity\proJavaSecurityCode\Chapter4\SealedObjectExample.class --> sce.cl.uh.edu /yang/pages/teaching/csci5931webSecurity/proJavaSecurityCode/Chapter4 SealedObjectExample.class
2003.02.26 14:33 B d:\DATA\pages\teaching\csci5931webSecurity\proJavaSecurityCode\Chapter4\PBE.class --> sce.cl.uh.edu /yang/pages/teaching/csci5931webSecurity/proJavaSecurityCode/Chapter4 PBE.class
2003.02.26 14:33 B d:\DATA\pages\teaching\csci5931webSecurity\proJavaSecurityCode\Chapter4\KeyStoreExample.class --> sce.cl.uh.edu /yang/pages/teaching/csci5931webSecurity/proJavaSecurityCode/Chapter4 KeyStoreExample.class
2003.02.26 14:34 B d:\DATA\pages\teaching\csci5931webSecurity\proJavaSecurityCode\Chapter4\KeysizeTest.class --> sce.cl.uh.edu /yang/pages/teaching/csci5931webSecurity/proJavaSecurityCode/Chapter4 KeysizeTest.class
2003.02.26 14:34 B d:\DATA\pages\teaching\csci5931webSecurity\proJavaSecurityCode\Chapter4\KeysizeExample.class --> sce.cl.uh.edu /yang/pages/teaching/csci5931webSecurity/proJavaSecurityCode/Chapter4 KeysizeExample.class
2003.02.26 14:34 B d:\DATA\pages\teaching\csci5931webSecurity\proJavaSecurityCode\Chapter4\FileEncryptorRC4.class --> sce.cl.uh.edu /yang/pages/teaching/csci5931webSecurity/proJavaSecurityCode/Chapter4 FileEncryptorRC4.class
2003.02.26 14:34 B d:\DATA\pages\teaching\csci5931webSecurity\proJavaSecurityCode\Chapter4\EncryptedObject.class --> sce.cl.uh.edu /yang/pages/teaching/csci5931webSecurity/proJavaSecurityCode/Chapter4 EncryptedObject.class
2003.02.26 14:34 B d:\DATA\pages\teaching\csci5931webSecurity\proJavaSecurityCode\Chapter4\BlowfishExample.class --> sce.cl.uh.edu /yang/pages/teaching/csci5931webSecurity/proJavaSecurityCode/Chapter4 BlowfishExample.class
2003.02.26 14:34 B d:\DATA\pages\teaching\csci5931webSecurity\proJavaSecurityCode\Chapter4\SimpleExample.java --> sce.cl.uh.edu /yang/pages/teaching/csci5931webSecurity/proJavaSecurityCode/Chapter4 SimpleExample.java
2003.02.26 14:34 B d:\DATA\pages\teaching\csci5931webSecurity\proJavaSecurityCode\Chapter4\PBE.java --> sce.cl.uh.edu /yang/pages/teaching/csci5931webSecurity/proJavaSecurityCode/Chapter4 PBE.java
2003.02.26 14:34 B d:\DATA\pages\teaching\csci5931webSecurity\proJavaSecurityCode\Chapter4\KeyStoreExample.java --> sce.cl.uh.edu /yang/pages/teaching/csci5931webSecurity/proJavaSecurityCode/Chapter4 KeyStoreExample.java
2003.02.26 14:34 B d:\DATA\pages\teaching\csci5931webSecurity\proJavaSecurityCode\Chapter4\BlowfishExample.java --> sce.cl.uh.edu /yang/pages/teaching/csci5931webSecurity/proJavaSecurityCode/Chapter4 BlowfishExample.java
2003.02.26 14:34 B d:\DATA\pages\teaching\csci5931webSecurity\proJavaSecurityCode\Chapter4\FileEncryptorRC4.java --> sce.cl.uh.edu /yang/pages/teaching/csci5931webSecurity/proJavaSecurityCode/Chapter4 FileEncryptorRC4.java
2003.02.26 14:34 B d:\DATA\pages\teaching\csci5931webSecurity\proJavaSecurityCode\Chapter4\KeysizeExample.java --> sce.cl.uh.edu /yang/pages/teaching/csci5931webSecurity/proJavaSecurityCode/Chapter4 KeysizeExample.java
2003.02.26 14:34 B d:\DATA\pages\teaching\csci5931webSecurity\proJavaSecurityCode\Chapter4\EncryptedObject.java --> sce.cl.uh.edu /yang/pages/teaching/csci5931webSecurity/proJavaSecurityCode/Chapter4 EncryptedObject.java
2003.02.26 14:34 B d:\DATA\pages\teaching\csci5931webSecurity\proJavaSecurityCode\Chapter4\SealedObjectExample.java --> sce.cl.uh.edu /yang/pages/teaching/csci5931webSecurity/proJavaSecurityCode/Chapter4 SealedObjectExample.java
2003.02.26 14:34 B d:\DATA\pages\teaching\csci5931webSecurity\proJavaSecurityCode\Chapter4\KeysizeTest.java --> sce.cl.uh.edu /yang/pages/teaching/csci5931webSecurity/proJavaSecurityCode/Chapter4 KeysizeTest.java
2003.09.08 12:27 B D:\Data\pages\teaching\proJavaSecurityCode\Chapter4\BlowfishExample.class --> dcm.cl.uh.edu /yang/proJavaSecurityCode/Chapter4 BlowfishExample.class
2003.09.08 12:27 B D:\Data\pages\teaching\proJavaSecurityCode\Chapter4\BlowfishExample.java --> dcm.cl.uh.edu /yang/proJavaSecurityCode/Chapter4 BlowfishExample.java
2003.09.08 12:27 B D:\Data\pages\teaching\proJavaSecurityCode\Chapter4\EncryptedObject.class --> dcm.cl.uh.edu /yang/proJavaSecurityCode/Chapter4 EncryptedObject.class
2003.09.08 12:27 B D:\Data\pages\teaching\proJavaSecurityCode\Chapter4\EncryptedObject.java --> dcm.cl.uh.edu /yang/proJavaSecurityCode/Chapter4 EncryptedObject.java
2003.09.08 12:27 B D:\Data\pages\teaching\proJavaSecurityCode\Chapter4\FileEncryptor.class --> dcm.cl.uh.edu /yang/proJavaSecurityCode/Chapter4 FileEncryptor.class
2003.09.08 12:27 B D:\Data\pages\teaching\proJavaSecurityCode\Chapter4\FileEncryptor.java --> dcm.cl.uh.edu /yang/proJavaSecurityCode/Chapter4 FileEncryptor.java
2003.09.08 12:27 B D:\Data\pages\teaching\proJavaSecurityCode\Chapter4\FileEncryptorRC4.class --> dcm.cl.uh.edu /yang/proJavaSecurityCode/Chapter4 FileEncryptorRC4.class
2003.09.08 12:27 B D:\Data\pages\teaching\proJavaSecurityCode\Chapter4\FileEncryptorRC4.java --> dcm.cl.uh.edu /yang/proJavaSecurityCode/Chapter4 FileEncryptorRC4.java
2003.09.08 12:27 B D:\Data\pages\teaching\proJavaSecurityCode\Chapter4\KeysizeExample.class --> dcm.cl.uh.edu /yang/proJavaSecurityCode/Chapter4 KeysizeExample.class
2003.09.08 12:27 B D:\Data\pages\teaching\proJavaSecurityCode\Chapter4\KeysizeExample.java --> dcm.cl.uh.edu /yang/proJavaSecurityCode/Chapter4 KeysizeExample.java
2003.09.08 12:27 B D:\Data\pages\teaching\proJavaSecurityCode\Chapter4\KeysizeTest.class --> dcm.cl.uh.edu /yang/proJavaSecurityCode/Chapter4 KeysizeTest.class
2003.09.08 12:27 B D:\Data\pages\teaching\proJavaSecurityCode\Chapter4\KeysizeTest.java --> dcm.cl.uh.edu /yang/proJavaSecurityCode/Chapter4 KeysizeTest.java
2003.09.08 12:27 B D:\Data\pages\teaching\proJavaSecurityCode\Chapter4\KeyStoreExample.class --> dcm.cl.uh.edu /yang/proJavaSecurityCode/Chapter4 KeyStoreExample.class
2003.09.08 12:27 B D:\Data\pages\teaching\proJavaSecurityCode\Chapter4\KeyStoreExample.java --> dcm.cl.uh.edu /yang/proJavaSecurityCode/Chapter4 KeyStoreExample.java
2003.09.08 12:27 B D:\Data\pages\teaching\proJavaSecurityCode\Chapter4\PBE.class --> dcm.cl.uh.edu /yang/proJavaSecurityCode/Chapter4 PBE.class
2003.09.08 12:27 B D:\Data\pages\teaching\proJavaSecurityCode\Chapter4\PBE.java --> dcm.cl.uh.edu /yang/proJavaSecurityCode/Chapter4 PBE.java
2003.09.08 12:27 B D:\Data\pages\teaching\proJavaSecurityCode\Chapter4\SealedObjectExample.class --> dcm.cl.uh.edu /yang/proJavaSecurityCode/Chapter4 SealedObjectExample.class
2003.09.08 12:27 B D:\Data\pages\teaching\proJavaSecurityCode\Chapter4\SealedObjectExample.java --> dcm.cl.uh.edu /yang/proJavaSecurityCode/Chapter4 SealedObjectExample.java
2003.09.08 12:27 B D:\Data\pages\teaching\proJavaSecurityCode\Chapter4\SimpleExample.class --> dcm.cl.uh.edu /yang/proJavaSecurityCode/Chapter4 SimpleExample.class
2003.09.08 12:27 B D:\Data\pages\teaching\proJavaSecurityCode\Chapter4\SimpleExample.java --> dcm.cl.uh.edu /yang/proJavaSecurityCode/Chapter4 SimpleExample.java
2003.09.08 12:27 B D:\Data\pages\teaching\proJavaSecurityCode\Chapter4\WS_FTP.LOG --> dcm.cl.uh.edu /yang/proJavaSecurityCode/Chapter4 WS_FTP.LOG
2003.09.08 12:44 B D:\Data\pages\teaching\proJavaSecurityCode\Chapter4\BlowfishExample.class --> nas.cl.uh.edu /yang/pages/teaching/proJavaSecurityCode/Chapter4 BlowfishExample.class
2003.09.08 12:44 B D:\Data\pages\teaching\proJavaSecurityCode\Chapter4\BlowfishExample.java --> nas.cl.uh.edu /yang/pages/teaching/proJavaSecurityCode/Chapter4 BlowfishExample.java
2003.09.08 12:44 B D:\Data\pages\teaching\proJavaSecurityCode\Chapter4\EncryptedObject.class --> nas.cl.uh.edu /yang/pages/teaching/proJavaSecurityCode/Chapter4 EncryptedObject.class
2003.09.08 12:44 B D:\Data\pages\teaching\proJavaSecurityCode\Chapter4\EncryptedObject.java --> nas.cl.uh.edu /yang/pages/teaching/proJavaSecurityCode/Chapter4 EncryptedObject.java
2003.09.08 12:44 B D:\Data\pages\teaching\proJavaSecurityCode\Chapter4\FileEncryptor.class --> nas.cl.uh.edu /yang/pages/teaching/proJavaSecurityCode/Chapter4 FileEncryptor.class
2003.09.08 12:44 B D:\Data\pages\teaching\proJavaSecurityCode\Chapter4\FileEncryptor.java --> nas.cl.uh.edu /yang/pages/teaching/proJavaSecurityCode/Chapter4 FileEncryptor.java
2003.09.08 12:44 B D:\Data\pages\teaching\proJavaSecurityCode\Chapter4\FileEncryptorRC4.class --> nas.cl.uh.edu /yang/pages/teaching/proJavaSecurityCode/Chapter4 FileEncryptorRC4.class
2003.09.08 12:44 B D:\Data\pages\teaching\proJavaSecurityCode\Chapter4\FileEncryptorRC4.java --> nas.cl.uh.edu /yang/pages/teaching/proJavaSecurityCode/Chapter4 FileEncryptorRC4.java
2003.09.08 12:44 B D:\Data\pages\teaching\proJavaSecurityCode\Chapter4\KeysizeExample.class --> nas.cl.uh.edu /yang/pages/teaching/proJavaSecurityCode/Chapter4 KeysizeExample.class
2003.09.08 12:44 B D:\Data\pages\teaching\proJavaSecurityCode\Chapter4\KeysizeExample.java --> nas.cl.uh.edu /yang/pages/teaching/proJavaSecurityCode/Chapter4 KeysizeExample.java
2003.09.08 12:44 B D:\Data\pages\teaching\proJavaSecurityCode\Chapter4\KeysizeTest.class --> nas.cl.uh.edu /yang/pages/teaching/proJavaSecurityCode/Chapter4 KeysizeTest.class
2003.09.08 12:44 B D:\Data\pages\teaching\proJavaSecurityCode\Chapter4\KeysizeTest.java --> nas.cl.uh.edu /yang/pages/teaching/proJavaSecurityCode/Chapter4 KeysizeTest.java
2003.09.08 12:44 B D:\Data\pages\teaching\proJavaSecurityCode\Chapter4\KeyStoreExample.class --> nas.cl.uh.edu /yang/pages/teaching/proJavaSecurityCode/Chapter4 KeyStoreExample.class
2003.09.08 12:44 B D:\Data\pages\teaching\proJavaSecurityCode\Chapter4\KeyStoreExample.java --> nas.cl.uh.edu /yang/pages/teaching/proJavaSecurityCode/Chapter4 KeyStoreExample.java
2003.09.08 12:44 B D:\Data\pages\teaching\proJavaSecurityCode\Chapter4\PBE.class --> nas.cl.uh.edu /yang/pages/teaching/proJavaSecurityCode/Chapter4 PBE.class
2003.09.08 12:44 B D:\Data\pages\teaching\proJavaSecurityCode\Chapter4\PBE.java --> nas.cl.uh.edu /yang/pages/teaching/proJavaSecurityCode/Chapter4 PBE.java
2003.09.08 12:44 B D:\Data\pages\teaching\proJavaSecurityCode\Chapter4\SealedObjectExample.class --> nas.cl.uh.edu /yang/pages/teaching/proJavaSecurityCode/Chapter4 SealedObjectExample.class
2003.09.08 12:44 B D:\Data\pages\teaching\proJavaSecurityCode\Chapter4\SealedObjectExample.java --> nas.cl.uh.edu /yang/pages/teaching/proJavaSecurityCode/Chapter4 SealedObjectExample.java
2003.09.08 12:44 B D:\Data\pages\teaching\proJavaSecurityCode\Chapter4\SimpleExample.class --> nas.cl.uh.edu /yang/pages/teaching/proJavaSecurityCode/Chapter4 SimpleExample.class
2003.09.08 12:44 B D:\Data\pages\teaching\proJavaSecurityCode\Chapter4\SimpleExample.java --> nas.cl.uh.edu /yang/pages/teaching/proJavaSecurityCode/Chapter4 SimpleExample.java
2003.09.08 12:44 B D:\Data\pages\teaching\proJavaSecurityCode\Chapter4\WS_FTP.LOG --> nas.cl.uh.edu /yang/pages/teaching/proJavaSecurityCode/Chapter4 WS_FTP.LOG
