2003.02.26 14:33 B d:\DATA\pages\teaching\csci5931webSecurity\proJavaSecurityCode\Chapter6\PrintCertFromKeyStore.class --> sce.cl.uh.edu /yang/pages/teaching/csci5931webSecurity/proJavaSecurityCode/Chapter6 PrintCertFromKeyStore.class
2003.02.26 14:33 B d:\DATA\pages\teaching\csci5931webSecurity\proJavaSecurityCode\Chapter6\DigestStreamExample.class --> sce.cl.uh.edu /yang/pages/teaching/csci5931webSecurity/proJavaSecurityCode/Chapter6 DigestStreamExample.class
2003.02.26 14:33 B d:\DATA\pages\teaching\csci5931webSecurity\proJavaSecurityCode\Chapter6\SignCertificate.class --> sce.cl.uh.edu /yang/pages/teaching/csci5931webSecurity/proJavaSecurityCode/Chapter6 SignCertificate.class
2003.02.26 14:33 B d:\DATA\pages\teaching\csci5931webSecurity\proJavaSecurityCode\Chapter6\SignatureExample.class --> sce.cl.uh.edu /yang/pages/teaching/csci5931webSecurity/proJavaSecurityCode/Chapter6 SignatureExample.class
2003.02.26 14:33 B d:\DATA\pages\teaching\csci5931webSecurity\proJavaSecurityCode\Chapter6\SignatureAuthenticationServer.class --> sce.cl.uh.edu /yang/pages/teaching/csci5931webSecurity/proJavaSecurityCode/Chapter6 SignatureAuthenticationServer.class
2003.02.26 14:33 B d:\DATA\pages\teaching\csci5931webSecurity\proJavaSecurityCode\Chapter6\SignatureAuthenticationClient.class --> sce.cl.uh.edu /yang/pages/teaching/csci5931webSecurity/proJavaSecurityCode/Chapter6 SignatureAuthenticationClient.class
2003.02.26 14:33 B d:\DATA\pages\teaching\csci5931webSecurity\proJavaSecurityCode\Chapter6\PrintCertInfo.class --> sce.cl.uh.edu /yang/pages/teaching/csci5931webSecurity/proJavaSecurityCode/Chapter6 PrintCertInfo.class
2003.02.26 14:33 B d:\DATA\pages\teaching\csci5931webSecurity\proJavaSecurityCode\Chapter6\PasswordAuthenticator.class --> sce.cl.uh.edu /yang/pages/teaching/csci5931webSecurity/proJavaSecurityCode/Chapter6 PasswordAuthenticator.class
2003.02.26 14:33 B d:\DATA\pages\teaching\csci5931webSecurity\proJavaSecurityCode\Chapter6\MACExample.class --> sce.cl.uh.edu /yang/pages/teaching/csci5931webSecurity/proJavaSecurityCode/Chapter6 MACExample.class
2003.02.26 14:33 B d:\DATA\pages\teaching\csci5931webSecurity\proJavaSecurityCode\Chapter6\GenerateKeyPair.class --> sce.cl.uh.edu /yang/pages/teaching/csci5931webSecurity/proJavaSecurityCode/Chapter6 GenerateKeyPair.class
2003.02.26 14:33 B d:\DATA\pages\teaching\csci5931webSecurity\proJavaSecurityCode\Chapter6\DigestFile.class --> sce.cl.uh.edu /yang/pages/teaching/csci5931webSecurity/proJavaSecurityCode/Chapter6 DigestFile.class
2003.02.26 14:33 B d:\DATA\pages\teaching\csci5931webSecurity\proJavaSecurityCode\Chapter6\test.txt --> sce.cl.uh.edu /yang/pages/teaching/csci5931webSecurity/proJavaSecurityCode/Chapter6 test.txt
2003.02.26 14:33 B d:\DATA\pages\teaching\csci5931webSecurity\proJavaSecurityCode\Chapter6\SignCertificate.java --> sce.cl.uh.edu /yang/pages/teaching/csci5931webSecurity/proJavaSecurityCode/Chapter6 SignCertificate.java
2003.02.26 14:33 B d:\DATA\pages\teaching\csci5931webSecurity\proJavaSecurityCode\Chapter6\PrintCertFromKeyStore.java --> sce.cl.uh.edu /yang/pages/teaching/csci5931webSecurity/proJavaSecurityCode/Chapter6 PrintCertFromKeyStore.java
2003.02.26 14:33 B d:\DATA\pages\teaching\csci5931webSecurity\proJavaSecurityCode\Chapter6\PrintCertInfo.java --> sce.cl.uh.edu /yang/pages/teaching/csci5931webSecurity/proJavaSecurityCode/Chapter6 PrintCertInfo.java
2003.02.26 14:33 B d:\DATA\pages\teaching\csci5931webSecurity\proJavaSecurityCode\Chapter6\SignatureAuthenticationServer.java --> sce.cl.uh.edu /yang/pages/teaching/csci5931webSecurity/proJavaSecurityCode/Chapter6 SignatureAuthenticationServer.java
2003.02.26 14:33 B d:\DATA\pages\teaching\csci5931webSecurity\proJavaSecurityCode\Chapter6\SignatureAuthenticationClient.java --> sce.cl.uh.edu /yang/pages/teaching/csci5931webSecurity/proJavaSecurityCode/Chapter6 SignatureAuthenticationClient.java
2003.02.26 14:33 B d:\DATA\pages\teaching\csci5931webSecurity\proJavaSecurityCode\Chapter6\GenerateKeyPair.java --> sce.cl.uh.edu /yang/pages/teaching/csci5931webSecurity/proJavaSecurityCode/Chapter6 GenerateKeyPair.java
2003.02.26 14:33 B d:\DATA\pages\teaching\csci5931webSecurity\proJavaSecurityCode\Chapter6\SignatureExample.java --> sce.cl.uh.edu /yang/pages/teaching/csci5931webSecurity/proJavaSecurityCode/Chapter6 SignatureExample.java
2003.02.26 14:33 B d:\DATA\pages\teaching\csci5931webSecurity\proJavaSecurityCode\Chapter6\MACExample.java --> sce.cl.uh.edu /yang/pages/teaching/csci5931webSecurity/proJavaSecurityCode/Chapter6 MACExample.java
2003.02.26 14:33 B d:\DATA\pages\teaching\csci5931webSecurity\proJavaSecurityCode\Chapter6\PasswordAuthenticator.java --> sce.cl.uh.edu /yang/pages/teaching/csci5931webSecurity/proJavaSecurityCode/Chapter6 PasswordAuthenticator.java
2003.02.26 14:33 B d:\DATA\pages\teaching\csci5931webSecurity\proJavaSecurityCode\Chapter6\DigestStreamExample.java --> sce.cl.uh.edu /yang/pages/teaching/csci5931webSecurity/proJavaSecurityCode/Chapter6 DigestStreamExample.java
2003.02.26 14:33 B d:\DATA\pages\teaching\csci5931webSecurity\proJavaSecurityCode\Chapter6\DigestFile.java --> sce.cl.uh.edu /yang/pages/teaching/csci5931webSecurity/proJavaSecurityCode/Chapter6 DigestFile.java
2003.09.08 12:27 B D:\Data\pages\teaching\proJavaSecurityCode\Chapter6\DigestFile.class --> dcm.cl.uh.edu /yang/proJavaSecurityCode/Chapter6 DigestFile.class
2003.09.08 12:27 B D:\Data\pages\teaching\proJavaSecurityCode\Chapter6\DigestFile.java --> dcm.cl.uh.edu /yang/proJavaSecurityCode/Chapter6 DigestFile.java
2003.09.08 12:27 B D:\Data\pages\teaching\proJavaSecurityCode\Chapter6\DigestStreamExample.class --> dcm.cl.uh.edu /yang/proJavaSecurityCode/Chapter6 DigestStreamExample.class
2003.09.08 12:27 B D:\Data\pages\teaching\proJavaSecurityCode\Chapter6\DigestStreamExample.java --> dcm.cl.uh.edu /yang/proJavaSecurityCode/Chapter6 DigestStreamExample.java
2003.09.08 12:27 B D:\Data\pages\teaching\proJavaSecurityCode\Chapter6\GenerateKeyPair.class --> dcm.cl.uh.edu /yang/proJavaSecurityCode/Chapter6 GenerateKeyPair.class
2003.09.08 12:27 B D:\Data\pages\teaching\proJavaSecurityCode\Chapter6\GenerateKeyPair.java --> dcm.cl.uh.edu /yang/proJavaSecurityCode/Chapter6 GenerateKeyPair.java
2003.09.08 12:27 B D:\Data\pages\teaching\proJavaSecurityCode\Chapter6\MACExample.class --> dcm.cl.uh.edu /yang/proJavaSecurityCode/Chapter6 MACExample.class
2003.09.08 12:27 B D:\Data\pages\teaching\proJavaSecurityCode\Chapter6\MACExample.java --> dcm.cl.uh.edu /yang/proJavaSecurityCode/Chapter6 MACExample.java
2003.09.08 12:27 B D:\Data\pages\teaching\proJavaSecurityCode\Chapter6\PasswordAuthenticator.class --> dcm.cl.uh.edu /yang/proJavaSecurityCode/Chapter6 PasswordAuthenticator.class
2003.09.08 12:27 B D:\Data\pages\teaching\proJavaSecurityCode\Chapter6\PasswordAuthenticator.java --> dcm.cl.uh.edu /yang/proJavaSecurityCode/Chapter6 PasswordAuthenticator.java
2003.09.08 12:27 B D:\Data\pages\teaching\proJavaSecurityCode\Chapter6\PrintCertFromKeyStore.class --> dcm.cl.uh.edu /yang/proJavaSecurityCode/Chapter6 PrintCertFromKeyStore.class
2003.09.08 12:27 B D:\Data\pages\teaching\proJavaSecurityCode\Chapter6\PrintCertFromKeyStore.java --> dcm.cl.uh.edu /yang/proJavaSecurityCode/Chapter6 PrintCertFromKeyStore.java
2003.09.08 12:27 B D:\Data\pages\teaching\proJavaSecurityCode\Chapter6\PrintCertInfo.class --> dcm.cl.uh.edu /yang/proJavaSecurityCode/Chapter6 PrintCertInfo.class
2003.09.08 12:27 B D:\Data\pages\teaching\proJavaSecurityCode\Chapter6\PrintCertInfo.java --> dcm.cl.uh.edu /yang/proJavaSecurityCode/Chapter6 PrintCertInfo.java
2003.09.08 12:27 B D:\Data\pages\teaching\proJavaSecurityCode\Chapter6\SignatureAuthenticationClient.class --> dcm.cl.uh.edu /yang/proJavaSecurityCode/Chapter6 SignatureAuthenticationClient.class
2003.09.08 12:27 B D:\Data\pages\teaching\proJavaSecurityCode\Chapter6\SignatureAuthenticationClient.java --> dcm.cl.uh.edu /yang/proJavaSecurityCode/Chapter6 SignatureAuthenticationClient.java
2003.09.08 12:27 B D:\Data\pages\teaching\proJavaSecurityCode\Chapter6\SignatureAuthenticationServer.class --> dcm.cl.uh.edu /yang/proJavaSecurityCode/Chapter6 SignatureAuthenticationServer.class
2003.09.08 12:27 B D:\Data\pages\teaching\proJavaSecurityCode\Chapter6\SignatureAuthenticationServer.java --> dcm.cl.uh.edu /yang/proJavaSecurityCode/Chapter6 SignatureAuthenticationServer.java
2003.09.08 12:27 B D:\Data\pages\teaching\proJavaSecurityCode\Chapter6\SignatureExample.class --> dcm.cl.uh.edu /yang/proJavaSecurityCode/Chapter6 SignatureExample.class
2003.09.08 12:27 B D:\Data\pages\teaching\proJavaSecurityCode\Chapter6\SignatureExample.java --> dcm.cl.uh.edu /yang/proJavaSecurityCode/Chapter6 SignatureExample.java
2003.09.08 12:27 B D:\Data\pages\teaching\proJavaSecurityCode\Chapter6\SignCertificate.class --> dcm.cl.uh.edu /yang/proJavaSecurityCode/Chapter6 SignCertificate.class
2003.09.08 12:27 B D:\Data\pages\teaching\proJavaSecurityCode\Chapter6\SignCertificate.java --> dcm.cl.uh.edu /yang/proJavaSecurityCode/Chapter6 SignCertificate.java
2003.09.08 12:27 B D:\Data\pages\teaching\proJavaSecurityCode\Chapter6\test.txt --> dcm.cl.uh.edu /yang/proJavaSecurityCode/Chapter6 test.txt
2003.09.08 12:27 B D:\Data\pages\teaching\proJavaSecurityCode\Chapter6\WS_FTP.LOG --> dcm.cl.uh.edu /yang/proJavaSecurityCode/Chapter6 WS_FTP.LOG
2003.09.08 12:45 B D:\Data\pages\teaching\proJavaSecurityCode\Chapter6\DigestFile.class --> nas.cl.uh.edu /yang/pages/teaching/proJavaSecurityCode/Chapter6 DigestFile.class
2003.09.08 12:45 B D:\Data\pages\teaching\proJavaSecurityCode\Chapter6\DigestFile.java --> nas.cl.uh.edu /yang/pages/teaching/proJavaSecurityCode/Chapter6 DigestFile.java
2003.09.08 12:45 B D:\Data\pages\teaching\proJavaSecurityCode\Chapter6\DigestStreamExample.class --> nas.cl.uh.edu /yang/pages/teaching/proJavaSecurityCode/Chapter6 DigestStreamExample.class
2003.09.08 12:45 B D:\Data\pages\teaching\proJavaSecurityCode\Chapter6\DigestStreamExample.java --> nas.cl.uh.edu /yang/pages/teaching/proJavaSecurityCode/Chapter6 DigestStreamExample.java
2003.09.08 12:45 B D:\Data\pages\teaching\proJavaSecurityCode\Chapter6\GenerateKeyPair.class --> nas.cl.uh.edu /yang/pages/teaching/proJavaSecurityCode/Chapter6 GenerateKeyPair.class
2003.09.08 12:45 B D:\Data\pages\teaching\proJavaSecurityCode\Chapter6\GenerateKeyPair.java --> nas.cl.uh.edu /yang/pages/teaching/proJavaSecurityCode/Chapter6 GenerateKeyPair.java
2003.09.08 12:45 B D:\Data\pages\teaching\proJavaSecurityCode\Chapter6\MACExample.class --> nas.cl.uh.edu /yang/pages/teaching/proJavaSecurityCode/Chapter6 MACExample.class
2003.09.08 12:45 B D:\Data\pages\teaching\proJavaSecurityCode\Chapter6\MACExample.java --> nas.cl.uh.edu /yang/pages/teaching/proJavaSecurityCode/Chapter6 MACExample.java
2003.09.08 12:45 B D:\Data\pages\teaching\proJavaSecurityCode\Chapter6\PasswordAuthenticator.class --> nas.cl.uh.edu /yang/pages/teaching/proJavaSecurityCode/Chapter6 PasswordAuthenticator.class
2003.09.08 12:45 B D:\Data\pages\teaching\proJavaSecurityCode\Chapter6\PasswordAuthenticator.java --> nas.cl.uh.edu /yang/pages/teaching/proJavaSecurityCode/Chapter6 PasswordAuthenticator.java
2003.09.08 12:45 B D:\Data\pages\teaching\proJavaSecurityCode\Chapter6\PrintCertFromKeyStore.class --> nas.cl.uh.edu /yang/pages/teaching/proJavaSecurityCode/Chapter6 PrintCertFromKeyStore.class
2003.09.08 12:45 B D:\Data\pages\teaching\proJavaSecurityCode\Chapter6\PrintCertFromKeyStore.java --> nas.cl.uh.edu /yang/pages/teaching/proJavaSecurityCode/Chapter6 PrintCertFromKeyStore.java
2003.09.08 12:45 B D:\Data\pages\teaching\proJavaSecurityCode\Chapter6\PrintCertInfo.class --> nas.cl.uh.edu /yang/pages/teaching/proJavaSecurityCode/Chapter6 PrintCertInfo.class
2003.09.08 12:45 B D:\Data\pages\teaching\proJavaSecurityCode\Chapter6\PrintCertInfo.java --> nas.cl.uh.edu /yang/pages/teaching/proJavaSecurityCode/Chapter6 PrintCertInfo.java
2003.09.08 12:45 B D:\Data\pages\teaching\proJavaSecurityCode\Chapter6\SignatureAuthenticationClient.class --> nas.cl.uh.edu /yang/pages/teaching/proJavaSecurityCode/Chapter6 SignatureAuthenticationClient.class
2003.09.08 12:45 B D:\Data\pages\teaching\proJavaSecurityCode\Chapter6\SignatureAuthenticationClient.java --> nas.cl.uh.edu /yang/pages/teaching/proJavaSecurityCode/Chapter6 SignatureAuthenticationClient.java
2003.09.08 12:45 B D:\Data\pages\teaching\proJavaSecurityCode\Chapter6\SignatureAuthenticationServer.class --> nas.cl.uh.edu /yang/pages/teaching/proJavaSecurityCode/Chapter6 SignatureAuthenticationServer.class
2003.09.08 12:45 B D:\Data\pages\teaching\proJavaSecurityCode\Chapter6\SignatureAuthenticationServer.java --> nas.cl.uh.edu /yang/pages/teaching/proJavaSecurityCode/Chapter6 SignatureAuthenticationServer.java
2003.09.08 12:45 B D:\Data\pages\teaching\proJavaSecurityCode\Chapter6\SignatureExample.class --> nas.cl.uh.edu /yang/pages/teaching/proJavaSecurityCode/Chapter6 SignatureExample.class
2003.09.08 12:45 B D:\Data\pages\teaching\proJavaSecurityCode\Chapter6\SignatureExample.java --> nas.cl.uh.edu /yang/pages/teaching/proJavaSecurityCode/Chapter6 SignatureExample.java
2003.09.08 12:45 B D:\Data\pages\teaching\proJavaSecurityCode\Chapter6\SignCertificate.class --> nas.cl.uh.edu /yang/pages/teaching/proJavaSecurityCode/Chapter6 SignCertificate.class
2003.09.08 12:45 B D:\Data\pages\teaching\proJavaSecurityCode\Chapter6\SignCertificate.java --> nas.cl.uh.edu /yang/pages/teaching/proJavaSecurityCode/Chapter6 SignCertificate.java
2003.09.08 12:45 B D:\Data\pages\teaching\proJavaSecurityCode\Chapter6\test.txt --> nas.cl.uh.edu /yang/pages/teaching/proJavaSecurityCode/Chapter6 test.txt
2003.09.08 12:45 B D:\Data\pages\teaching\proJavaSecurityCode\Chapter6\WS_FTP.LOG --> nas.cl.uh.edu /yang/pages/teaching/proJavaSecurityCode/Chapter6 WS_FTP.LOG
