2003.02.26 14:36 B d:\DATA\pages\teaching\csci5931webSecurity\proJavaSecurityCode\AppendixA\Timestamper.bin --> sce.cl.uh.edu /yang/pages/teaching/csci5931webSecurity/proJavaSecurityCode/AppendixA Timestamper.bin
2003.02.26 14:36 B d:\DATA\pages\teaching\csci5931webSecurity\proJavaSecurityCode\AppendixA\TimestampClient.java --> sce.cl.uh.edu /yang/pages/teaching/csci5931webSecurity/proJavaSecurityCode/AppendixA TimestampClient.java
2003.02.26 14:36 B d:\DATA\pages\teaching\csci5931webSecurity\proJavaSecurityCode\AppendixA\TimestampClient.class --> sce.cl.uh.edu /yang/pages/teaching/csci5931webSecurity/proJavaSecurityCode/AppendixA TimestampClient.class
2003.02.26 14:36 B d:\DATA\pages\teaching\csci5931webSecurity\proJavaSecurityCode\AppendixA\Timestamper.java --> sce.cl.uh.edu /yang/pages/teaching/csci5931webSecurity/proJavaSecurityCode/AppendixA Timestamper.java
2003.02.26 14:36 B d:\DATA\pages\teaching\csci5931webSecurity\proJavaSecurityCode\AppendixA\Timestamper.class --> sce.cl.uh.edu /yang/pages/teaching/csci5931webSecurity/proJavaSecurityCode/AppendixA Timestamper.class
2003.02.26 14:36 B d:\DATA\pages\teaching\csci5931webSecurity\proJavaSecurityCode\AppendixA\timestamper.cer --> sce.cl.uh.edu /yang/pages/teaching/csci5931webSecurity/proJavaSecurityCode/AppendixA timestamper.cer
2003.02.26 14:36 B d:\DATA\pages\teaching\csci5931webSecurity\proJavaSecurityCode\AppendixA\timestamper.ks --> sce.cl.uh.edu /yang/pages/teaching/csci5931webSecurity/proJavaSecurityCode/AppendixA timestamper.ks
2003.09.08 12:25 B D:\Data\pages\teaching\proJavaSecurityCode\AppendixA\TimestampClient.class --> dcm.cl.uh.edu /yang/proJavaSecurityCode/AppendixA TimestampClient.class
2003.09.08 12:25 B D:\Data\pages\teaching\proJavaSecurityCode\AppendixA\TimestampClient.java --> dcm.cl.uh.edu /yang/proJavaSecurityCode/AppendixA TimestampClient.java
2003.09.08 12:25 B D:\Data\pages\teaching\proJavaSecurityCode\AppendixA\Timestamper.bin --> dcm.cl.uh.edu /yang/proJavaSecurityCode/AppendixA Timestamper.bin
2003.09.08 12:25 B D:\Data\pages\teaching\proJavaSecurityCode\AppendixA\timestamper.cer --> dcm.cl.uh.edu /yang/proJavaSecurityCode/AppendixA timestamper.cer
2003.09.08 12:25 B D:\Data\pages\teaching\proJavaSecurityCode\AppendixA\Timestamper.class --> dcm.cl.uh.edu /yang/proJavaSecurityCode/AppendixA Timestamper.class
2003.09.08 12:25 B D:\Data\pages\teaching\proJavaSecurityCode\AppendixA\Timestamper.java --> dcm.cl.uh.edu /yang/proJavaSecurityCode/AppendixA Timestamper.java
2003.09.08 12:25 B D:\Data\pages\teaching\proJavaSecurityCode\AppendixA\timestamper.ks --> dcm.cl.uh.edu /yang/proJavaSecurityCode/AppendixA timestamper.ks
2003.09.08 12:25 B D:\Data\pages\teaching\proJavaSecurityCode\AppendixA\WS_FTP.LOG --> dcm.cl.uh.edu /yang/proJavaSecurityCode/AppendixA WS_FTP.LOG
2003.09.08 12:42 B D:\Data\pages\teaching\proJavaSecurityCode\AppendixA\TimestampClient.class --> nas.cl.uh.edu /yang/pages/teaching/proJavaSecurityCode/AppendixA TimestampClient.class
2003.09.08 12:42 B D:\Data\pages\teaching\proJavaSecurityCode\AppendixA\TimestampClient.java --> nas.cl.uh.edu /yang/pages/teaching/proJavaSecurityCode/AppendixA TimestampClient.java
2003.09.08 12:42 B D:\Data\pages\teaching\proJavaSecurityCode\AppendixA\Timestamper.bin --> nas.cl.uh.edu /yang/pages/teaching/proJavaSecurityCode/AppendixA Timestamper.bin
2003.09.08 12:42 B D:\Data\pages\teaching\proJavaSecurityCode\AppendixA\timestamper.cer --> nas.cl.uh.edu /yang/pages/teaching/proJavaSecurityCode/AppendixA timestamper.cer
2003.09.08 12:42 B D:\Data\pages\teaching\proJavaSecurityCode\AppendixA\Timestamper.class --> nas.cl.uh.edu /yang/pages/teaching/proJavaSecurityCode/AppendixA Timestamper.class
2003.09.08 12:42 B D:\Data\pages\teaching\proJavaSecurityCode\AppendixA\Timestamper.java --> nas.cl.uh.edu /yang/pages/teaching/proJavaSecurityCode/AppendixA Timestamper.java
2003.09.08 12:42 B D:\Data\pages\teaching\proJavaSecurityCode\AppendixA\timestamper.ks --> nas.cl.uh.edu /yang/pages/teaching/proJavaSecurityCode/AppendixA timestamper.ks
2003.09.08 12:42 B D:\Data\pages\teaching\proJavaSecurityCode\AppendixA\WS_FTP.LOG --> nas.cl.uh.edu /yang/pages/teaching/proJavaSecurityCode/AppendixA WS_FTP.LOG
