2003.02.26 14:33 B d:\DATA\pages\teaching\csci5931webSecurity\proJavaSecurityCode\Chapter8\UserServletExample.class --> sce.uhcl.edu /yang/pages/teaching/csci5931webSecurity/proJavaSecurityCode/Chapter8 UserServletExample.class
2003.02.26 14:33 B d:\DATA\pages\teaching\csci5931webSecurity\proJavaSecurityCode\Chapter8\UsernamePasswordCallbackHandler.class --> sce.uhcl.edu /yang/pages/teaching/csci5931webSecurity/proJavaSecurityCode/Chapter8 UsernamePasswordCallbackHandler.class
2003.02.26 14:33 B d:\DATA\pages\teaching\csci5931webSecurity\proJavaSecurityCode\Chapter8\PrincipalImpl.class --> sce.uhcl.edu /yang/pages/teaching/csci5931webSecurity/proJavaSecurityCode/Chapter8 PrincipalImpl.class
2003.02.26 14:33 B d:\DATA\pages\teaching\csci5931webSecurity\proJavaSecurityCode\Chapter8\PasswordLoginModule.class --> sce.uhcl.edu /yang/pages/teaching/csci5931webSecurity/proJavaSecurityCode/Chapter8 PasswordLoginModule.class
2003.02.26 14:33 B d:\DATA\pages\teaching\csci5931webSecurity\proJavaSecurityCode\Chapter8\JAASSampleApp.class --> sce.uhcl.edu /yang/pages/teaching/csci5931webSecurity/proJavaSecurityCode/Chapter8 JAASSampleApp.class
2003.02.26 14:33 B d:\DATA\pages\teaching\csci5931webSecurity\proJavaSecurityCode\Chapter8\JAASAuthorizationExample.class --> sce.uhcl.edu /yang/pages/teaching/csci5931webSecurity/proJavaSecurityCode/Chapter8 JAASAuthorizationExample.class
2003.02.26 14:33 B d:\DATA\pages\teaching\csci5931webSecurity\proJavaSecurityCode\Chapter8\ExampleAction.class --> sce.uhcl.edu /yang/pages/teaching/csci5931webSecurity/proJavaSecurityCode/Chapter8 ExampleAction.class
2003.02.26 14:33 B d:\DATA\pages\teaching\csci5931webSecurity\proJavaSecurityCode\Chapter8\UsernamePasswordCallbackHandler.java --> sce.uhcl.edu /yang/pages/teaching/csci5931webSecurity/proJavaSecurityCode/Chapter8 UsernamePasswordCallbackHandler.java
2003.02.26 14:33 B d:\DATA\pages\teaching\csci5931webSecurity\proJavaSecurityCode\Chapter8\runFail.bat --> sce.uhcl.edu /yang/pages/teaching/csci5931webSecurity/proJavaSecurityCode/Chapter8 runFail.bat
2003.02.26 14:33 B d:\DATA\pages\teaching\csci5931webSecurity\proJavaSecurityCode\Chapter8\run.bat --> sce.uhcl.edu /yang/pages/teaching/csci5931webSecurity/proJavaSecurityCode/Chapter8 run.bat
2003.02.26 14:33 B d:\DATA\pages\teaching\csci5931webSecurity\proJavaSecurityCode\Chapter8\PrincipalImpl.java --> sce.uhcl.edu /yang/pages/teaching/csci5931webSecurity/proJavaSecurityCode/Chapter8 PrincipalImpl.java
2003.02.26 14:33 B d:\DATA\pages\teaching\csci5931webSecurity\proJavaSecurityCode\Chapter8\PasswordLoginModule.java --> sce.uhcl.edu /yang/pages/teaching/csci5931webSecurity/proJavaSecurityCode/Chapter8 PasswordLoginModule.java
2003.02.26 14:33 B d:\DATA\pages\teaching\csci5931webSecurity\proJavaSecurityCode\Chapter8\JAASSampleApp.java --> sce.uhcl.edu /yang/pages/teaching/csci5931webSecurity/proJavaSecurityCode/Chapter8 JAASSampleApp.java
2003.02.26 14:33 B d:\DATA\pages\teaching\csci5931webSecurity\proJavaSecurityCode\Chapter8\JAASAuthorizationExample.java --> sce.uhcl.edu /yang/pages/teaching/csci5931webSecurity/proJavaSecurityCode/Chapter8 JAASAuthorizationExample.java
2003.02.26 14:33 B d:\DATA\pages\teaching\csci5931webSecurity\proJavaSecurityCode\Chapter8\jaas.config --> sce.uhcl.edu /yang/pages/teaching/csci5931webSecurity/proJavaSecurityCode/Chapter8 jaas.config
2003.02.26 14:33 B d:\DATA\pages\teaching\csci5931webSecurity\proJavaSecurityCode\Chapter8\example.policy --> sce.uhcl.edu /yang/pages/teaching/csci5931webSecurity/proJavaSecurityCode/Chapter8 example.policy
2003.02.26 14:33 B d:\DATA\pages\teaching\csci5931webSecurity\proJavaSecurityCode\Chapter8\UserServletExample.java --> sce.uhcl.edu /yang/pages/teaching/csci5931webSecurity/proJavaSecurityCode/Chapter8 UserServletExample.java
2003.09.08 12:27 B D:\Data\pages\teaching\proJavaSecurityCode\Chapter8\example.policy --> dcm.uhcl.edu /yang/proJavaSecurityCode/Chapter8 example.policy
2003.09.08 12:27 B D:\Data\pages\teaching\proJavaSecurityCode\Chapter8\ExampleAction.class --> dcm.uhcl.edu /yang/proJavaSecurityCode/Chapter8 ExampleAction.class
2003.09.08 12:27 B D:\Data\pages\teaching\proJavaSecurityCode\Chapter8\jaas.config --> dcm.uhcl.edu /yang/proJavaSecurityCode/Chapter8 jaas.config
2003.09.08 12:27 B D:\Data\pages\teaching\proJavaSecurityCode\Chapter8\JAASAuthorizationExample.class --> dcm.uhcl.edu /yang/proJavaSecurityCode/Chapter8 JAASAuthorizationExample.class
2003.09.08 12:27 B D:\Data\pages\teaching\proJavaSecurityCode\Chapter8\JAASAuthorizationExample.java --> dcm.uhcl.edu /yang/proJavaSecurityCode/Chapter8 JAASAuthorizationExample.java
2003.09.08 12:27 B D:\Data\pages\teaching\proJavaSecurityCode\Chapter8\JAASSampleApp.class --> dcm.uhcl.edu /yang/proJavaSecurityCode/Chapter8 JAASSampleApp.class
2003.09.08 12:27 B D:\Data\pages\teaching\proJavaSecurityCode\Chapter8\JAASSampleApp.java --> dcm.uhcl.edu /yang/proJavaSecurityCode/Chapter8 JAASSampleApp.java
2003.09.08 12:27 B D:\Data\pages\teaching\proJavaSecurityCode\Chapter8\PasswordLoginModule.class --> dcm.uhcl.edu /yang/proJavaSecurityCode/Chapter8 PasswordLoginModule.class
2003.09.08 12:27 B D:\Data\pages\teaching\proJavaSecurityCode\Chapter8\PasswordLoginModule.java --> dcm.uhcl.edu /yang/proJavaSecurityCode/Chapter8 PasswordLoginModule.java
2003.09.08 12:27 B D:\Data\pages\teaching\proJavaSecurityCode\Chapter8\PrincipalImpl.class --> dcm.uhcl.edu /yang/proJavaSecurityCode/Chapter8 PrincipalImpl.class
2003.09.08 12:27 B D:\Data\pages\teaching\proJavaSecurityCode\Chapter8\PrincipalImpl.java --> dcm.uhcl.edu /yang/proJavaSecurityCode/Chapter8 PrincipalImpl.java
2003.09.08 12:27 B D:\Data\pages\teaching\proJavaSecurityCode\Chapter8\run.bat --> dcm.uhcl.edu /yang/proJavaSecurityCode/Chapter8 run.bat
2003.09.08 12:27 B D:\Data\pages\teaching\proJavaSecurityCode\Chapter8\runFail.bat --> dcm.uhcl.edu /yang/proJavaSecurityCode/Chapter8 runFail.bat
2003.09.08 12:27 B D:\Data\pages\teaching\proJavaSecurityCode\Chapter8\UsernamePasswordCallbackHandler.class --> dcm.uhcl.edu /yang/proJavaSecurityCode/Chapter8 UsernamePasswordCallbackHandler.class
2003.09.08 12:27 B D:\Data\pages\teaching\proJavaSecurityCode\Chapter8\UsernamePasswordCallbackHandler.java --> dcm.uhcl.edu /yang/proJavaSecurityCode/Chapter8 UsernamePasswordCallbackHandler.java
2003.09.08 12:27 B D:\Data\pages\teaching\proJavaSecurityCode\Chapter8\UserServletExample.class --> dcm.uhcl.edu /yang/proJavaSecurityCode/Chapter8 UserServletExample.class
2003.09.08 12:27 B D:\Data\pages\teaching\proJavaSecurityCode\Chapter8\UserServletExample.java --> dcm.uhcl.edu /yang/proJavaSecurityCode/Chapter8 UserServletExample.java
2003.09.08 12:27 B D:\Data\pages\teaching\proJavaSecurityCode\Chapter8\WS_FTP.LOG --> dcm.uhcl.edu /yang/proJavaSecurityCode/Chapter8 WS_FTP.LOG
2003.09.08 12:45 B D:\Data\pages\teaching\proJavaSecurityCode\Chapter8\example.policy --> sce.uhcl.edu /yang/pages/teaching/proJavaSecurityCode/Chapter8 example.policy
2003.09.08 12:45 B D:\Data\pages\teaching\proJavaSecurityCode\Chapter8\ExampleAction.class --> sce.uhcl.edu /yang/pages/teaching/proJavaSecurityCode/Chapter8 ExampleAction.class
2003.09.08 12:45 B D:\Data\pages\teaching\proJavaSecurityCode\Chapter8\jaas.config --> sce.uhcl.edu /yang/pages/teaching/proJavaSecurityCode/Chapter8 jaas.config
2003.09.08 12:45 B D:\Data\pages\teaching\proJavaSecurityCode\Chapter8\JAASAuthorizationExample.class --> sce.uhcl.edu /yang/pages/teaching/proJavaSecurityCode/Chapter8 JAASAuthorizationExample.class
2003.09.08 12:45 B D:\Data\pages\teaching\proJavaSecurityCode\Chapter8\JAASAuthorizationExample.java --> sce.uhcl.edu /yang/pages/teaching/proJavaSecurityCode/Chapter8 JAASAuthorizationExample.java
2003.09.08 12:45 B D:\Data\pages\teaching\proJavaSecurityCode\Chapter8\JAASSampleApp.class --> sce.uhcl.edu /yang/pages/teaching/proJavaSecurityCode/Chapter8 JAASSampleApp.class
2003.09.08 12:45 B D:\Data\pages\teaching\proJavaSecurityCode\Chapter8\JAASSampleApp.java --> sce.uhcl.edu /yang/pages/teaching/proJavaSecurityCode/Chapter8 JAASSampleApp.java
2003.09.08 12:45 B D:\Data\pages\teaching\proJavaSecurityCode\Chapter8\PasswordLoginModule.class --> sce.uhcl.edu /yang/pages/teaching/proJavaSecurityCode/Chapter8 PasswordLoginModule.class
2003.09.08 12:45 B D:\Data\pages\teaching\proJavaSecurityCode\Chapter8\PasswordLoginModule.java --> sce.uhcl.edu /yang/pages/teaching/proJavaSecurityCode/Chapter8 PasswordLoginModule.java
2003.09.08 12:45 B D:\Data\pages\teaching\proJavaSecurityCode\Chapter8\PrincipalImpl.class --> sce.uhcl.edu /yang/pages/teaching/proJavaSecurityCode/Chapter8 PrincipalImpl.class
2003.09.08 12:45 B D:\Data\pages\teaching\proJavaSecurityCode\Chapter8\PrincipalImpl.java --> sce.uhcl.edu /yang/pages/teaching/proJavaSecurityCode/Chapter8 PrincipalImpl.java
2003.09.08 12:45 B D:\Data\pages\teaching\proJavaSecurityCode\Chapter8\run.bat --> sce.uhcl.edu /yang/pages/teaching/proJavaSecurityCode/Chapter8 run.bat
2003.09.08 12:45 B D:\Data\pages\teaching\proJavaSecurityCode\Chapter8\runFail.bat --> sce.uhcl.edu /yang/pages/teaching/proJavaSecurityCode/Chapter8 runFail.bat
2003.09.08 12:45 B D:\Data\pages\teaching\proJavaSecurityCode\Chapter8\UsernamePasswordCallbackHandler.class --> sce.uhcl.edu /yang/pages/teaching/proJavaSecurityCode/Chapter8 UsernamePasswordCallbackHandler.class
2003.09.08 12:45 B D:\Data\pages\teaching\proJavaSecurityCode\Chapter8\UsernamePasswordCallbackHandler.java --> sce.uhcl.edu /yang/pages/teaching/proJavaSecurityCode/Chapter8 UsernamePasswordCallbackHandler.java
2003.09.08 12:45 B D:\Data\pages\teaching\proJavaSecurityCode\Chapter8\UserServletExample.class --> sce.uhcl.edu /yang/pages/teaching/proJavaSecurityCode/Chapter8 UserServletExample.class
2003.09.08 12:45 B D:\Data\pages\teaching\proJavaSecurityCode\Chapter8\UserServletExample.java --> sce.uhcl.edu /yang/pages/teaching/proJavaSecurityCode/Chapter8 UserServletExample.java
2003.09.08 12:45 B D:\Data\pages\teaching\proJavaSecurityCode\Chapter8\WS_FTP.LOG --> sce.uhcl.edu /yang/pages/teaching/proJavaSecurityCode/Chapter8 WS_FTP.LOG
