2003.02.26 14:33 B d:\DATA\pages\teaching\csci5931webSecurity\proJavaSecurityCode\Chapter5\SimpleRSAExample.class --> sce.uhcl.edu /yang/pages/teaching/csci5931webSecurity/proJavaSecurityCode/Chapter5 SimpleRSAExample.class
2003.02.26 14:33 B d:\DATA\pages\teaching\csci5931webSecurity\proJavaSecurityCode\Chapter5\KeyAgreementServer.class --> sce.uhcl.edu /yang/pages/teaching/csci5931webSecurity/proJavaSecurityCode/Chapter5 KeyAgreementServer.class
2003.02.26 14:33 B d:\DATA\pages\teaching\csci5931webSecurity\proJavaSecurityCode\Chapter5\KeyAgreementClient.class --> sce.uhcl.edu /yang/pages/teaching/csci5931webSecurity/proJavaSecurityCode/Chapter5 KeyAgreementClient.class
2003.02.26 14:33 B d:\DATA\pages\teaching\csci5931webSecurity\proJavaSecurityCode\Chapter5\FileEncryptorRSA.class --> sce.uhcl.edu /yang/pages/teaching/csci5931webSecurity/proJavaSecurityCode/Chapter5 FileEncryptorRSA.class
2003.02.26 14:33 B d:\DATA\pages\teaching\csci5931webSecurity\proJavaSecurityCode\Chapter5\FileEncryptor.class --> sce.uhcl.edu /yang/pages/teaching/csci5931webSecurity/proJavaSecurityCode/Chapter5 FileEncryptor.class
2003.02.26 14:33 B d:\DATA\pages\teaching\csci5931webSecurity\proJavaSecurityCode\Chapter5\KeyAgreementClient.java --> sce.uhcl.edu /yang/pages/teaching/csci5931webSecurity/proJavaSecurityCode/Chapter5 KeyAgreementClient.java
2003.02.26 14:33 B d:\DATA\pages\teaching\csci5931webSecurity\proJavaSecurityCode\Chapter5\KeyAgreementServer.java --> sce.uhcl.edu /yang/pages/teaching/csci5931webSecurity/proJavaSecurityCode/Chapter5 KeyAgreementServer.java
2003.02.26 14:33 B d:\DATA\pages\teaching\csci5931webSecurity\proJavaSecurityCode\Chapter5\FileEncryptor.java --> sce.uhcl.edu /yang/pages/teaching/csci5931webSecurity/proJavaSecurityCode/Chapter5 FileEncryptor.java
2003.02.26 14:33 B d:\DATA\pages\teaching\csci5931webSecurity\proJavaSecurityCode\Chapter5\FileEncryptorRSA.java --> sce.uhcl.edu /yang/pages/teaching/csci5931webSecurity/proJavaSecurityCode/Chapter5 FileEncryptorRSA.java
2003.02.26 14:33 B d:\DATA\pages\teaching\csci5931webSecurity\proJavaSecurityCode\Chapter5\SimpleRSAExample.java --> sce.uhcl.edu /yang/pages/teaching/csci5931webSecurity/proJavaSecurityCode/Chapter5 SimpleRSAExample.java
2003.09.08 12:27 B D:\Data\pages\teaching\proJavaSecurityCode\Chapter5\FileEncryptor.class --> dcm.uhcl.edu /yang/proJavaSecurityCode/Chapter5 FileEncryptor.class
2003.09.08 12:27 B D:\Data\pages\teaching\proJavaSecurityCode\Chapter5\FileEncryptor.java --> dcm.uhcl.edu /yang/proJavaSecurityCode/Chapter5 FileEncryptor.java
2003.09.08 12:27 B D:\Data\pages\teaching\proJavaSecurityCode\Chapter5\FileEncryptorRSA.class --> dcm.uhcl.edu /yang/proJavaSecurityCode/Chapter5 FileEncryptorRSA.class
2003.09.08 12:27 B D:\Data\pages\teaching\proJavaSecurityCode\Chapter5\FileEncryptorRSA.java --> dcm.uhcl.edu /yang/proJavaSecurityCode/Chapter5 FileEncryptorRSA.java
2003.09.08 12:27 B D:\Data\pages\teaching\proJavaSecurityCode\Chapter5\KeyAgreementClient.class --> dcm.uhcl.edu /yang/proJavaSecurityCode/Chapter5 KeyAgreementClient.class
2003.09.08 12:27 B D:\Data\pages\teaching\proJavaSecurityCode\Chapter5\KeyAgreementClient.java --> dcm.uhcl.edu /yang/proJavaSecurityCode/Chapter5 KeyAgreementClient.java
2003.09.08 12:27 B D:\Data\pages\teaching\proJavaSecurityCode\Chapter5\KeyAgreementServer.class --> dcm.uhcl.edu /yang/proJavaSecurityCode/Chapter5 KeyAgreementServer.class
2003.09.08 12:27 B D:\Data\pages\teaching\proJavaSecurityCode\Chapter5\KeyAgreementServer.java --> dcm.uhcl.edu /yang/proJavaSecurityCode/Chapter5 KeyAgreementServer.java
2003.09.08 12:27 B D:\Data\pages\teaching\proJavaSecurityCode\Chapter5\SimpleRSAExample.class --> dcm.uhcl.edu /yang/proJavaSecurityCode/Chapter5 SimpleRSAExample.class
2003.09.08 12:27 B D:\Data\pages\teaching\proJavaSecurityCode\Chapter5\SimpleRSAExample.java --> dcm.uhcl.edu /yang/proJavaSecurityCode/Chapter5 SimpleRSAExample.java
2003.09.08 12:27 B D:\Data\pages\teaching\proJavaSecurityCode\Chapter5\WS_FTP.LOG --> dcm.uhcl.edu /yang/proJavaSecurityCode/Chapter5 WS_FTP.LOG
2003.09.08 12:44 B D:\Data\pages\teaching\proJavaSecurityCode\Chapter5\FileEncryptor.class --> nas.uhcl.edu /yang/pages/teaching/proJavaSecurityCode/Chapter5 FileEncryptor.class
2003.09.08 12:44 B D:\Data\pages\teaching\proJavaSecurityCode\Chapter5\FileEncryptor.java --> nas.uhcl.edu /yang/pages/teaching/proJavaSecurityCode/Chapter5 FileEncryptor.java
2003.09.08 12:44 B D:\Data\pages\teaching\proJavaSecurityCode\Chapter5\FileEncryptorRSA.class --> nas.uhcl.edu /yang/pages/teaching/proJavaSecurityCode/Chapter5 FileEncryptorRSA.class
2003.09.08 12:44 B D:\Data\pages\teaching\proJavaSecurityCode\Chapter5\FileEncryptorRSA.java --> nas.uhcl.edu /yang/pages/teaching/proJavaSecurityCode/Chapter5 FileEncryptorRSA.java
2003.09.08 12:44 B D:\Data\pages\teaching\proJavaSecurityCode\Chapter5\KeyAgreementClient.class --> nas.uhcl.edu /yang/pages/teaching/proJavaSecurityCode/Chapter5 KeyAgreementClient.class
2003.09.08 12:44 B D:\Data\pages\teaching\proJavaSecurityCode\Chapter5\KeyAgreementClient.java --> nas.uhcl.edu /yang/pages/teaching/proJavaSecurityCode/Chapter5 KeyAgreementClient.java
2003.09.08 12:44 B D:\Data\pages\teaching\proJavaSecurityCode\Chapter5\KeyAgreementServer.class --> nas.uhcl.edu /yang/pages/teaching/proJavaSecurityCode/Chapter5 KeyAgreementServer.class
2003.09.08 12:44 B D:\Data\pages\teaching\proJavaSecurityCode\Chapter5\KeyAgreementServer.java --> nas.uhcl.edu /yang/pages/teaching/proJavaSecurityCode/Chapter5 KeyAgreementServer.java
2003.09.08 12:45 B D:\Data\pages\teaching\proJavaSecurityCode\Chapter5\SimpleRSAExample.class --> nas.uhcl.edu /yang/pages/teaching/proJavaSecurityCode/Chapter5 SimpleRSAExample.class
2003.09.08 12:45 B D:\Data\pages\teaching\proJavaSecurityCode\Chapter5\SimpleRSAExample.java --> nas.uhcl.edu /yang/pages/teaching/proJavaSecurityCode/Chapter5 SimpleRSAExample.java
2003.09.08 12:45 B D:\Data\pages\teaching\proJavaSecurityCode\Chapter5\WS_FTP.LOG --> nas.uhcl.edu /yang/pages/teaching/proJavaSecurityCode/Chapter5 WS_FTP.LOG
