2003.02.26 14:35 B d:\DATA\pages\teaching\csci5931webSecurity\proJavaSecurityCode\Chapter10\com\projavasecurity\ecommerce\creditcard\CreditCardFactory.class --> sce.uhcl.edu /yang/pages/teaching/csci5931webSecurity/proJavaSecurityCode/Chapter10/com/projavasecurity/ecommerce/creditcard CreditCardFactory.class
2003.02.26 14:35 B d:\DATA\pages\teaching\csci5931webSecurity\proJavaSecurityCode\Chapter10\com\projavasecurity\ecommerce\creditcard\CreditCardDBO.class --> sce.uhcl.edu /yang/pages/teaching/csci5931webSecurity/proJavaSecurityCode/Chapter10/com/projavasecurity/ecommerce/creditcard CreditCardDBO.class
2003.02.26 14:35 B d:\DATA\pages\teaching\csci5931webSecurity\proJavaSecurityCode\Chapter10\com\projavasecurity\ecommerce\creditcard\CreditCard.class --> sce.uhcl.edu /yang/pages/teaching/csci5931webSecurity/proJavaSecurityCode/Chapter10/com/projavasecurity/ecommerce/creditcard CreditCard.class
2003.02.26 14:35 B d:\DATA\pages\teaching\csci5931webSecurity\proJavaSecurityCode\Chapter10\com\projavasecurity\ecommerce\creditcard\CreditCard.java --> sce.uhcl.edu /yang/pages/teaching/csci5931webSecurity/proJavaSecurityCode/Chapter10/com/projavasecurity/ecommerce/creditcard CreditCard.java
2003.02.26 14:35 B d:\DATA\pages\teaching\csci5931webSecurity\proJavaSecurityCode\Chapter10\com\projavasecurity\ecommerce\creditcard\CreditCardFactory.java --> sce.uhcl.edu /yang/pages/teaching/csci5931webSecurity/proJavaSecurityCode/Chapter10/com/projavasecurity/ecommerce/creditcard CreditCardFactory.java
2003.02.26 14:35 B d:\DATA\pages\teaching\csci5931webSecurity\proJavaSecurityCode\Chapter10\com\projavasecurity\ecommerce\creditcard\CreditCardDBO.java --> sce.uhcl.edu /yang/pages/teaching/csci5931webSecurity/proJavaSecurityCode/Chapter10/com/projavasecurity/ecommerce/creditcard CreditCardDBO.java
2003.09.08 12:26 B D:\Data\pages\teaching\proJavaSecurityCode\Chapter10\com\projavasecurity\ecommerce\creditcard\CreditCard.class --> dcm.uhcl.edu /yang/proJavaSecurityCode/Chapter10/com/projavasecurity/ecommerce/creditcard CreditCard.class
2003.09.08 12:26 B D:\Data\pages\teaching\proJavaSecurityCode\Chapter10\com\projavasecurity\ecommerce\creditcard\CreditCard.java --> dcm.uhcl.edu /yang/proJavaSecurityCode/Chapter10/com/projavasecurity/ecommerce/creditcard CreditCard.java
2003.09.08 12:26 B D:\Data\pages\teaching\proJavaSecurityCode\Chapter10\com\projavasecurity\ecommerce\creditcard\CreditCardDBO.class --> dcm.uhcl.edu /yang/proJavaSecurityCode/Chapter10/com/projavasecurity/ecommerce/creditcard CreditCardDBO.class
2003.09.08 12:26 B D:\Data\pages\teaching\proJavaSecurityCode\Chapter10\com\projavasecurity\ecommerce\creditcard\CreditCardDBO.java --> dcm.uhcl.edu /yang/proJavaSecurityCode/Chapter10/com/projavasecurity/ecommerce/creditcard CreditCardDBO.java
2003.09.08 12:26 B D:\Data\pages\teaching\proJavaSecurityCode\Chapter10\com\projavasecurity\ecommerce\creditcard\CreditCardFactory.class --> dcm.uhcl.edu /yang/proJavaSecurityCode/Chapter10/com/projavasecurity/ecommerce/creditcard CreditCardFactory.class
2003.09.08 12:26 B D:\Data\pages\teaching\proJavaSecurityCode\Chapter10\com\projavasecurity\ecommerce\creditcard\CreditCardFactory.java --> dcm.uhcl.edu /yang/proJavaSecurityCode/Chapter10/com/projavasecurity/ecommerce/creditcard CreditCardFactory.java
2003.09.08 12:26 B D:\Data\pages\teaching\proJavaSecurityCode\Chapter10\com\projavasecurity\ecommerce\creditcard\WS_FTP.LOG --> dcm.uhcl.edu /yang/proJavaSecurityCode/Chapter10/com/projavasecurity/ecommerce/creditcard WS_FTP.LOG
2003.09.08 12:43 B D:\Data\pages\teaching\proJavaSecurityCode\Chapter10\com\projavasecurity\ecommerce\creditcard\CreditCard.class --> nas.uhcl.edu /yang/pages/teaching/proJavaSecurityCode/Chapter10/com/projavasecurity/ecommerce/creditcard CreditCard.class
2003.09.08 12:43 B D:\Data\pages\teaching\proJavaSecurityCode\Chapter10\com\projavasecurity\ecommerce\creditcard\CreditCard.java --> nas.uhcl.edu /yang/pages/teaching/proJavaSecurityCode/Chapter10/com/projavasecurity/ecommerce/creditcard CreditCard.java
2003.09.08 12:43 B D:\Data\pages\teaching\proJavaSecurityCode\Chapter10\com\projavasecurity\ecommerce\creditcard\CreditCardDBO.class --> nas.uhcl.edu /yang/pages/teaching/proJavaSecurityCode/Chapter10/com/projavasecurity/ecommerce/creditcard CreditCardDBO.class
2003.09.08 12:43 B D:\Data\pages\teaching\proJavaSecurityCode\Chapter10\com\projavasecurity\ecommerce\creditcard\CreditCardDBO.java --> nas.uhcl.edu /yang/pages/teaching/proJavaSecurityCode/Chapter10/com/projavasecurity/ecommerce/creditcard CreditCardDBO.java
2003.09.08 12:43 B D:\Data\pages\teaching\proJavaSecurityCode\Chapter10\com\projavasecurity\ecommerce\creditcard\CreditCardFactory.class --> nas.uhcl.edu /yang/pages/teaching/proJavaSecurityCode/Chapter10/com/projavasecurity/ecommerce/creditcard CreditCardFactory.class
2003.09.08 12:43 B D:\Data\pages\teaching\proJavaSecurityCode\Chapter10\com\projavasecurity\ecommerce\creditcard\CreditCardFactory.java --> nas.uhcl.edu /yang/pages/teaching/proJavaSecurityCode/Chapter10/com/projavasecurity/ecommerce/creditcard CreditCardFactory.java
2003.09.08 12:43 B D:\Data\pages\teaching\proJavaSecurityCode\Chapter10\com\projavasecurity\ecommerce\creditcard\WS_FTP.LOG --> nas.uhcl.edu /yang/pages/teaching/proJavaSecurityCode/Chapter10/com/projavasecurity/ecommerce/creditcard WS_FTP.LOG
