2003.02.26 14:35 B d:\DATA\pages\teaching\csci5931webSecurity\proJavaSecurityCode\Chapter10\com\isnetworks\util\XMLProperties.class --> sce.uhcl.edu /yang/pages/teaching/csci5931webSecurity/proJavaSecurityCode/Chapter10/com/isnetworks/util XMLProperties.class
2003.02.26 14:35 B d:\DATA\pages\teaching\csci5931webSecurity\proJavaSecurityCode\Chapter10\com\isnetworks\util\XMLProperties$PropertyDocumentHandler.class --> sce.uhcl.edu /yang/pages/teaching/csci5931webSecurity/proJavaSecurityCode/Chapter10/com/isnetworks/util XMLProperties$PropertyDocumentHandler.class
2003.02.26 14:35 B d:\DATA\pages\teaching\csci5931webSecurity\proJavaSecurityCode\Chapter10\com\isnetworks\util\NestedException.class --> sce.uhcl.edu /yang/pages/teaching/csci5931webSecurity/proJavaSecurityCode/Chapter10/com/isnetworks/util NestedException.class
2003.02.26 14:35 B d:\DATA\pages\teaching\csci5931webSecurity\proJavaSecurityCode\Chapter10\com\isnetworks\util\Debug.class --> sce.uhcl.edu /yang/pages/teaching/csci5931webSecurity/proJavaSecurityCode/Chapter10/com/isnetworks/util Debug.class
2003.02.26 14:35 B d:\DATA\pages\teaching\csci5931webSecurity\proJavaSecurityCode\Chapter10\com\isnetworks\util\Debug.java --> sce.uhcl.edu /yang/pages/teaching/csci5931webSecurity/proJavaSecurityCode/Chapter10/com/isnetworks/util Debug.java
2003.02.26 14:35 B d:\DATA\pages\teaching\csci5931webSecurity\proJavaSecurityCode\Chapter10\com\isnetworks\util\XMLProperties.java --> sce.uhcl.edu /yang/pages/teaching/csci5931webSecurity/proJavaSecurityCode/Chapter10/com/isnetworks/util XMLProperties.java
2003.02.26 14:35 B d:\DATA\pages\teaching\csci5931webSecurity\proJavaSecurityCode\Chapter10\com\isnetworks\util\Makefile --> sce.uhcl.edu /yang/pages/teaching/csci5931webSecurity/proJavaSecurityCode/Chapter10/com/isnetworks/util Makefile
2003.02.26 14:35 B d:\DATA\pages\teaching\csci5931webSecurity\proJavaSecurityCode\Chapter10\com\isnetworks\util\NestedException.java --> sce.uhcl.edu /yang/pages/teaching/csci5931webSecurity/proJavaSecurityCode/Chapter10/com/isnetworks/util NestedException.java
2003.09.08 12:26 B D:\Data\pages\teaching\proJavaSecurityCode\Chapter10\com\isnetworks\util\Debug.class --> dcm.uhcl.edu /yang/proJavaSecurityCode/Chapter10/com/isnetworks/util Debug.class
2003.09.08 12:26 B D:\Data\pages\teaching\proJavaSecurityCode\Chapter10\com\isnetworks\util\Debug.java --> dcm.uhcl.edu /yang/proJavaSecurityCode/Chapter10/com/isnetworks/util Debug.java
2003.09.08 12:26 B D:\Data\pages\teaching\proJavaSecurityCode\Chapter10\com\isnetworks\util\Makefile --> dcm.uhcl.edu /yang/proJavaSecurityCode/Chapter10/com/isnetworks/util Makefile
2003.09.08 12:26 B D:\Data\pages\teaching\proJavaSecurityCode\Chapter10\com\isnetworks\util\NestedException.class --> dcm.uhcl.edu /yang/proJavaSecurityCode/Chapter10/com/isnetworks/util NestedException.class
2003.09.08 12:26 B D:\Data\pages\teaching\proJavaSecurityCode\Chapter10\com\isnetworks\util\NestedException.java --> dcm.uhcl.edu /yang/proJavaSecurityCode/Chapter10/com/isnetworks/util NestedException.java
2003.09.08 12:26 B D:\Data\pages\teaching\proJavaSecurityCode\Chapter10\com\isnetworks\util\WS_FTP.LOG --> dcm.uhcl.edu /yang/proJavaSecurityCode/Chapter10/com/isnetworks/util WS_FTP.LOG
2003.09.08 12:26 B D:\Data\pages\teaching\proJavaSecurityCode\Chapter10\com\isnetworks\util\XMLProperties$PropertyDocumentHandler.class --> dcm.uhcl.edu /yang/proJavaSecurityCode/Chapter10/com/isnetworks/util XMLProperties$PropertyDocumentHandler.class
2003.09.08 12:26 B D:\Data\pages\teaching\proJavaSecurityCode\Chapter10\com\isnetworks\util\XMLProperties.class --> dcm.uhcl.edu /yang/proJavaSecurityCode/Chapter10/com/isnetworks/util XMLProperties.class
2003.09.08 12:26 B D:\Data\pages\teaching\proJavaSecurityCode\Chapter10\com\isnetworks\util\XMLProperties.java --> dcm.uhcl.edu /yang/proJavaSecurityCode/Chapter10/com/isnetworks/util XMLProperties.java
2003.09.08 12:43 B D:\Data\pages\teaching\proJavaSecurityCode\Chapter10\com\isnetworks\util\Debug.class --> nas.uhcl.edu /yang/pages/teaching/proJavaSecurityCode/Chapter10/com/isnetworks/util Debug.class
2003.09.08 12:43 B D:\Data\pages\teaching\proJavaSecurityCode\Chapter10\com\isnetworks\util\Debug.java --> nas.uhcl.edu /yang/pages/teaching/proJavaSecurityCode/Chapter10/com/isnetworks/util Debug.java
2003.09.08 12:43 B D:\Data\pages\teaching\proJavaSecurityCode\Chapter10\com\isnetworks\util\Makefile --> nas.uhcl.edu /yang/pages/teaching/proJavaSecurityCode/Chapter10/com/isnetworks/util Makefile
2003.09.08 12:43 B D:\Data\pages\teaching\proJavaSecurityCode\Chapter10\com\isnetworks\util\NestedException.class --> nas.uhcl.edu /yang/pages/teaching/proJavaSecurityCode/Chapter10/com/isnetworks/util NestedException.class
2003.09.08 12:43 B D:\Data\pages\teaching\proJavaSecurityCode\Chapter10\com\isnetworks\util\NestedException.java --> nas.uhcl.edu /yang/pages/teaching/proJavaSecurityCode/Chapter10/com/isnetworks/util NestedException.java
2003.09.08 12:43 B D:\Data\pages\teaching\proJavaSecurityCode\Chapter10\com\isnetworks\util\WS_FTP.LOG --> nas.uhcl.edu /yang/pages/teaching/proJavaSecurityCode/Chapter10/com/isnetworks/util WS_FTP.LOG
2003.09.08 12:43 B D:\Data\pages\teaching\proJavaSecurityCode\Chapter10\com\isnetworks\util\XMLProperties$PropertyDocumentHandler.class --> nas.uhcl.edu /yang/pages/teaching/proJavaSecurityCode/Chapter10/com/isnetworks/util XMLProperties$PropertyDocumentHandler.class
2003.09.08 12:43 B D:\Data\pages\teaching\proJavaSecurityCode\Chapter10\com\isnetworks\util\XMLProperties.class --> nas.uhcl.edu /yang/pages/teaching/proJavaSecurityCode/Chapter10/com/isnetworks/util XMLProperties.class
2003.09.08 12:43 B D:\Data\pages\teaching\proJavaSecurityCode\Chapter10\com\isnetworks\util\XMLProperties.java --> nas.uhcl.edu /yang/pages/teaching/proJavaSecurityCode/Chapter10/com/isnetworks/util XMLProperties.java
