2003.02.26 14:35 B d:\DATA\pages\teaching\csci5931webSecurity\proJavaSecurityCode\Chapter11\ReadMe.txt --> sce.cl.uh.edu /yang/pages/teaching/csci5931webSecurity/proJavaSecurityCode/Chapter11 ReadMe.txt
2003.02.26 14:35 B d:\DATA\pages\teaching\csci5931webSecurity\proJavaSecurityCode\Chapter11\server.xml --> sce.cl.uh.edu /yang/pages/teaching/csci5931webSecurity/proJavaSecurityCode/Chapter11 server.xml
2003.02.26 14:35 B d:\DATA\pages\teaching\csci5931webSecurity\proJavaSecurityCode\Chapter11\tomcat.bat --> sce.cl.uh.edu /yang/pages/teaching/csci5931webSecurity/proJavaSecurityCode/Chapter11 tomcat.bat
2003.02.26 14:35 B d:\DATA\pages\teaching\csci5931webSecurity\proJavaSecurityCode\Chapter11\jakarta.cer --> sce.cl.uh.edu /yang/pages/teaching/csci5931webSecurity/proJavaSecurityCode/Chapter11 jakarta.cer
2003.02.26 14:35 B d:\DATA\pages\teaching\csci5931webSecurity\proJavaSecurityCode\Chapter11\bankTrustStore --> sce.cl.uh.edu /yang/pages/teaching/csci5931webSecurity/proJavaSecurityCode/Chapter11 bankTrustStore
2003.02.26 14:35 B d:\DATA\pages\teaching\csci5931webSecurity\proJavaSecurityCode\Chapter11\jakartaKeyStore --> sce.cl.uh.edu /yang/pages/teaching/csci5931webSecurity/proJavaSecurityCode/Chapter11 jakartaKeyStore
2003.02.26 14:35 B d:\DATA\pages\teaching\csci5931webSecurity\proJavaSecurityCode\Chapter11\databaseTrustStore --> sce.cl.uh.edu /yang/pages/teaching/csci5931webSecurity/proJavaSecurityCode/Chapter11 databaseTrustStore
2003.02.26 14:35 B d:\DATA\pages\teaching\csci5931webSecurity\proJavaSecurityCode\Chapter11\creditcardTrustStore --> sce.cl.uh.edu /yang/pages/teaching/csci5931webSecurity/proJavaSecurityCode/Chapter11 creditcardTrustStore
2003.02.26 14:35 B d:\DATA\pages\teaching\csci5931webSecurity\proJavaSecurityCode\Chapter11\databaseKeyStore --> sce.cl.uh.edu /yang/pages/teaching/csci5931webSecurity/proJavaSecurityCode/Chapter11 databaseKeyStore
2003.02.26 14:35 B d:\DATA\pages\teaching\csci5931webSecurity\proJavaSecurityCode\Chapter11\database.cer --> sce.cl.uh.edu /yang/pages/teaching/csci5931webSecurity/proJavaSecurityCode/Chapter11 database.cer
2003.02.26 14:35 B d:\DATA\pages\teaching\csci5931webSecurity\proJavaSecurityCode\Chapter11\creditcard.cer --> sce.cl.uh.edu /yang/pages/teaching/csci5931webSecurity/proJavaSecurityCode/Chapter11 creditcard.cer
2003.02.26 14:35 B d:\DATA\pages\teaching\csci5931webSecurity\proJavaSecurityCode\Chapter11\bank.cer --> sce.cl.uh.edu /yang/pages/teaching/csci5931webSecurity/proJavaSecurityCode/Chapter11 bank.cer
2003.02.26 14:35 B d:\DATA\pages\teaching\csci5931webSecurity\proJavaSecurityCode\Chapter11\bankKeyStore --> sce.cl.uh.edu /yang/pages/teaching/csci5931webSecurity/proJavaSecurityCode/Chapter11 bankKeyStore
2003.02.26 14:35 B d:\DATA\pages\teaching\csci5931webSecurity\proJavaSecurityCode\Chapter11\creditcardKeyStore --> sce.cl.uh.edu /yang/pages/teaching/csci5931webSecurity/proJavaSecurityCode/Chapter11 creditcardKeyStore
2003.02.26 14:35 B d:\DATA\pages\teaching\csci5931webSecurity\proJavaSecurityCode\Chapter11\thawte2.cer --> sce.cl.uh.edu /yang/pages/teaching/csci5931webSecurity/proJavaSecurityCode/Chapter11 thawte2.cer
2003.02.26 14:35 B d:\DATA\pages\teaching\csci5931webSecurity\proJavaSecurityCode\Chapter11\SecureDriver.policy --> sce.cl.uh.edu /yang/pages/teaching/csci5931webSecurity/proJavaSecurityCode/Chapter11 SecureDriver.policy
2003.02.26 14:35 B d:\DATA\pages\teaching\csci5931webSecurity\proJavaSecurityCode\Chapter11\BankInit.policy --> sce.cl.uh.edu /yang/pages/teaching/csci5931webSecurity/proJavaSecurityCode/Chapter11 BankInit.policy
2003.02.26 14:35 B d:\DATA\pages\teaching\csci5931webSecurity\proJavaSecurityCode\Chapter11\config.properties --> sce.cl.uh.edu /yang/pages/teaching/csci5931webSecurity/proJavaSecurityCode/Chapter11 config.properties
2003.02.26 14:35 B d:\DATA\pages\teaching\csci5931webSecurity\proJavaSecurityCode\Chapter11\SecureDriverClient.policy --> sce.cl.uh.edu /yang/pages/teaching/csci5931webSecurity/proJavaSecurityCode/Chapter11 SecureDriverClient.policy
2003.02.26 14:35 B d:\DATA\pages\teaching\csci5931webSecurity\proJavaSecurityCode\Chapter11\tomcat.policy --> sce.cl.uh.edu /yang/pages/teaching/csci5931webSecurity/proJavaSecurityCode/Chapter11 tomcat.policy
2003.02.26 14:35 B d:\DATA\pages\teaching\csci5931webSecurity\proJavaSecurityCode\Chapter11\java.security --> sce.cl.uh.edu /yang/pages/teaching/csci5931webSecurity/proJavaSecurityCode/Chapter11 java.security
2003.02.26 14:35 B d:\DATA\pages\teaching\csci5931webSecurity\proJavaSecurityCode\Chapter11\xerces license.txt --> sce.cl.uh.edu /yang/pages/teaching/csci5931webSecurity/proJavaSecurityCode/Chapter11 xerces license.txt
2003.02.26 14:35 B d:\DATA\pages\teaching\csci5931webSecurity\proJavaSecurityCode\Chapter11\SecureDriver.bat --> sce.cl.uh.edu /yang/pages/teaching/csci5931webSecurity/proJavaSecurityCode/Chapter11 SecureDriver.bat
2003.02.26 14:35 B d:\DATA\pages\teaching\csci5931webSecurity\proJavaSecurityCode\Chapter11\CreditCardClient.policy --> sce.cl.uh.edu /yang/pages/teaching/csci5931webSecurity/proJavaSecurityCode/Chapter11 CreditCardClient.policy
2003.02.26 14:35 B d:\DATA\pages\teaching\csci5931webSecurity\proJavaSecurityCode\Chapter11\SecureDriver_config.xml --> sce.cl.uh.edu /yang/pages/teaching/csci5931webSecurity/proJavaSecurityCode/Chapter11 SecureDriver_config.xml
2003.02.26 14:35 B d:\DATA\pages\teaching\csci5931webSecurity\proJavaSecurityCode\Chapter11\SecureDriver.jar --> sce.cl.uh.edu /yang/pages/teaching/csci5931webSecurity/proJavaSecurityCode/Chapter11 SecureDriver.jar
2003.02.26 14:35 B d:\DATA\pages\teaching\csci5931webSecurity\proJavaSecurityCode\Chapter11\MySQL commands.txt --> sce.cl.uh.edu /yang/pages/teaching/csci5931webSecurity/proJavaSecurityCode/Chapter11 MySQL commands.txt
2003.02.26 14:35 B d:\DATA\pages\teaching\csci5931webSecurity\proJavaSecurityCode\Chapter11\StartRmiRegistry.bat --> sce.cl.uh.edu /yang/pages/teaching/csci5931webSecurity/proJavaSecurityCode/Chapter11 StartRmiRegistry.bat
2003.02.26 14:35 B d:\DATA\pages\teaching\csci5931webSecurity\proJavaSecurityCode\Chapter11\SecureDriverClient.jar --> sce.cl.uh.edu /yang/pages/teaching/csci5931webSecurity/proJavaSecurityCode/Chapter11 SecureDriverClient.jar
2003.02.26 14:35 B d:\DATA\pages\teaching\csci5931webSecurity\proJavaSecurityCode\Chapter11\CreditCardClient.jar --> sce.cl.uh.edu /yang/pages/teaching/csci5931webSecurity/proJavaSecurityCode/Chapter11 CreditCardClient.jar
2003.02.26 14:35 B d:\DATA\pages\teaching\csci5931webSecurity\proJavaSecurityCode\Chapter11\BankApp.war --> sce.cl.uh.edu /yang/pages/teaching/csci5931webSecurity/proJavaSecurityCode/Chapter11 BankApp.war
2003.02.26 14:35 B d:\DATA\pages\teaching\csci5931webSecurity\proJavaSecurityCode\Chapter11\Bank.jar --> sce.cl.uh.edu /yang/pages/teaching/csci5931webSecurity/proJavaSecurityCode/Chapter11 Bank.jar
2003.02.26 14:35 B d:\DATA\pages\teaching\csci5931webSecurity\proJavaSecurityCode\Chapter11\xerces.jar --> sce.cl.uh.edu /yang/pages/teaching/csci5931webSecurity/proJavaSecurityCode/Chapter11 xerces.jar
2003.02.26 14:35 B d:\DATA\pages\teaching\csci5931webSecurity\proJavaSecurityCode\Chapter11\CreditCardClient.bat --> sce.cl.uh.edu /yang/pages/teaching/csci5931webSecurity/proJavaSecurityCode/Chapter11 CreditCardClient.bat
2003.02.26 14:35 B d:\DATA\pages\teaching\csci5931webSecurity\proJavaSecurityCode\Chapter11\BankInit.bat --> sce.cl.uh.edu /yang/pages/teaching/csci5931webSecurity/proJavaSecurityCode/Chapter11 BankInit.bat
2003.02.26 14:35 B d:\DATA\pages\teaching\csci5931webSecurity\proJavaSecurityCode\Chapter11\java.policy --> sce.cl.uh.edu /yang/pages/teaching/csci5931webSecurity/proJavaSecurityCode/Chapter11 java.policy
2003.02.26 14:35 B d:\DATA\pages\teaching\csci5931webSecurity\proJavaSecurityCode\Chapter11\SecureDriver_config.dtd --> sce.cl.uh.edu /yang/pages/teaching/csci5931webSecurity/proJavaSecurityCode/Chapter11 SecureDriver_config.dtd
2003.02.26 14:35 B d:\DATA\pages\teaching\csci5931webSecurity\proJavaSecurityCode\Chapter11\mysql_comp.jar --> sce.cl.uh.edu /yang/pages/teaching/csci5931webSecurity/proJavaSecurityCode/Chapter11 mysql_comp.jar
2003.09.08 12:26 B D:\Data\pages\teaching\proJavaSecurityCode\Chapter11\bank.cer --> dcm.cl.uh.edu /yang/proJavaSecurityCode/Chapter11 bank.cer
2003.09.08 12:26 B D:\Data\pages\teaching\proJavaSecurityCode\Chapter11\Bank.jar --> dcm.cl.uh.edu /yang/proJavaSecurityCode/Chapter11 Bank.jar
2003.09.08 12:26 B D:\Data\pages\teaching\proJavaSecurityCode\Chapter11\BankApp.war --> dcm.cl.uh.edu /yang/proJavaSecurityCode/Chapter11 BankApp.war
2003.09.08 12:26 B D:\Data\pages\teaching\proJavaSecurityCode\Chapter11\BankInit.bat --> dcm.cl.uh.edu /yang/proJavaSecurityCode/Chapter11 BankInit.bat
2003.09.08 12:26 B D:\Data\pages\teaching\proJavaSecurityCode\Chapter11\BankInit.policy --> dcm.cl.uh.edu /yang/proJavaSecurityCode/Chapter11 BankInit.policy
2003.09.08 12:26 B D:\Data\pages\teaching\proJavaSecurityCode\Chapter11\bankKeyStore --> dcm.cl.uh.edu /yang/proJavaSecurityCode/Chapter11 bankKeyStore
2003.09.08 12:26 B D:\Data\pages\teaching\proJavaSecurityCode\Chapter11\bankTrustStore --> dcm.cl.uh.edu /yang/proJavaSecurityCode/Chapter11 bankTrustStore
2003.09.08 12:26 B D:\Data\pages\teaching\proJavaSecurityCode\Chapter11\config.properties --> dcm.cl.uh.edu /yang/proJavaSecurityCode/Chapter11 config.properties
2003.09.08 12:26 B D:\Data\pages\teaching\proJavaSecurityCode\Chapter11\creditcard.cer --> dcm.cl.uh.edu /yang/proJavaSecurityCode/Chapter11 creditcard.cer
2003.09.08 12:26 B D:\Data\pages\teaching\proJavaSecurityCode\Chapter11\CreditCardClient.bat --> dcm.cl.uh.edu /yang/proJavaSecurityCode/Chapter11 CreditCardClient.bat
2003.09.08 12:26 B D:\Data\pages\teaching\proJavaSecurityCode\Chapter11\CreditCardClient.jar --> dcm.cl.uh.edu /yang/proJavaSecurityCode/Chapter11 CreditCardClient.jar
2003.09.08 12:26 B D:\Data\pages\teaching\proJavaSecurityCode\Chapter11\CreditCardClient.policy --> dcm.cl.uh.edu /yang/proJavaSecurityCode/Chapter11 CreditCardClient.policy
2003.09.08 12:26 B D:\Data\pages\teaching\proJavaSecurityCode\Chapter11\creditcardKeyStore --> dcm.cl.uh.edu /yang/proJavaSecurityCode/Chapter11 creditcardKeyStore
2003.09.08 12:26 B D:\Data\pages\teaching\proJavaSecurityCode\Chapter11\creditcardTrustStore --> dcm.cl.uh.edu /yang/proJavaSecurityCode/Chapter11 creditcardTrustStore
2003.09.08 12:26 B D:\Data\pages\teaching\proJavaSecurityCode\Chapter11\database.cer --> dcm.cl.uh.edu /yang/proJavaSecurityCode/Chapter11 database.cer
2003.09.08 12:26 B D:\Data\pages\teaching\proJavaSecurityCode\Chapter11\databaseKeyStore --> dcm.cl.uh.edu /yang/proJavaSecurityCode/Chapter11 databaseKeyStore
2003.09.08 12:26 B D:\Data\pages\teaching\proJavaSecurityCode\Chapter11\databaseTrustStore --> dcm.cl.uh.edu /yang/proJavaSecurityCode/Chapter11 databaseTrustStore
2003.09.08 12:26 B D:\Data\pages\teaching\proJavaSecurityCode\Chapter11\jakarta.cer --> dcm.cl.uh.edu /yang/proJavaSecurityCode/Chapter11 jakarta.cer
2003.09.08 12:26 B D:\Data\pages\teaching\proJavaSecurityCode\Chapter11\jakartaKeyStore --> dcm.cl.uh.edu /yang/proJavaSecurityCode/Chapter11 jakartaKeyStore
2003.09.08 12:26 B D:\Data\pages\teaching\proJavaSecurityCode\Chapter11\java.policy --> dcm.cl.uh.edu /yang/proJavaSecurityCode/Chapter11 java.policy
2003.09.08 12:26 B D:\Data\pages\teaching\proJavaSecurityCode\Chapter11\java.security --> dcm.cl.uh.edu /yang/proJavaSecurityCode/Chapter11 java.security
2003.09.08 12:26 B D:\Data\pages\teaching\proJavaSecurityCode\Chapter11\MySQL commands.txt --> dcm.cl.uh.edu /yang/proJavaSecurityCode/Chapter11 MySQL commands.txt
2003.09.08 12:26 B D:\Data\pages\teaching\proJavaSecurityCode\Chapter11\mysql_comp.jar --> dcm.cl.uh.edu /yang/proJavaSecurityCode/Chapter11 mysql_comp.jar
2003.09.08 12:26 B D:\Data\pages\teaching\proJavaSecurityCode\Chapter11\ReadMe.txt --> dcm.cl.uh.edu /yang/proJavaSecurityCode/Chapter11 ReadMe.txt
2003.09.08 12:26 B D:\Data\pages\teaching\proJavaSecurityCode\Chapter11\SecureDriver.bat --> dcm.cl.uh.edu /yang/proJavaSecurityCode/Chapter11 SecureDriver.bat
2003.09.08 12:26 B D:\Data\pages\teaching\proJavaSecurityCode\Chapter11\SecureDriver.jar --> dcm.cl.uh.edu /yang/proJavaSecurityCode/Chapter11 SecureDriver.jar
2003.09.08 12:26 B D:\Data\pages\teaching\proJavaSecurityCode\Chapter11\SecureDriver.policy --> dcm.cl.uh.edu /yang/proJavaSecurityCode/Chapter11 SecureDriver.policy
2003.09.08 12:26 B D:\Data\pages\teaching\proJavaSecurityCode\Chapter11\SecureDriver_config.dtd --> dcm.cl.uh.edu /yang/proJavaSecurityCode/Chapter11 SecureDriver_config.dtd
2003.09.08 12:26 B D:\Data\pages\teaching\proJavaSecurityCode\Chapter11\SecureDriver_config.xml --> dcm.cl.uh.edu /yang/proJavaSecurityCode/Chapter11 SecureDriver_config.xml
2003.09.08 12:26 B D:\Data\pages\teaching\proJavaSecurityCode\Chapter11\SecureDriverClient.jar --> dcm.cl.uh.edu /yang/proJavaSecurityCode/Chapter11 SecureDriverClient.jar
2003.09.08 12:26 B D:\Data\pages\teaching\proJavaSecurityCode\Chapter11\SecureDriverClient.policy --> dcm.cl.uh.edu /yang/proJavaSecurityCode/Chapter11 SecureDriverClient.policy
2003.09.08 12:26 B D:\Data\pages\teaching\proJavaSecurityCode\Chapter11\server.xml --> dcm.cl.uh.edu /yang/proJavaSecurityCode/Chapter11 server.xml
2003.09.08 12:26 B D:\Data\pages\teaching\proJavaSecurityCode\Chapter11\StartRmiRegistry.bat --> dcm.cl.uh.edu /yang/proJavaSecurityCode/Chapter11 StartRmiRegistry.bat
2003.09.08 12:26 B D:\Data\pages\teaching\proJavaSecurityCode\Chapter11\thawte2.cer --> dcm.cl.uh.edu /yang/proJavaSecurityCode/Chapter11 thawte2.cer
2003.09.08 12:26 B D:\Data\pages\teaching\proJavaSecurityCode\Chapter11\tomcat.bat --> dcm.cl.uh.edu /yang/proJavaSecurityCode/Chapter11 tomcat.bat
2003.09.08 12:26 B D:\Data\pages\teaching\proJavaSecurityCode\Chapter11\tomcat.policy --> dcm.cl.uh.edu /yang/proJavaSecurityCode/Chapter11 tomcat.policy
2003.09.08 12:26 B D:\Data\pages\teaching\proJavaSecurityCode\Chapter11\WS_FTP.LOG --> dcm.cl.uh.edu /yang/proJavaSecurityCode/Chapter11 WS_FTP.LOG
2003.09.08 12:26 B D:\Data\pages\teaching\proJavaSecurityCode\Chapter11\xerces license.txt --> dcm.cl.uh.edu /yang/proJavaSecurityCode/Chapter11 xerces license.txt
2003.09.08 12:26 B D:\Data\pages\teaching\proJavaSecurityCode\Chapter11\xerces.jar --> dcm.cl.uh.edu /yang/proJavaSecurityCode/Chapter11 xerces.jar
2003.09.08 12:44 B D:\Data\pages\teaching\proJavaSecurityCode\Chapter11\bank.cer --> nas.cl.uh.edu /yang/pages/teaching/proJavaSecurityCode/Chapter11 bank.cer
2003.09.08 12:44 B D:\Data\pages\teaching\proJavaSecurityCode\Chapter11\Bank.jar --> nas.cl.uh.edu /yang/pages/teaching/proJavaSecurityCode/Chapter11 Bank.jar
2003.09.08 12:44 B D:\Data\pages\teaching\proJavaSecurityCode\Chapter11\BankApp.war --> nas.cl.uh.edu /yang/pages/teaching/proJavaSecurityCode/Chapter11 BankApp.war
2003.09.08 12:44 B D:\Data\pages\teaching\proJavaSecurityCode\Chapter11\BankInit.bat --> nas.cl.uh.edu /yang/pages/teaching/proJavaSecurityCode/Chapter11 BankInit.bat
2003.09.08 12:44 B D:\Data\pages\teaching\proJavaSecurityCode\Chapter11\BankInit.policy --> nas.cl.uh.edu /yang/pages/teaching/proJavaSecurityCode/Chapter11 BankInit.policy
2003.09.08 12:44 B D:\Data\pages\teaching\proJavaSecurityCode\Chapter11\bankKeyStore --> nas.cl.uh.edu /yang/pages/teaching/proJavaSecurityCode/Chapter11 bankKeyStore
2003.09.08 12:44 B D:\Data\pages\teaching\proJavaSecurityCode\Chapter11\bankTrustStore --> nas.cl.uh.edu /yang/pages/teaching/proJavaSecurityCode/Chapter11 bankTrustStore
2003.09.08 12:44 B D:\Data\pages\teaching\proJavaSecurityCode\Chapter11\config.properties --> nas.cl.uh.edu /yang/pages/teaching/proJavaSecurityCode/Chapter11 config.properties
2003.09.08 12:44 B D:\Data\pages\teaching\proJavaSecurityCode\Chapter11\creditcard.cer --> nas.cl.uh.edu /yang/pages/teaching/proJavaSecurityCode/Chapter11 creditcard.cer
2003.09.08 12:44 B D:\Data\pages\teaching\proJavaSecurityCode\Chapter11\CreditCardClient.bat --> nas.cl.uh.edu /yang/pages/teaching/proJavaSecurityCode/Chapter11 CreditCardClient.bat
2003.09.08 12:44 B D:\Data\pages\teaching\proJavaSecurityCode\Chapter11\CreditCardClient.jar --> nas.cl.uh.edu /yang/pages/teaching/proJavaSecurityCode/Chapter11 CreditCardClient.jar
2003.09.08 12:44 B D:\Data\pages\teaching\proJavaSecurityCode\Chapter11\CreditCardClient.policy --> nas.cl.uh.edu /yang/pages/teaching/proJavaSecurityCode/Chapter11 CreditCardClient.policy
2003.09.08 12:44 B D:\Data\pages\teaching\proJavaSecurityCode\Chapter11\creditcardKeyStore --> nas.cl.uh.edu /yang/pages/teaching/proJavaSecurityCode/Chapter11 creditcardKeyStore
2003.09.08 12:44 B D:\Data\pages\teaching\proJavaSecurityCode\Chapter11\creditcardTrustStore --> nas.cl.uh.edu /yang/pages/teaching/proJavaSecurityCode/Chapter11 creditcardTrustStore
2003.09.08 12:44 B D:\Data\pages\teaching\proJavaSecurityCode\Chapter11\database.cer --> nas.cl.uh.edu /yang/pages/teaching/proJavaSecurityCode/Chapter11 database.cer
2003.09.08 12:44 B D:\Data\pages\teaching\proJavaSecurityCode\Chapter11\databaseKeyStore --> nas.cl.uh.edu /yang/pages/teaching/proJavaSecurityCode/Chapter11 databaseKeyStore
2003.09.08 12:44 B D:\Data\pages\teaching\proJavaSecurityCode\Chapter11\databaseTrustStore --> nas.cl.uh.edu /yang/pages/teaching/proJavaSecurityCode/Chapter11 databaseTrustStore
2003.09.08 12:44 B D:\Data\pages\teaching\proJavaSecurityCode\Chapter11\jakarta.cer --> nas.cl.uh.edu /yang/pages/teaching/proJavaSecurityCode/Chapter11 jakarta.cer
2003.09.08 12:44 B D:\Data\pages\teaching\proJavaSecurityCode\Chapter11\jakartaKeyStore --> nas.cl.uh.edu /yang/pages/teaching/proJavaSecurityCode/Chapter11 jakartaKeyStore
2003.09.08 12:44 B D:\Data\pages\teaching\proJavaSecurityCode\Chapter11\java.policy --> nas.cl.uh.edu /yang/pages/teaching/proJavaSecurityCode/Chapter11 java.policy
2003.09.08 12:44 B D:\Data\pages\teaching\proJavaSecurityCode\Chapter11\java.security --> nas.cl.uh.edu /yang/pages/teaching/proJavaSecurityCode/Chapter11 java.security
2003.09.08 12:44 B D:\Data\pages\teaching\proJavaSecurityCode\Chapter11\MySQL commands.txt --> nas.cl.uh.edu /yang/pages/teaching/proJavaSecurityCode/Chapter11 MySQL commands.txt
2003.09.08 12:44 B D:\Data\pages\teaching\proJavaSecurityCode\Chapter11\mysql_comp.jar --> nas.cl.uh.edu /yang/pages/teaching/proJavaSecurityCode/Chapter11 mysql_comp.jar
2003.09.08 12:44 B D:\Data\pages\teaching\proJavaSecurityCode\Chapter11\ReadMe.txt --> nas.cl.uh.edu /yang/pages/teaching/proJavaSecurityCode/Chapter11 ReadMe.txt
2003.09.08 12:44 B D:\Data\pages\teaching\proJavaSecurityCode\Chapter11\SecureDriver.bat --> nas.cl.uh.edu /yang/pages/teaching/proJavaSecurityCode/Chapter11 SecureDriver.bat
2003.09.08 12:44 B D:\Data\pages\teaching\proJavaSecurityCode\Chapter11\SecureDriver.jar --> nas.cl.uh.edu /yang/pages/teaching/proJavaSecurityCode/Chapter11 SecureDriver.jar
2003.09.08 12:44 B D:\Data\pages\teaching\proJavaSecurityCode\Chapter11\SecureDriver.policy --> nas.cl.uh.edu /yang/pages/teaching/proJavaSecurityCode/Chapter11 SecureDriver.policy
2003.09.08 12:44 B D:\Data\pages\teaching\proJavaSecurityCode\Chapter11\SecureDriver_config.dtd --> nas.cl.uh.edu /yang/pages/teaching/proJavaSecurityCode/Chapter11 SecureDriver_config.dtd
2003.09.08 12:44 B D:\Data\pages\teaching\proJavaSecurityCode\Chapter11\SecureDriver_config.xml --> nas.cl.uh.edu /yang/pages/teaching/proJavaSecurityCode/Chapter11 SecureDriver_config.xml
2003.09.08 12:44 B D:\Data\pages\teaching\proJavaSecurityCode\Chapter11\SecureDriverClient.jar --> nas.cl.uh.edu /yang/pages/teaching/proJavaSecurityCode/Chapter11 SecureDriverClient.jar
2003.09.08 12:44 B D:\Data\pages\teaching\proJavaSecurityCode\Chapter11\SecureDriverClient.policy --> nas.cl.uh.edu /yang/pages/teaching/proJavaSecurityCode/Chapter11 SecureDriverClient.policy
2003.09.08 12:44 B D:\Data\pages\teaching\proJavaSecurityCode\Chapter11\server.xml --> nas.cl.uh.edu /yang/pages/teaching/proJavaSecurityCode/Chapter11 server.xml
2003.09.08 12:44 B D:\Data\pages\teaching\proJavaSecurityCode\Chapter11\StartRmiRegistry.bat --> nas.cl.uh.edu /yang/pages/teaching/proJavaSecurityCode/Chapter11 StartRmiRegistry.bat
2003.09.08 12:44 B D:\Data\pages\teaching\proJavaSecurityCode\Chapter11\thawte2.cer --> nas.cl.uh.edu /yang/pages/teaching/proJavaSecurityCode/Chapter11 thawte2.cer
2003.09.08 12:44 B D:\Data\pages\teaching\proJavaSecurityCode\Chapter11\tomcat.bat --> nas.cl.uh.edu /yang/pages/teaching/proJavaSecurityCode/Chapter11 tomcat.bat
2003.09.08 12:44 B D:\Data\pages\teaching\proJavaSecurityCode\Chapter11\tomcat.policy --> nas.cl.uh.edu /yang/pages/teaching/proJavaSecurityCode/Chapter11 tomcat.policy
2003.09.08 12:44 B D:\Data\pages\teaching\proJavaSecurityCode\Chapter11\WS_FTP.LOG --> nas.cl.uh.edu /yang/pages/teaching/proJavaSecurityCode/Chapter11 WS_FTP.LOG
2003.09.08 12:44 B D:\Data\pages\teaching\proJavaSecurityCode\Chapter11\xerces license.txt --> nas.cl.uh.edu /yang/pages/teaching/proJavaSecurityCode/Chapter11 xerces license.txt
2003.09.08 12:44 B D:\Data\pages\teaching\proJavaSecurityCode\Chapter11\xerces.jar --> nas.cl.uh.edu /yang/pages/teaching/proJavaSecurityCode/Chapter11 xerces.jar
