2003.02.26 14:36 B d:\DATA\pages\teaching\csci5931webSecurity\proJavaSecurityCode\Chapter10\com\isnetworks\crypto\database\server\SecureConnectionServerImpl.java --> sce.cl.uh.edu /yang/pages/teaching/csci5931webSecurity/proJavaSecurityCode/Chapter10/com/isnetworks/crypto/database/server SecureConnectionServerImpl.java
2003.02.26 14:36 B d:\DATA\pages\teaching\csci5931webSecurity\proJavaSecurityCode\Chapter10\com\isnetworks\crypto\database\server\SecureConnectionServerMain.class --> sce.cl.uh.edu /yang/pages/teaching/csci5931webSecurity/proJavaSecurityCode/Chapter10/com/isnetworks/crypto/database/server SecureConnectionServerMain.class
2003.02.26 14:36 B d:\DATA\pages\teaching\csci5931webSecurity\proJavaSecurityCode\Chapter10\com\isnetworks\crypto\database\server\SecureConnectionServerMain.java --> sce.cl.uh.edu /yang/pages/teaching/csci5931webSecurity/proJavaSecurityCode/Chapter10/com/isnetworks/crypto/database/server SecureConnectionServerMain.java
2003.02.26 14:36 B d:\DATA\pages\teaching\csci5931webSecurity\proJavaSecurityCode\Chapter10\com\isnetworks\crypto\database\server\SimpleDatasourceManager.class --> sce.cl.uh.edu /yang/pages/teaching/csci5931webSecurity/proJavaSecurityCode/Chapter10/com/isnetworks/crypto/database/server SimpleDatasourceManager.class
2003.02.26 14:36 B d:\DATA\pages\teaching\csci5931webSecurity\proJavaSecurityCode\Chapter10\com\isnetworks\crypto\database\server\SimpleDatasourceManager$Datasource.class --> sce.cl.uh.edu /yang/pages/teaching/csci5931webSecurity/proJavaSecurityCode/Chapter10/com/isnetworks/crypto/database/server SimpleDatasourceManager$Datasource.class
2003.02.26 14:36 B d:\DATA\pages\teaching\csci5931webSecurity\proJavaSecurityCode\Chapter10\com\isnetworks\crypto\database\server\SecureConnectionServerImpl_Stub.class --> sce.cl.uh.edu /yang/pages/teaching/csci5931webSecurity/proJavaSecurityCode/Chapter10/com/isnetworks/crypto/database/server SecureConnectionServerImpl_Stub.class
2003.02.26 14:36 B d:\DATA\pages\teaching\csci5931webSecurity\proJavaSecurityCode\Chapter10\com\isnetworks\crypto\database\server\SecureConnectionServerImpl.class --> sce.cl.uh.edu /yang/pages/teaching/csci5931webSecurity/proJavaSecurityCode/Chapter10/com/isnetworks/crypto/database/server SecureConnectionServerImpl.class
2003.02.26 14:36 B d:\DATA\pages\teaching\csci5931webSecurity\proJavaSecurityCode\Chapter10\com\isnetworks\crypto\database\server\DatasourceManager.class --> sce.cl.uh.edu /yang/pages/teaching/csci5931webSecurity/proJavaSecurityCode/Chapter10/com/isnetworks/crypto/database/server DatasourceManager.class
2003.02.26 14:36 B d:\DATA\pages\teaching\csci5931webSecurity\proJavaSecurityCode\Chapter10\com\isnetworks\crypto\database\server\ConfigurationParser.class --> sce.cl.uh.edu /yang/pages/teaching/csci5931webSecurity/proJavaSecurityCode/Chapter10/com/isnetworks/crypto/database/server ConfigurationParser.class
2003.02.26 14:36 B d:\DATA\pages\teaching\csci5931webSecurity\proJavaSecurityCode\Chapter10\com\isnetworks\crypto\database\server\ConfigurationException.class --> sce.cl.uh.edu /yang/pages/teaching/csci5931webSecurity/proJavaSecurityCode/Chapter10/com/isnetworks/crypto/database/server ConfigurationException.class
2003.02.26 14:36 B d:\DATA\pages\teaching\csci5931webSecurity\proJavaSecurityCode\Chapter10\com\isnetworks\crypto\database\server\SimpleDatasourceManager.java --> sce.cl.uh.edu /yang/pages/teaching/csci5931webSecurity/proJavaSecurityCode/Chapter10/com/isnetworks/crypto/database/server SimpleDatasourceManager.java
2003.02.26 14:36 B d:\DATA\pages\teaching\csci5931webSecurity\proJavaSecurityCode\Chapter10\com\isnetworks\crypto\database\server\ConfigurationParser.java --> sce.cl.uh.edu /yang/pages/teaching/csci5931webSecurity/proJavaSecurityCode/Chapter10/com/isnetworks/crypto/database/server ConfigurationParser.java
2003.02.26 14:36 B d:\DATA\pages\teaching\csci5931webSecurity\proJavaSecurityCode\Chapter10\com\isnetworks\crypto\database\server\Makefile --> sce.cl.uh.edu /yang/pages/teaching/csci5931webSecurity/proJavaSecurityCode/Chapter10/com/isnetworks/crypto/database/server Makefile
2003.02.26 14:36 B d:\DATA\pages\teaching\csci5931webSecurity\proJavaSecurityCode\Chapter10\com\isnetworks\crypto\database\server\ConfigurationException.java --> sce.cl.uh.edu /yang/pages/teaching/csci5931webSecurity/proJavaSecurityCode/Chapter10/com/isnetworks/crypto/database/server ConfigurationException.java
2003.02.26 14:36 B d:\DATA\pages\teaching\csci5931webSecurity\proJavaSecurityCode\Chapter10\com\isnetworks\crypto\database\server\DatasourceManager.java --> sce.cl.uh.edu /yang/pages/teaching/csci5931webSecurity/proJavaSecurityCode/Chapter10/com/isnetworks/crypto/database/server DatasourceManager.java
2003.09.08 12:25 B D:\Data\pages\teaching\proJavaSecurityCode\Chapter10\com\isnetworks\crypto\database\server\ConfigurationException.class --> dcm.cl.uh.edu /yang/proJavaSecurityCode/Chapter10/com/isnetworks/crypto/database/server ConfigurationException.class
2003.09.08 12:25 B D:\Data\pages\teaching\proJavaSecurityCode\Chapter10\com\isnetworks\crypto\database\server\ConfigurationException.java --> dcm.cl.uh.edu /yang/proJavaSecurityCode/Chapter10/com/isnetworks/crypto/database/server ConfigurationException.java
2003.09.08 12:25 B D:\Data\pages\teaching\proJavaSecurityCode\Chapter10\com\isnetworks\crypto\database\server\ConfigurationParser.class --> dcm.cl.uh.edu /yang/proJavaSecurityCode/Chapter10/com/isnetworks/crypto/database/server ConfigurationParser.class
2003.09.08 12:25 B D:\Data\pages\teaching\proJavaSecurityCode\Chapter10\com\isnetworks\crypto\database\server\ConfigurationParser.java --> dcm.cl.uh.edu /yang/proJavaSecurityCode/Chapter10/com/isnetworks/crypto/database/server ConfigurationParser.java
2003.09.08 12:25 B D:\Data\pages\teaching\proJavaSecurityCode\Chapter10\com\isnetworks\crypto\database\server\DatasourceManager.class --> dcm.cl.uh.edu /yang/proJavaSecurityCode/Chapter10/com/isnetworks/crypto/database/server DatasourceManager.class
2003.09.08 12:25 B D:\Data\pages\teaching\proJavaSecurityCode\Chapter10\com\isnetworks\crypto\database\server\DatasourceManager.java --> dcm.cl.uh.edu /yang/proJavaSecurityCode/Chapter10/com/isnetworks/crypto/database/server DatasourceManager.java
2003.09.08 12:25 B D:\Data\pages\teaching\proJavaSecurityCode\Chapter10\com\isnetworks\crypto\database\server\Makefile --> dcm.cl.uh.edu /yang/proJavaSecurityCode/Chapter10/com/isnetworks/crypto/database/server Makefile
2003.09.08 12:25 B D:\Data\pages\teaching\proJavaSecurityCode\Chapter10\com\isnetworks\crypto\database\server\SecureConnectionServerImpl.class --> dcm.cl.uh.edu /yang/proJavaSecurityCode/Chapter10/com/isnetworks/crypto/database/server SecureConnectionServerImpl.class
2003.09.08 12:25 B D:\Data\pages\teaching\proJavaSecurityCode\Chapter10\com\isnetworks\crypto\database\server\SecureConnectionServerImpl.java --> dcm.cl.uh.edu /yang/proJavaSecurityCode/Chapter10/com/isnetworks/crypto/database/server SecureConnectionServerImpl.java
2003.09.08 12:25 B D:\Data\pages\teaching\proJavaSecurityCode\Chapter10\com\isnetworks\crypto\database\server\SecureConnectionServerImpl_Stub.class --> dcm.cl.uh.edu /yang/proJavaSecurityCode/Chapter10/com/isnetworks/crypto/database/server SecureConnectionServerImpl_Stub.class
2003.09.08 12:25 B D:\Data\pages\teaching\proJavaSecurityCode\Chapter10\com\isnetworks\crypto\database\server\SecureConnectionServerMain.class --> dcm.cl.uh.edu /yang/proJavaSecurityCode/Chapter10/com/isnetworks/crypto/database/server SecureConnectionServerMain.class
2003.09.08 12:25 B D:\Data\pages\teaching\proJavaSecurityCode\Chapter10\com\isnetworks\crypto\database\server\SecureConnectionServerMain.java --> dcm.cl.uh.edu /yang/proJavaSecurityCode/Chapter10/com/isnetworks/crypto/database/server SecureConnectionServerMain.java
2003.09.08 12:25 B D:\Data\pages\teaching\proJavaSecurityCode\Chapter10\com\isnetworks\crypto\database\server\SimpleDatasourceManager$Datasource.class --> dcm.cl.uh.edu /yang/proJavaSecurityCode/Chapter10/com/isnetworks/crypto/database/server SimpleDatasourceManager$Datasource.class
2003.09.08 12:25 B D:\Data\pages\teaching\proJavaSecurityCode\Chapter10\com\isnetworks\crypto\database\server\SimpleDatasourceManager.class --> dcm.cl.uh.edu /yang/proJavaSecurityCode/Chapter10/com/isnetworks/crypto/database/server SimpleDatasourceManager.class
2003.09.08 12:25 B D:\Data\pages\teaching\proJavaSecurityCode\Chapter10\com\isnetworks\crypto\database\server\SimpleDatasourceManager.java --> dcm.cl.uh.edu /yang/proJavaSecurityCode/Chapter10/com/isnetworks/crypto/database/server SimpleDatasourceManager.java
2003.09.08 12:25 B D:\Data\pages\teaching\proJavaSecurityCode\Chapter10\com\isnetworks\crypto\database\server\WS_FTP.LOG --> dcm.cl.uh.edu /yang/proJavaSecurityCode/Chapter10/com/isnetworks/crypto/database/server WS_FTP.LOG
2003.09.08 12:43 B D:\Data\pages\teaching\proJavaSecurityCode\Chapter10\com\isnetworks\crypto\database\server\ConfigurationException.class --> nas.cl.uh.edu /yang/pages/teaching/proJavaSecurityCode/Chapter10/com/isnetworks/crypto/database/server ConfigurationException.class
2003.09.08 12:43 B D:\Data\pages\teaching\proJavaSecurityCode\Chapter10\com\isnetworks\crypto\database\server\ConfigurationException.java --> nas.cl.uh.edu /yang/pages/teaching/proJavaSecurityCode/Chapter10/com/isnetworks/crypto/database/server ConfigurationException.java
2003.09.08 12:43 B D:\Data\pages\teaching\proJavaSecurityCode\Chapter10\com\isnetworks\crypto\database\server\ConfigurationParser.class --> nas.cl.uh.edu /yang/pages/teaching/proJavaSecurityCode/Chapter10/com/isnetworks/crypto/database/server ConfigurationParser.class
2003.09.08 12:43 B D:\Data\pages\teaching\proJavaSecurityCode\Chapter10\com\isnetworks\crypto\database\server\ConfigurationParser.java --> nas.cl.uh.edu /yang/pages/teaching/proJavaSecurityCode/Chapter10/com/isnetworks/crypto/database/server ConfigurationParser.java
2003.09.08 12:43 B D:\Data\pages\teaching\proJavaSecurityCode\Chapter10\com\isnetworks\crypto\database\server\DatasourceManager.class --> nas.cl.uh.edu /yang/pages/teaching/proJavaSecurityCode/Chapter10/com/isnetworks/crypto/database/server DatasourceManager.class
2003.09.08 12:43 B D:\Data\pages\teaching\proJavaSecurityCode\Chapter10\com\isnetworks\crypto\database\server\DatasourceManager.java --> nas.cl.uh.edu /yang/pages/teaching/proJavaSecurityCode/Chapter10/com/isnetworks/crypto/database/server DatasourceManager.java
2003.09.08 12:43 B D:\Data\pages\teaching\proJavaSecurityCode\Chapter10\com\isnetworks\crypto\database\server\Makefile --> nas.cl.uh.edu /yang/pages/teaching/proJavaSecurityCode/Chapter10/com/isnetworks/crypto/database/server Makefile
2003.09.08 12:43 B D:\Data\pages\teaching\proJavaSecurityCode\Chapter10\com\isnetworks\crypto\database\server\SecureConnectionServerImpl.class --> nas.cl.uh.edu /yang/pages/teaching/proJavaSecurityCode/Chapter10/com/isnetworks/crypto/database/server SecureConnectionServerImpl.class
2003.09.08 12:43 B D:\Data\pages\teaching\proJavaSecurityCode\Chapter10\com\isnetworks\crypto\database\server\SecureConnectionServerImpl.java --> nas.cl.uh.edu /yang/pages/teaching/proJavaSecurityCode/Chapter10/com/isnetworks/crypto/database/server SecureConnectionServerImpl.java
2003.09.08 12:43 B D:\Data\pages\teaching\proJavaSecurityCode\Chapter10\com\isnetworks\crypto\database\server\SecureConnectionServerImpl_Stub.class --> nas.cl.uh.edu /yang/pages/teaching/proJavaSecurityCode/Chapter10/com/isnetworks/crypto/database/server SecureConnectionServerImpl_Stub.class
2003.09.08 12:43 B D:\Data\pages\teaching\proJavaSecurityCode\Chapter10\com\isnetworks\crypto\database\server\SecureConnectionServerMain.class --> nas.cl.uh.edu /yang/pages/teaching/proJavaSecurityCode/Chapter10/com/isnetworks/crypto/database/server SecureConnectionServerMain.class
2003.09.08 12:43 B D:\Data\pages\teaching\proJavaSecurityCode\Chapter10\com\isnetworks\crypto\database\server\SecureConnectionServerMain.java --> nas.cl.uh.edu /yang/pages/teaching/proJavaSecurityCode/Chapter10/com/isnetworks/crypto/database/server SecureConnectionServerMain.java
2003.09.08 12:43 B D:\Data\pages\teaching\proJavaSecurityCode\Chapter10\com\isnetworks\crypto\database\server\SimpleDatasourceManager$Datasource.class --> nas.cl.uh.edu /yang/pages/teaching/proJavaSecurityCode/Chapter10/com/isnetworks/crypto/database/server SimpleDatasourceManager$Datasource.class
2003.09.08 12:43 B D:\Data\pages\teaching\proJavaSecurityCode\Chapter10\com\isnetworks\crypto\database\server\SimpleDatasourceManager.class --> nas.cl.uh.edu /yang/pages/teaching/proJavaSecurityCode/Chapter10/com/isnetworks/crypto/database/server SimpleDatasourceManager.class
2003.09.08 12:43 B D:\Data\pages\teaching\proJavaSecurityCode\Chapter10\com\isnetworks\crypto\database\server\SimpleDatasourceManager.java --> nas.cl.uh.edu /yang/pages/teaching/proJavaSecurityCode/Chapter10/com/isnetworks/crypto/database/server SimpleDatasourceManager.java
2003.09.08 12:43 B D:\Data\pages\teaching\proJavaSecurityCode\Chapter10\com\isnetworks\crypto\database\server\WS_FTP.LOG --> nas.cl.uh.edu /yang/pages/teaching/proJavaSecurityCode/Chapter10/com/isnetworks/crypto/database/server WS_FTP.LOG
