2003.02.26 14:35 B d:\DATA\pages\teaching\csci5931webSecurity\proJavaSecurityCode\Chapter10\com\isnetworks\crypto\net\TunnelThread.class --> sce.cl.uh.edu /yang/pages/teaching/csci5931webSecurity/proJavaSecurityCode/Chapter10/com/isnetworks/crypto/net TunnelThread.class
2003.02.26 14:35 B d:\DATA\pages\teaching\csci5931webSecurity\proJavaSecurityCode\Chapter10\com\isnetworks\crypto\net\TunnelServer.class --> sce.cl.uh.edu /yang/pages/teaching/csci5931webSecurity/proJavaSecurityCode/Chapter10/com/isnetworks/crypto/net TunnelServer.class
2003.02.26 14:35 B d:\DATA\pages\teaching\csci5931webSecurity\proJavaSecurityCode\Chapter10\com\isnetworks\crypto\net\JDBCTest.class --> sce.cl.uh.edu /yang/pages/teaching/csci5931webSecurity/proJavaSecurityCode/Chapter10/com/isnetworks/crypto/net JDBCTest.class
2003.02.26 14:36 B d:\DATA\pages\teaching\csci5931webSecurity\proJavaSecurityCode\Chapter10\com\isnetworks\crypto\net\TunnelThread.java --> sce.cl.uh.edu /yang/pages/teaching/csci5931webSecurity/proJavaSecurityCode/Chapter10/com/isnetworks/crypto/net TunnelThread.java
2003.02.26 14:36 B d:\DATA\pages\teaching\csci5931webSecurity\proJavaSecurityCode\Chapter10\com\isnetworks\crypto\net\TunnelServer.java --> sce.cl.uh.edu /yang/pages/teaching/csci5931webSecurity/proJavaSecurityCode/Chapter10/com/isnetworks/crypto/net TunnelServer.java
2003.02.26 14:36 B d:\DATA\pages\teaching\csci5931webSecurity\proJavaSecurityCode\Chapter10\com\isnetworks\crypto\net\runlocal.sh --> sce.cl.uh.edu /yang/pages/teaching/csci5931webSecurity/proJavaSecurityCode/Chapter10/com/isnetworks/crypto/net runlocal.sh
2003.02.26 14:36 B d:\DATA\pages\teaching\csci5931webSecurity\proJavaSecurityCode\Chapter10\com\isnetworks\crypto\net\JDBCTest.java --> sce.cl.uh.edu /yang/pages/teaching/csci5931webSecurity/proJavaSecurityCode/Chapter10/com/isnetworks/crypto/net JDBCTest.java
2003.02.26 14:36 B d:\DATA\pages\teaching\csci5931webSecurity\proJavaSecurityCode\Chapter10\com\isnetworks\crypto\net\Makefile --> sce.cl.uh.edu /yang/pages/teaching/csci5931webSecurity/proJavaSecurityCode/Chapter10/com/isnetworks/crypto/net Makefile
2003.09.08 12:25 B D:\Data\pages\teaching\proJavaSecurityCode\Chapter10\com\isnetworks\crypto\net\JDBCTest.class --> dcm.cl.uh.edu /yang/proJavaSecurityCode/Chapter10/com/isnetworks/crypto/net JDBCTest.class
2003.09.08 12:25 B D:\Data\pages\teaching\proJavaSecurityCode\Chapter10\com\isnetworks\crypto\net\JDBCTest.java --> dcm.cl.uh.edu /yang/proJavaSecurityCode/Chapter10/com/isnetworks/crypto/net JDBCTest.java
2003.09.08 12:25 B D:\Data\pages\teaching\proJavaSecurityCode\Chapter10\com\isnetworks\crypto\net\Makefile --> dcm.cl.uh.edu /yang/proJavaSecurityCode/Chapter10/com/isnetworks/crypto/net Makefile
2003.09.08 12:25 B D:\Data\pages\teaching\proJavaSecurityCode\Chapter10\com\isnetworks\crypto\net\runlocal.sh --> dcm.cl.uh.edu /yang/proJavaSecurityCode/Chapter10/com/isnetworks/crypto/net runlocal.sh
2003.09.08 12:25 B D:\Data\pages\teaching\proJavaSecurityCode\Chapter10\com\isnetworks\crypto\net\TunnelServer.class --> dcm.cl.uh.edu /yang/proJavaSecurityCode/Chapter10/com/isnetworks/crypto/net TunnelServer.class
2003.09.08 12:25 B D:\Data\pages\teaching\proJavaSecurityCode\Chapter10\com\isnetworks\crypto\net\TunnelServer.java --> dcm.cl.uh.edu /yang/proJavaSecurityCode/Chapter10/com/isnetworks/crypto/net TunnelServer.java
2003.09.08 12:25 B D:\Data\pages\teaching\proJavaSecurityCode\Chapter10\com\isnetworks\crypto\net\TunnelThread.class --> dcm.cl.uh.edu /yang/proJavaSecurityCode/Chapter10/com/isnetworks/crypto/net TunnelThread.class
2003.09.08 12:25 B D:\Data\pages\teaching\proJavaSecurityCode\Chapter10\com\isnetworks\crypto\net\TunnelThread.java --> dcm.cl.uh.edu /yang/proJavaSecurityCode/Chapter10/com/isnetworks/crypto/net TunnelThread.java
2003.09.08 12:25 B D:\Data\pages\teaching\proJavaSecurityCode\Chapter10\com\isnetworks\crypto\net\WS_FTP.LOG --> dcm.cl.uh.edu /yang/proJavaSecurityCode/Chapter10/com/isnetworks/crypto/net WS_FTP.LOG
2003.09.08 12:43 B D:\Data\pages\teaching\proJavaSecurityCode\Chapter10\com\isnetworks\crypto\net\JDBCTest.class --> nas.cl.uh.edu /yang/pages/teaching/proJavaSecurityCode/Chapter10/com/isnetworks/crypto/net JDBCTest.class
2003.09.08 12:43 B D:\Data\pages\teaching\proJavaSecurityCode\Chapter10\com\isnetworks\crypto\net\JDBCTest.java --> nas.cl.uh.edu /yang/pages/teaching/proJavaSecurityCode/Chapter10/com/isnetworks/crypto/net JDBCTest.java
2003.09.08 12:43 B D:\Data\pages\teaching\proJavaSecurityCode\Chapter10\com\isnetworks\crypto\net\Makefile --> nas.cl.uh.edu /yang/pages/teaching/proJavaSecurityCode/Chapter10/com/isnetworks/crypto/net Makefile
2003.09.08 12:43 B D:\Data\pages\teaching\proJavaSecurityCode\Chapter10\com\isnetworks\crypto\net\runlocal.sh --> nas.cl.uh.edu /yang/pages/teaching/proJavaSecurityCode/Chapter10/com/isnetworks/crypto/net runlocal.sh
2003.09.08 12:43 B D:\Data\pages\teaching\proJavaSecurityCode\Chapter10\com\isnetworks\crypto\net\TunnelServer.class --> nas.cl.uh.edu /yang/pages/teaching/proJavaSecurityCode/Chapter10/com/isnetworks/crypto/net TunnelServer.class
2003.09.08 12:43 B D:\Data\pages\teaching\proJavaSecurityCode\Chapter10\com\isnetworks\crypto\net\TunnelServer.java --> nas.cl.uh.edu /yang/pages/teaching/proJavaSecurityCode/Chapter10/com/isnetworks/crypto/net TunnelServer.java
2003.09.08 12:43 B D:\Data\pages\teaching\proJavaSecurityCode\Chapter10\com\isnetworks\crypto\net\TunnelThread.class --> nas.cl.uh.edu /yang/pages/teaching/proJavaSecurityCode/Chapter10/com/isnetworks/crypto/net TunnelThread.class
2003.09.08 12:43 B D:\Data\pages\teaching\proJavaSecurityCode\Chapter10\com\isnetworks\crypto\net\TunnelThread.java --> nas.cl.uh.edu /yang/pages/teaching/proJavaSecurityCode/Chapter10/com/isnetworks/crypto/net TunnelThread.java
2003.09.08 12:43 B D:\Data\pages\teaching\proJavaSecurityCode\Chapter10\com\isnetworks\crypto\net\WS_FTP.LOG --> nas.cl.uh.edu /yang/pages/teaching/proJavaSecurityCode/Chapter10/com/isnetworks/crypto/net WS_FTP.LOG
